<?xml version="1.0" encoding="UTF-8"?>
<testsuite xmlns:xsi="http://www.w3.org/2001/XMLSchema-instance" xsi:noNamespaceSchemaLocation="https://maven.apache.org/surefire/maven-surefire-plugin/xsd/surefire-test-report-3.0.xsd" version="3.0" name="com.example.biblioteca_ms_libros.repository.LibroRepositoryTest" time="2.018" tests="2" errors="0" skipped="0" failures="0">
  <properties>
    <property name="java.specification.version" value="23"/>
    <property name="sun.cpu.isalist" value="amd64"/>
    <property name="sun.jnu.encoding" value="Cp1252"/>
    <property name="java.class.path" value="C:\Users\gonzaloduranadasme\Documents\GitHub\FS3_Formativa\biblioteca-ms-libros\target\test-classes;C:\Users\gonzaloduranadasme\Documents\GitHub\FS3_Formativa\biblioteca-ms-libros\target\classes;C:\Users\gonzaloduranadasme\.m2\repository\org\springframework\boot\spring-boot-starter-data-jpa\3.3.4\spring-boot-starter-data-jpa-3.3.4.jar;C:\Users\gonzaloduranadasme\.m2\repository\org\springframework\boot\spring-boot-starter-aop\3.3.4\spring-boot-starter-aop-3.3.4.jar;C:\Users\gonzaloduranadasme\.m2\repository\org\springframework\spring-aop\6.1.13\spring-aop-6.1.13.jar;C:\Users\gonzaloduranadasme\.m2\repository\org\aspectj\aspectjweaver\1.9.22.1\aspectjweaver-1.9.22.1.jar;C:\Users\gonzaloduranadasme\.m2\repository\org\springframework\boot\spring-boot-starter-jdbc\3.3.4\spring-boot-starter-jdbc-3.3.4.jar;C:\Users\gonzaloduranadasme\.m2\repository\com\zaxxer\HikariCP\5.1.0\HikariCP-5.1.0.jar;C:\Users\gonzaloduranadasme\.m2\repository\org\springframework\spring-jdbc\6.1.13\spring-jdbc-6.1.13.jar;C:\Users\gonzaloduranadasme\.m2\repository\org\hibernate\orm\hibernate-core\6.5.3.Final\hibernate-core-6.5.3.Final.jar;C:\Users\gonzaloduranadasme\.m2\repository\jakarta\persistence\jakarta.persistence-api\3.1.0\jakarta.persistence-api-3.1.0.jar;C:\Users\gonzaloduranadasme\.m2\repository\jakarta\transaction\jakarta.transaction-api\2.0.1\jakarta.transaction-api-2.0.1.jar;C:\Users\gonzaloduranadasme\.m2\repository\org\jboss\logging\jboss-logging\3.5.3.Final\jboss-logging-3.5.3.Final.jar;C:\Users\gonzaloduranadasme\.m2\repository\org\hibernate\common\hibernate-commons-annotations\6.0.6.Final\hibernate-commons-annotations-6.0.6.Final.jar;C:\Users\gonzaloduranadasme\.m2\repository\io\smallrye\jandex\3.1.2\jandex-3.1.2.jar;C:\Users\gonzaloduranadasme\.m2\repository\com\fasterxml\classmate\1.7.0\classmate-1.7.0.jar;C:\Users\gonzaloduranadasme\.m2\repository\net\bytebuddy\byte-buddy\1.14.19\byte-buddy-1.14.19.jar;C:\Users\gonzaloduranadasme\.m2\repository\org\glassfish\jaxb\jaxb-runtime\4.0.5\jaxb-runtime-4.0.5.jar;C:\Users\gonzaloduranadasme\.m2\repository\org\glassfish\jaxb\jaxb-core\4.0.5\jaxb-core-4.0.5.jar;C:\Users\gonzaloduranadasme\.m2\repository\org\eclipse\angus\angus-activation\2.0.2\angus-activation-2.0.2.jar;C:\Users\gonzaloduranadasme\.m2\repository\org\glassfish\jaxb\txw2\4.0.5\txw2-4.0.5.jar;C:\Users\gonzaloduranadasme\.m2\repository\com\sun\istack\istack-commons-runtime\4.1.2\istack-commons-runtime-4.1.2.jar;C:\Users\gonzaloduranadasme\.m2\repository\jakarta\inject\jakarta.inject-api\2.0.1\jakarta.inject-api-2.0.1.jar;C:\Users\gonzaloduranadasme\.m2\repository\org\antlr\antlr4-runtime\4.13.0\antlr4-runtime-4.13.0.jar;C:\Users\gonzaloduranadasme\.m2\repository\org\springframework\data\spring-data-jpa\3.3.4\spring-data-jpa-3.3.4.jar;C:\Users\gonzaloduranadasme\.m2\repository\org\springframework\data\spring-data-commons\3.3.4\spring-data-commons-3.3.4.jar;C:\Users\gonzaloduranadasme\.m2\repository\org\springframework\spring-orm\6.1.13\spring-orm-6.1.13.jar;C:\Users\gonzaloduranadasme\.m2\repository\org\springframework\spring-context\6.1.13\spring-context-6.1.13.jar;C:\Users\gonzaloduranadasme\.m2\repository\org\springframework\spring-tx\6.1.13\spring-tx-6.1.13.jar;C:\Users\gonzaloduranadasme\.m2\repository\org\springframework\spring-beans\6.1.13\spring-beans-6.1.13.jar;C:\Users\gonzaloduranadasme\.m2\repository\jakarta\annotation\jakarta.annotation-api\2.1.1\jakarta.annotation-api-2.1.1.jar;C:\Users\gonzaloduranadasme\.m2\repository\org\slf4j\slf4j-api\2.0.16\slf4j-api-2.0.16.jar;C:\Users\gonzaloduranadasme\.m2\repository\org\springframework\spring-aspects\6.1.13\spring-aspects-6.1.13.jar;C:\Users\gonzaloduranadasme\.m2\repository\org\springframework\boot\spring-boot-starter-web\3.3.4\spring-boot-starter-web-3.3.4.jar;C:\Users\gonzaloduranadasme\.m2\repository\org\springframework\boot\spring-boot-starter\3.3.4\spring-boot-starter-3.3.4.jar;C:\Users\gonzaloduranadasme\.m2\repository\org\springframework\boot\spring-boot-starter-logging\3.3.4\spring-boot-starter-logging-3.3.4.jar;C:\Users\gonzaloduranadasme\.m2\repository\ch\qos\logback\logback-classic\1.5.8\logback-classic-1.5.8.jar;C:\Users\gonzaloduranadasme\.m2\repository\ch\qos\logback\logback-core\1.5.8\logback-core-1.5.8.jar;C:\Users\gonzaloduranadasme\.m2\repository\org\apache\logging\log4j\log4j-to-slf4j\2.23.1\log4j-to-slf4j-2.23.1.jar;C:\Users\gonzaloduranadasme\.m2\repository\org\apache\logging\log4j\log4j-api\2.23.1\log4j-api-2.23.1.jar;C:\Users\gonzaloduranadasme\.m2\repository\org\slf4j\jul-to-slf4j\2.0.16\jul-to-slf4j-2.0.16.jar;C:\Users\gonzaloduranadasme\.m2\repository\org\yaml\snakeyaml\2.2\snakeyaml-2.2.jar;C:\Users\gonzaloduranadasme\.m2\repository\org\springframework\boot\spring-boot-starter-json\3.3.4\spring-boot-starter-json-3.3.4.jar;C:\Users\gonzaloduranadasme\.m2\repository\com\fasterxml\jackson\core\jackson-databind\2.17.2\jackson-databind-2.17.2.jar;C:\Users\gonzaloduranadasme\.m2\repository\com\fasterxml\jackson\core\jackson-annotations\2.17.2\jackson-annotations-2.17.2.jar;C:\Users\gonzaloduranadasme\.m2\repository\com\fasterxml\jackson\core\jackson-core\2.17.2\jackson-core-2.17.2.jar;C:\Users\gonzaloduranadasme\.m2\repository\com\fasterxml\jackson\datatype\jackson-datatype-jdk8\2.17.2\jackson-datatype-jdk8-2.17.2.jar;C:\Users\gonzaloduranadasme\.m2\repository\com\fasterxml\jackson\datatype\jackson-datatype-jsr310\2.17.2\jackson-datatype-jsr310-2.17.2.jar;C:\Users\gonzaloduranadasme\.m2\repository\com\fasterxml\jackson\module\jackson-module-parameter-names\2.17.2\jackson-module-parameter-names-2.17.2.jar;C:\Users\gonzaloduranadasme\.m2\repository\org\springframework\boot\spring-boot-starter-tomcat\3.3.4\spring-boot-starter-tomcat-3.3.4.jar;C:\Users\gonzaloduranadasme\.m2\repository\org\apache\tomcat\embed\tomcat-embed-core\10.1.30\tomcat-embed-core-10.1.30.jar;C:\Users\gonzaloduranadasme\.m2\repository\org\apache\tomcat\embed\tomcat-embed-websocket\10.1.30\tomcat-embed-websocket-10.1.30.jar;C:\Users\gonzaloduranadasme\.m2\repository\org\springframework\spring-web\6.1.13\spring-web-6.1.13.jar;C:\Users\gonzaloduranadasme\.m2\repository\io\micrometer\micrometer-observation\1.13.4\micrometer-observation-1.13.4.jar;C:\Users\gonzaloduranadasme\.m2\repository\io\micrometer\micrometer-commons\1.13.4\micrometer-commons-1.13.4.jar;C:\Users\gonzaloduranadasme\.m2\repository\org\springframework\spring-webmvc\6.1.13\spring-webmvc-6.1.13.jar;C:\Users\gonzaloduranadasme\.m2\repository\org\springframework\spring-expression\6.1.13\spring-expression-6.1.13.jar;C:\Users\gonzaloduranadasme\.m2\repository\org\springframework\boot\spring-boot-devtools\3.3.4\spring-boot-devtools-3.3.4.jar;C:\Users\gonzaloduranadasme\.m2\repository\org\springframework\boot\spring-boot\3.3.4\spring-boot-3.3.4.jar;C:\Users\gonzaloduranadasme\.m2\repository\org\springframework\boot\spring-boot-autoconfigure\3.3.4\spring-boot-autoconfigure-3.3.4.jar;C:\Users\gonzaloduranadasme\.m2\repository\com\oracle\database\jdbc\ojdbc11\21.9.0.0\ojdbc11-21.9.0.0.jar;C:\Users\gonzaloduranadasme\.m2\repository\com\oracle\database\security\oraclepki\21.9.0.0\oraclepki-21.9.0.0.jar;C:\Users\gonzaloduranadasme\.m2\repository\com\oracle\database\security\osdt_cert\21.9.0.0\osdt_cert-21.9.0.0.jar;C:\Users\gonzaloduranadasme\.m2\repository\com\oracle\database\security\osdt_core\21.9.0.0\osdt_core-21.9.0.0.jar;C:\Users\gonzaloduranadasme\.m2\repository\org\projectlombok\lombok\1.18.34\lombok-1.18.34.jar;C:\Users\gonzaloduranadasme\.m2\repository\org\springframework\boot\spring-boot-starter-test\3.3.4\spring-boot-starter-test-3.3.4.jar;C:\Users\gonzaloduranadasme\.m2\repository\org\springframework\boot\spring-boot-test\3.3.4\spring-boot-test-3.3.4.jar;C:\Users\gonzaloduranadasme\.m2\repository\org\springframework\boot\spring-boot-test-autoconfigure\3.3.4\spring-boot-test-autoconfigure-3.3.4.jar;C:\Users\gonzaloduranadasme\.m2\repository\com\jayway\jsonpath\json-path\2.9.0\json-path-2.9.0.jar;C:\Users\gonzaloduranadasme\.m2\repository\jakarta\xml\bind\jakarta.xml.bind-api\4.0.2\jakarta.xml.bind-api-4.0.2.jar;C:\Users\gonzaloduranadasme\.m2\repository\jakarta\activation\jakarta.activation-api\2.1.3\jakarta.activation-api-2.1.3.jar;C:\Users\gonzaloduranadasme\.m2\repository\net\minidev\json-smart\2.5.1\json-smart-2.5.1.jar;C:\Users\gonzaloduranadasme\.m2\repository\net\minidev\accessors-smart\2.5.1\accessors-smart-2.5.1.jar;C:\Users\gonzaloduranadasme\.m2\repository\org\ow2\asm\asm\9.6\asm-9.6.jar;C:\Users\gonzaloduranadasme\.m2\repository\org\assertj\assertj-core\3.25.3\assertj-core-3.25.3.jar;C:\Users\gonzaloduranadasme\.m2\repository\org\awaitility\awaitility\4.2.2\awaitility-4.2.2.jar;C:\Users\gonzaloduranadasme\.m2\repository\org\hamcrest\hamcrest\2.2\hamcrest-2.2.jar;C:\Users\gonzaloduranadasme\.m2\repository\org\junit\jupiter\junit-jupiter\5.10.3\junit-jupiter-5.10.3.jar;C:\Users\gonzaloduranadasme\.m2\repository\org\junit\jupiter\junit-jupiter-api\5.10.3\junit-jupiter-api-5.10.3.jar;C:\Users\gonzaloduranadasme\.m2\repository\org\opentest4j\opentest4j\1.3.0\opentest4j-1.3.0.jar;C:\Users\gonzaloduranadasme\.m2\repository\org\junit\platform\junit-platform-commons\1.10.3\junit-platform-commons-1.10.3.jar;C:\Users\gonzaloduranadasme\.m2\repository\org\apiguardian\apiguardian-api\1.1.2\apiguardian-api-1.1.2.jar;C:\Users\gonzaloduranadasme\.m2\repository\org\junit\jupiter\junit-jupiter-params\5.10.3\junit-jupiter-params-5.10.3.jar;C:\Users\gonzaloduranadasme\.m2\repository\org\junit\jupiter\junit-jupiter-engine\5.10.3\junit-jupiter-engine-5.10.3.jar;C:\Users\gonzaloduranadasme\.m2\repository\org\junit\platform\junit-platform-engine\1.10.3\junit-platform-engine-1.10.3.jar;C:\Users\gonzaloduranadasme\.m2\repository\org\mockito\mockito-core\5.11.0\mockito-core-5.11.0.jar;C:\Users\gonzaloduranadasme\.m2\repository\net\bytebuddy\byte-buddy-agent\1.14.19\byte-buddy-agent-1.14.19.jar;C:\Users\gonzaloduranadasme\.m2\repository\org\objenesis\objenesis\3.3\objenesis-3.3.jar;C:\Users\gonzaloduranadasme\.m2\repository\org\mockito\mockito-junit-jupiter\5.11.0\mockito-junit-jupiter-5.11.0.jar;C:\Users\gonzaloduranadasme\.m2\repository\org\skyscreamer\jsonassert\1.5.3\jsonassert-1.5.3.jar;C:\Users\gonzaloduranadasme\.m2\repository\com\vaadin\external\google\android-json\0.0.20131108.vaadin1\android-json-0.0.20131108.vaadin1.jar;C:\Users\gonzaloduranadasme\.m2\repository\org\springframework\spring-core\6.1.13\spring-core-6.1.13.jar;C:\Users\gonzaloduranadasme\.m2\repository\org\springframework\spring-jcl\6.1.13\spring-jcl-6.1.13.jar;C:\Users\gonzaloduranadasme\.m2\repository\org\springframework\spring-test\6.1.13\spring-test-6.1.13.jar;C:\Users\gonzaloduranadasme\.m2\repository\org\xmlunit\xmlunit-core\2.9.1\xmlunit-core-2.9.1.jar;C:\Users\gonzaloduranadasme\.m2\repository\org\springframework\boot\spring-boot-starter-validation\3.3.4\spring-boot-starter-validation-3.3.4.jar;C:\Users\gonzaloduranadasme\.m2\repository\org\apache\tomcat\embed\tomcat-embed-el\10.1.30\tomcat-embed-el-10.1.30.jar;C:\Users\gonzaloduranadasme\.m2\repository\org\hibernate\validator\hibernate-validator\8.0.1.Final\hibernate-validator-8.0.1.Final.jar;C:\Users\gonzaloduranadasme\.m2\repository\jakarta\validation\jakarta.validation-api\3.0.2\jakarta.validation-api-3.0.2.jar;C:\Users\gonzaloduranadasme\.m2\repository\org\springframework\boot\spring-boot-starter-hateoas\3.3.4\spring-boot-starter-hateoas-3.3.4.jar;C:\Users\gonzaloduranadasme\.m2\repository\org\springframework\hateoas\spring-hateoas\2.3.3\spring-hateoas-2.3.3.jar;C:\Users\gonzaloduranadasme\.m2\repository\org\springframework\plugin\spring-plugin-core\3.0.0\spring-plugin-core-3.0.0.jar;"/>
    <property name="java.vm.vendor" value="Oracle Corporation"/>
    <property name="sun.arch.data.model" value="64"/>
    <property name="user.variant" value=""/>
    <property name="java.vendor.url" value="https://java.oracle.com/"/>
    <property name="user.timezone" value="America/Sao_Paulo"/>
    <property name="org.jboss.logging.provider" value="slf4j"/>
    <property name="os.name" value="Windows 11"/>
    <property name="java.vm.specification.version" value="23"/>
    <property name="sun.java.launcher" value="SUN_STANDARD"/>
    <property name="user.country" value="CL"/>
    <property name="sun.boot.library.path" value="C:\Program Files\Java\jdk-23\bin"/>
    <property name="sun.java.command" value="C:\Users\gonzaloduranadasme\AppData\Local\Temp\surefire138976378780121418\surefirebooter-20241019190924753_3.jar C:\Users\gonzaloduranadasme\AppData\Local\Temp\surefire138976378780121418 2024-10-19T19-09-24_537-jvmRun1 surefire-20241019190924753_1tmp surefire_0-20241019190924753_2tmp"/>
    <property name="jdk.debug" value="release"/>
    <property name="surefire.test.class.path" value="C:\Users\gonzaloduranadasme\Documents\GitHub\FS3_Formativa\biblioteca-ms-libros\target\test-classes;C:\Users\gonzaloduranadasme\Documents\GitHub\FS3_Formativa\biblioteca-ms-libros\target\classes;C:\Users\gonzaloduranadasme\.m2\repository\org\springframework\boot\spring-boot-starter-data-jpa\3.3.4\spring-boot-starter-data-jpa-3.3.4.jar;C:\Users\gonzaloduranadasme\.m2\repository\org\springframework\boot\spring-boot-starter-aop\3.3.4\spring-boot-starter-aop-3.3.4.jar;C:\Users\gonzaloduranadasme\.m2\repository\org\springframework\spring-aop\6.1.13\spring-aop-6.1.13.jar;C:\Users\gonzaloduranadasme\.m2\repository\org\aspectj\aspectjweaver\1.9.22.1\aspectjweaver-1.9.22.1.jar;C:\Users\gonzaloduranadasme\.m2\repository\org\springframework\boot\spring-boot-starter-jdbc\3.3.4\spring-boot-starter-jdbc-3.3.4.jar;C:\Users\gonzaloduranadasme\.m2\repository\com\zaxxer\HikariCP\5.1.0\HikariCP-5.1.0.jar;C:\Users\gonzaloduranadasme\.m2\repository\org\springframework\spring-jdbc\6.1.13\spring-jdbc-6.1.13.jar;C:\Users\gonzaloduranadasme\.m2\repository\org\hibernate\orm\hibernate-core\6.5.3.Final\hibernate-core-6.5.3.Final.jar;C:\Users\gonzaloduranadasme\.m2\repository\jakarta\persistence\jakarta.persistence-api\3.1.0\jakarta.persistence-api-3.1.0.jar;C:\Users\gonzaloduranadasme\.m2\repository\jakarta\transaction\jakarta.transaction-api\2.0.1\jakarta.transaction-api-2.0.1.jar;C:\Users\gonzaloduranadasme\.m2\repository\org\jboss\logging\jboss-logging\3.5.3.Final\jboss-logging-3.5.3.Final.jar;C:\Users\gonzaloduranadasme\.m2\repository\org\hibernate\common\hibernate-commons-annotations\6.0.6.Final\hibernate-commons-annotations-6.0.6.Final.jar;C:\Users\gonzaloduranadasme\.m2\repository\io\smallrye\jandex\3.1.2\jandex-3.1.2.jar;C:\Users\gonzaloduranadasme\.m2\repository\com\fasterxml\classmate\1.7.0\classmate-1.7.0.jar;C:\Users\gonzaloduranadasme\.m2\repository\net\bytebuddy\byte-buddy\1.14.19\byte-buddy-1.14.19.jar;C:\Users\gonzaloduranadasme\.m2\repository\org\glassfish\jaxb\jaxb-runtime\4.0.5\jaxb-runtime-4.0.5.jar;C:\Users\gonzaloduranadasme\.m2\repository\org\glassfish\jaxb\jaxb-core\4.0.5\jaxb-core-4.0.5.jar;C:\Users\gonzaloduranadasme\.m2\repository\org\eclipse\angus\angus-activation\2.0.2\angus-activation-2.0.2.jar;C:\Users\gonzaloduranadasme\.m2\repository\org\glassfish\jaxb\txw2\4.0.5\txw2-4.0.5.jar;C:\Users\gonzaloduranadasme\.m2\repository\com\sun\istack\istack-commons-runtime\4.1.2\istack-commons-runtime-4.1.2.jar;C:\Users\gonzaloduranadasme\.m2\repository\jakarta\inject\jakarta.inject-api\2.0.1\jakarta.inject-api-2.0.1.jar;C:\Users\gonzaloduranadasme\.m2\repository\org\antlr\antlr4-runtime\4.13.0\antlr4-runtime-4.13.0.jar;C:\Users\gonzaloduranadasme\.m2\repository\org\springframework\data\spring-data-jpa\3.3.4\spring-data-jpa-3.3.4.jar;C:\Users\gonzaloduranadasme\.m2\repository\org\springframework\data\spring-data-commons\3.3.4\spring-data-commons-3.3.4.jar;C:\Users\gonzaloduranadasme\.m2\repository\org\springframework\spring-orm\6.1.13\spring-orm-6.1.13.jar;C:\Users\gonzaloduranadasme\.m2\repository\org\springframework\spring-context\6.1.13\spring-context-6.1.13.jar;C:\Users\gonzaloduranadasme\.m2\repository\org\springframework\spring-tx\6.1.13\spring-tx-6.1.13.jar;C:\Users\gonzaloduranadasme\.m2\repository\org\springframework\spring-beans\6.1.13\spring-beans-6.1.13.jar;C:\Users\gonzaloduranadasme\.m2\repository\jakarta\annotation\jakarta.annotation-api\2.1.1\jakarta.annotation-api-2.1.1.jar;C:\Users\gonzaloduranadasme\.m2\repository\org\slf4j\slf4j-api\2.0.16\slf4j-api-2.0.16.jar;C:\Users\gonzaloduranadasme\.m2\repository\org\springframework\spring-aspects\6.1.13\spring-aspects-6.1.13.jar;C:\Users\gonzaloduranadasme\.m2\repository\org\springframework\boot\spring-boot-starter-web\3.3.4\spring-boot-starter-web-3.3.4.jar;C:\Users\gonzaloduranadasme\.m2\repository\org\springframework\boot\spring-boot-starter\3.3.4\spring-boot-starter-3.3.4.jar;C:\Users\gonzaloduranadasme\.m2\repository\org\springframework\boot\spring-boot-starter-logging\3.3.4\spring-boot-starter-logging-3.3.4.jar;C:\Users\gonzaloduranadasme\.m2\repository\ch\qos\logback\logback-classic\1.5.8\logback-classic-1.5.8.jar;C:\Users\gonzaloduranadasme\.m2\repository\ch\qos\logback\logback-core\1.5.8\logback-core-1.5.8.jar;C:\Users\gonzaloduranadasme\.m2\repository\org\apache\logging\log4j\log4j-to-slf4j\2.23.1\log4j-to-slf4j-2.23.1.jar;C:\Users\gonzaloduranadasme\.m2\repository\org\apache\logging\log4j\log4j-api\2.23.1\log4j-api-2.23.1.jar;C:\Users\gonzaloduranadasme\.m2\repository\org\slf4j\jul-to-slf4j\2.0.16\jul-to-slf4j-2.0.16.jar;C:\Users\gonzaloduranadasme\.m2\repository\org\yaml\snakeyaml\2.2\snakeyaml-2.2.jar;C:\Users\gonzaloduranadasme\.m2\repository\org\springframework\boot\spring-boot-starter-json\3.3.4\spring-boot-starter-json-3.3.4.jar;C:\Users\gonzaloduranadasme\.m2\repository\com\fasterxml\jackson\core\jackson-databind\2.17.2\jackson-databind-2.17.2.jar;C:\Users\gonzaloduranadasme\.m2\repository\com\fasterxml\jackson\core\jackson-annotations\2.17.2\jackson-annotations-2.17.2.jar;C:\Users\gonzaloduranadasme\.m2\repository\com\fasterxml\jackson\core\jackson-core\2.17.2\jackson-core-2.17.2.jar;C:\Users\gonzaloduranadasme\.m2\repository\com\fasterxml\jackson\datatype\jackson-datatype-jdk8\2.17.2\jackson-datatype-jdk8-2.17.2.jar;C:\Users\gonzaloduranadasme\.m2\repository\com\fasterxml\jackson\datatype\jackson-datatype-jsr310\2.17.2\jackson-datatype-jsr310-2.17.2.jar;C:\Users\gonzaloduranadasme\.m2\repository\com\fasterxml\jackson\module\jackson-module-parameter-names\2.17.2\jackson-module-parameter-names-2.17.2.jar;C:\Users\gonzaloduranadasme\.m2\repository\org\springframework\boot\spring-boot-starter-tomcat\3.3.4\spring-boot-starter-tomcat-3.3.4.jar;C:\Users\gonzaloduranadasme\.m2\repository\org\apache\tomcat\embed\tomcat-embed-core\10.1.30\tomcat-embed-core-10.1.30.jar;C:\Users\gonzaloduranadasme\.m2\repository\org\apache\tomcat\embed\tomcat-embed-websocket\10.1.30\tomcat-embed-websocket-10.1.30.jar;C:\Users\gonzaloduranadasme\.m2\repository\org\springframework\spring-web\6.1.13\spring-web-6.1.13.jar;C:\Users\gonzaloduranadasme\.m2\repository\io\micrometer\micrometer-observation\1.13.4\micrometer-observation-1.13.4.jar;C:\Users\gonzaloduranadasme\.m2\repository\io\micrometer\micrometer-commons\1.13.4\micrometer-commons-1.13.4.jar;C:\Users\gonzaloduranadasme\.m2\repository\org\springframework\spring-webmvc\6.1.13\spring-webmvc-6.1.13.jar;C:\Users\gonzaloduranadasme\.m2\repository\org\springframework\spring-expression\6.1.13\spring-expression-6.1.13.jar;C:\Users\gonzaloduranadasme\.m2\repository\org\springframework\boot\spring-boot-devtools\3.3.4\spring-boot-devtools-3.3.4.jar;C:\Users\gonzaloduranadasme\.m2\repository\org\springframework\boot\spring-boot\3.3.4\spring-boot-3.3.4.jar;C:\Users\gonzaloduranadasme\.m2\repository\org\springframework\boot\spring-boot-autoconfigure\3.3.4\spring-boot-autoconfigure-3.3.4.jar;C:\Users\gonzaloduranadasme\.m2\repository\com\oracle\database\jdbc\ojdbc11\21.9.0.0\ojdbc11-21.9.0.0.jar;C:\Users\gonzaloduranadasme\.m2\repository\com\oracle\database\security\oraclepki\21.9.0.0\oraclepki-21.9.0.0.jar;C:\Users\gonzaloduranadasme\.m2\repository\com\oracle\database\security\osdt_cert\21.9.0.0\osdt_cert-21.9.0.0.jar;C:\Users\gonzaloduranadasme\.m2\repository\com\oracle\database\security\osdt_core\21.9.0.0\osdt_core-21.9.0.0.jar;C:\Users\gonzaloduranadasme\.m2\repository\org\projectlombok\lombok\1.18.34\lombok-1.18.34.jar;C:\Users\gonzaloduranadasme\.m2\repository\org\springframework\boot\spring-boot-starter-test\3.3.4\spring-boot-starter-test-3.3.4.jar;C:\Users\gonzaloduranadasme\.m2\repository\org\springframework\boot\spring-boot-test\3.3.4\spring-boot-test-3.3.4.jar;C:\Users\gonzaloduranadasme\.m2\repository\org\springframework\boot\spring-boot-test-autoconfigure\3.3.4\spring-boot-test-autoconfigure-3.3.4.jar;C:\Users\gonzaloduranadasme\.m2\repository\com\jayway\jsonpath\json-path\2.9.0\json-path-2.9.0.jar;C:\Users\gonzaloduranadasme\.m2\repository\jakarta\xml\bind\jakarta.xml.bind-api\4.0.2\jakarta.xml.bind-api-4.0.2.jar;C:\Users\gonzaloduranadasme\.m2\repository\jakarta\activation\jakarta.activation-api\2.1.3\jakarta.activation-api-2.1.3.jar;C:\Users\gonzaloduranadasme\.m2\repository\net\minidev\json-smart\2.5.1\json-smart-2.5.1.jar;C:\Users\gonzaloduranadasme\.m2\repository\net\minidev\accessors-smart\2.5.1\accessors-smart-2.5.1.jar;C:\Users\gonzaloduranadasme\.m2\repository\org\ow2\asm\asm\9.6\asm-9.6.jar;C:\Users\gonzaloduranadasme\.m2\repository\org\assertj\assertj-core\3.25.3\assertj-core-3.25.3.jar;C:\Users\gonzaloduranadasme\.m2\repository\org\awaitility\awaitility\4.2.2\awaitility-4.2.2.jar;C:\Users\gonzaloduranadasme\.m2\repository\org\hamcrest\hamcrest\2.2\hamcrest-2.2.jar;C:\Users\gonzaloduranadasme\.m2\repository\org\junit\jupiter\junit-jupiter\5.10.3\junit-jupiter-5.10.3.jar;C:\Users\gonzaloduranadasme\.m2\repository\org\junit\jupiter\junit-jupiter-api\5.10.3\junit-jupiter-api-5.10.3.jar;C:\Users\gonzaloduranadasme\.m2\repository\org\opentest4j\opentest4j\1.3.0\opentest4j-1.3.0.jar;C:\Users\gonzaloduranadasme\.m2\repository\org\junit\platform\junit-platform-commons\1.10.3\junit-platform-commons-1.10.3.jar;C:\Users\gonzaloduranadasme\.m2\repository\org\apiguardian\apiguardian-api\1.1.2\apiguardian-api-1.1.2.jar;C:\Users\gonzaloduranadasme\.m2\repository\org\junit\jupiter\junit-jupiter-params\5.10.3\junit-jupiter-params-5.10.3.jar;C:\Users\gonzaloduranadasme\.m2\repository\org\junit\jupiter\junit-jupiter-engine\5.10.3\junit-jupiter-engine-5.10.3.jar;C:\Users\gonzaloduranadasme\.m2\repository\org\junit\platform\junit-platform-engine\1.10.3\junit-platform-engine-1.10.3.jar;C:\Users\gonzaloduranadasme\.m2\repository\org\mockito\mockito-core\5.11.0\mockito-core-5.11.0.jar;C:\Users\gonzaloduranadasme\.m2\repository\net\bytebuddy\byte-buddy-agent\1.14.19\byte-buddy-agent-1.14.19.jar;C:\Users\gonzaloduranadasme\.m2\repository\org\objenesis\objenesis\3.3\objenesis-3.3.jar;C:\Users\gonzaloduranadasme\.m2\repository\org\mockito\mockito-junit-jupiter\5.11.0\mockito-junit-jupiter-5.11.0.jar;C:\Users\gonzaloduranadasme\.m2\repository\org\skyscreamer\jsonassert\1.5.3\jsonassert-1.5.3.jar;C:\Users\gonzaloduranadasme\.m2\repository\com\vaadin\external\google\android-json\0.0.20131108.vaadin1\android-json-0.0.20131108.vaadin1.jar;C:\Users\gonzaloduranadasme\.m2\repository\org\springframework\spring-core\6.1.13\spring-core-6.1.13.jar;C:\Users\gonzaloduranadasme\.m2\repository\org\springframework\spring-jcl\6.1.13\spring-jcl-6.1.13.jar;C:\Users\gonzaloduranadasme\.m2\repository\org\springframework\spring-test\6.1.13\spring-test-6.1.13.jar;C:\Users\gonzaloduranadasme\.m2\repository\org\xmlunit\xmlunit-core\2.9.1\xmlunit-core-2.9.1.jar;C:\Users\gonzaloduranadasme\.m2\repository\org\springframework\boot\spring-boot-starter-validation\3.3.4\spring-boot-starter-validation-3.3.4.jar;C:\Users\gonzaloduranadasme\.m2\repository\org\apache\tomcat\embed\tomcat-embed-el\10.1.30\tomcat-embed-el-10.1.30.jar;C:\Users\gonzaloduranadasme\.m2\repository\org\hibernate\validator\hibernate-validator\8.0.1.Final\hibernate-validator-8.0.1.Final.jar;C:\Users\gonzaloduranadasme\.m2\repository\jakarta\validation\jakarta.validation-api\3.0.2\jakarta.validation-api-3.0.2.jar;C:\Users\gonzaloduranadasme\.m2\repository\org\springframework\boot\spring-boot-starter-hateoas\3.3.4\spring-boot-starter-hateoas-3.3.4.jar;C:\Users\gonzaloduranadasme\.m2\repository\org\springframework\hateoas\spring-hateoas\2.3.3\spring-hateoas-2.3.3.jar;C:\Users\gonzaloduranadasme\.m2\repository\org\springframework\plugin\spring-plugin-core\3.0.0\spring-plugin-core-3.0.0.jar;"/>
    <property name="sun.cpu.endian" value="little"/>
    <property name="user.home" value="C:\Users\gonzaloduranadasme"/>
    <property name="user.language" value="es"/>
    <property name="java.specification.vendor" value="Oracle Corporation"/>
    <property name="java.version.date" value="2024-10-15"/>
    <property name="java.home" value="C:\Program Files\Java\jdk-23"/>
    <property name="file.separator" value="\"/>
    <property name="basedir" value="C:\Users\gonzaloduranadasme\Documents\GitHub\FS3_Formativa\biblioteca-ms-libros"/>
    <property name="java.vm.compressedOopsMode" value="Zero based"/>
    <property name="line.separator" value="&#10;"/>
    <property name="java.vm.specification.vendor" value="Oracle Corporation"/>
    <property name="java.specification.name" value="Java Platform API Specification"/>
    <property name="FILE_LOG_CHARSET" value="UTF-8"/>
    <property name="java.awt.headless" value="true"/>
    <property name="surefire.real.class.path" value="C:\Users\gonzaloduranadasme\AppData\Local\Temp\surefire138976378780121418\surefirebooter-20241019190924753_3.jar"/>
    <property name="user.script" value=""/>
    <property name="sun.management.compiler" value="HotSpot 64-Bit Tiered Compilers"/>
    <property name="java.runtime.version" value="23.0.1+11-39"/>
    <property name="user.name" value="gonzaloduranadasme"/>
    <property name="stdout.encoding" value="Cp1252"/>
    <property name="path.separator" value=";"/>
    <property name="os.version" value="10.0"/>
    <property name="java.runtime.name" value="Java(TM) SE Runtime Environment"/>
    <property name="file.encoding" value="UTF-8"/>
    <property name="java.vm.name" value="Java HotSpot(TM) 64-Bit Server VM"/>
    <property name="localRepository" value="C:\Users\gonzaloduranadasme\.m2\repository"/>
    <property name="java.vendor.url.bug" value="https://bugreport.java.com/bugreport/"/>
    <property name="java.io.tmpdir" value="C:\Users\GONZAL~1\AppData\Local\Temp\"/>
    <property name="com.zaxxer.hikari.pool_number" value="2"/>
    <property name="java.version" value="23.0.1"/>
    <property name="user.dir" value="C:\Users\gonzaloduranadasme\Documents\GitHub\FS3_Formativa\biblioteca-ms-libros"/>
    <property name="os.arch" value="amd64"/>
    <property name="java.vm.specification.name" value="Java Virtual Machine Specification"/>
    <property name="PID" value="18288"/>
    <property name="sun.os.patch.level" value=""/>
    <property name="CONSOLE_LOG_CHARSET" value="UTF-8"/>
    <property name="native.encoding" value="Cp1252"/>
    <property name="java.library.path" value="C:\Program Files\Java\jdk-23\bin;C:\Windows\Sun\Java\bin;C:\Windows\system32;C:\Windows;C:\Program Files\Parallels\Parallels Tools\Applications;C:\Program Files\Microsoft SDKs\Azure\CLI2\wbin;C:\Python312\Scripts\;C:\Python312\;C:\Oracle\Product\OraDB19c\bin;C:\Program Files\Common Files\Oracle\Java\javapath;C:\Windows\system32;C:\Windows;C:\Windows\System32\Wbem;C:\Windows\System32\WindowsPowerShell\v1.0\;C:\Windows\System32\OpenSSH\;C:\Program Files\WinMerge;C:\Program Files\PuTTY\;C:\ProgramData\chocolatey\bin;C:\Program Files\Git\cmd;%NVM_HOME%;%NVM_SYMLINK%;C:\Users\gonzaloduranadasme\AppData\Local\Microsoft\WindowsApps;C:\Users\gonzaloduranadasme\AppData\Local\Programs\Microsoft VS Code\bin;C:\Users\gonzaloduranadasme\AppData\Local\GitHubDesktop\bin;C:\apache-maven-3.9.9\bin;C:\Users\gonzaloduranadasme\AppData\Roaming\npm;C:\Users\gonzaloduranadasme\AppData\Local\Google\Cloud SDK\google-cloud-sdk\bin;C:\Users\gonzaloduranadasme\AppData\Roaming\nvm;C:\Program Files\nodejs;."/>
    <property name="java.vm.info" value="mixed mode, sharing"/>
    <property name="stderr.encoding" value="Cp1252"/>
    <property name="java.vendor" value="Oracle Corporation"/>
    <property name="java.vm.version" value="23.0.1+11-39"/>
    <property name="sun.io.unicode.encoding" value="UnicodeLittle"/>
    <property name="java.class.version" value="67.0"/>
    <property name="LOGGED_APPLICATION_NAME" value="[biblioteca-ms-libros] "/>
  </properties>
  <testcase name="obtenerLibroPorIdTest" classname="com.example.biblioteca_ms_libros.repository.LibroRepositoryTest" time="0.214">
    <system-out><![CDATA[2024-10-19T19:09:42.894-03:00 DEBUG 18288 --- [biblioteca-ms-libros] [           main] b.t.a.o.j.DataJpaTestContextBootstrapper : Neither @ContextConfiguration nor @ContextHierarchy found for test class [LibroRepositoryTest]: using SpringBootContextLoader
2024-10-19T19:09:42.894-03:00 DEBUG 18288 --- [biblioteca-ms-libros] [           main] o.s.t.c.support.AbstractContextLoader    : Could not detect default resource locations for test class [com.example.biblioteca_ms_libros.repository.LibroRepositoryTest]: no resource found for suffixes {-context.xml, Context.groovy}.
2024-10-19T19:09:42.894-03:00  INFO 18288 --- [biblioteca-ms-libros] [           main] t.c.s.AnnotationConfigContextLoaderUtils : Could not detect default configuration classes for test class [com.example.biblioteca_ms_libros.repository.LibroRepositoryTest]: LibroRepositoryTest does not declare any static, non-private, non-final, nested classes annotated with @Configuration.
2024-10-19T19:09:42.902-03:00 DEBUG 18288 --- [biblioteca-ms-libros] [           main] b.t.a.o.j.DataJpaTestContextBootstrapper : Using ContextCustomizerFactory implementations for test class [LibroRepositoryTest]: [ImportsContextCustomizerFactory, ExcludeFilterContextCustomizerFactory, HttpGraphQlTesterContextCustomizerFactory, DuplicateJsonObjectContextCustomizerFactory, MockitoContextCustomizerFactory, TestRestTemplateContextCustomizerFactory, WebTestClientContextCustomizerFactory, DisableReactorResourceFactoryGlobalResourcesContextCustomizerFactory, OverrideAutoConfigurationContextCustomizerFactory, ObservabilityContextCustomizerFactory, TypeExcludeFiltersContextCustomizerFactory, PropertyMappingContextCustomizerFactory, WebDriverContextCustomizerFactory, MockServerContainerContextCustomizerFactory, DynamicPropertiesContextCustomizerFactory]
2024-10-19T19:09:42.975-03:00 DEBUG 18288 --- [biblioteca-ms-libros] [           main] b.t.a.o.j.DataJpaTestContextBootstrapper : Using ContextCustomizers for test class [LibroRepositoryTest]: [ImportsContextCustomizer, ExcludeFilterContextCustomizer, DuplicateJsonObjectContextCustomizer, MockitoContextCustomizer, DisableReactorResourceFactoryGlobalResourcesContextCustomizerCustomizer, DisableAutoConfigurationContextCustomizer, DisableObservabilityContextCustomizer, TypeExcludeFiltersContextCustomizer, PropertyMappingContextCustomizer, WebDriverContextCustomizer]
2024-10-19T19:09:42.992-03:00 DEBUG 18288 --- [biblioteca-ms-libros] [           main] ssPathScanningCandidateComponentProvider : Identified candidate component class: file [C:\Users\gonzaloduranadasme\Documents\GitHub\FS3_Formativa\biblioteca-ms-libros\target\classes\com\example\biblioteca_ms_libros\BibliotecaMsLibrosApplication.class]
2024-10-19T19:09:42.992-03:00  INFO 18288 --- [biblioteca-ms-libros] [           main] .b.t.c.SpringBootTestContextBootstrapper : Found @SpringBootConfiguration com.example.biblioteca_ms_libros.BibliotecaMsLibrosApplication for test class com.example.biblioteca_ms_libros.repository.LibroRepositoryTest
2024-10-19T19:09:42.992-03:00 DEBUG 18288 --- [biblioteca-ms-libros] [           main] .s.t.c.u.TestContextSpringFactoriesUtils : Skipping candidate TestExecutionListener [org.springframework.test.context.observation.MicrometerObservationRegistryTestExecutionListener] due to a missing dependency. Specify custom TestExecutionListener classes or make the default TestExecutionListener classes and their required dependencies available. Offending class: io.micrometer.context.ThreadLocalAccessor. MicrometerObservationRegistryTestExecutionListener requires io.micrometer:micrometer-observation:1.10.8 or higher and io.micrometer:context-propagation:1.0.3 or higher.
2024-10-19T19:09:42.992-03:00 DEBUG 18288 --- [biblioteca-ms-libros] [           main] b.t.a.o.j.DataJpaTestContextBootstrapper : Using TestExecutionListeners for test class [LibroRepositoryTest]: [ServletTestExecutionListener, DirtiesContextBeforeModesTestExecutionListener, ApplicationEventsTestExecutionListener, MockitoTestExecutionListener, DependencyInjectionTestExecutionListener, DirtiesContextTestExecutionListener, TransactionalTestExecutionListener, SqlScriptsTestExecutionListener, EventPublishingTestExecutionListener, ResetMocksTestExecutionListener, RestDocsTestExecutionListener, MockRestServiceServerResetTestExecutionListener, MockMvcPrintOnlyOnFailureTestExecutionListener, WebDriverTestExecutionListener, MockWebServiceServerTestExecutionListener]
2024-10-19T19:09:43.000-03:00 DEBUG 18288 --- [biblioteca-ms-libros] [           main] sContextBeforeModesTestExecutionListener : Before test class: class [LibroRepositoryTest], class annotated with @DirtiesContext [false] with mode [null]
2024-10-19T19:09:43.002-03:00 DEBUG 18288 --- [biblioteca-ms-libros] [           main] DependencyInjectionTestExecutionListener : Performing dependency injection for test class com.example.biblioteca_ms_libros.repository.LibroRepositoryTest
2024-10-19T19:09:43.009-03:00  INFO 18288 --- [biblioteca-ms-libros] [           main] o.s.b.d.r.RestartApplicationListener     : Restart disabled due to context in which it is running
2024-10-19T19:09:43.046-03:00 DEBUG 18288 --- [biblioteca-ms-libros] [           main] o.s.boot.ApplicationEnvironment          : Activating profiles []
2024-10-19T19:09:43.055-03:00 DEBUG 18288 --- [biblioteca-ms-libros] [           main] o.s.c.e.PropertySourcesPropertyResolver  : Found key 'spring.application.name' in PropertySource 'configurationProperties' with value of type String

  .   ____          _            __ _ _
 /\\ / ___'_ __ _ _(_)_ __  __ _ \ \ \ \
( ( )\___ | '_ | '_| | '_ \/ _` | \ \ \ \
 \\/  ___)| |_)| | | | | || (_| |  ) ) ) )
  '  |____| .__|_| |_|_| |_\__, | / / / /
 =========|_|==============|___/=/_/_/_/

 :: Spring Boot ::                (v3.3.4)

2024-10-19T19:09:43.073-03:00  INFO 18288 --- [biblioteca-ms-libros] [           main] c.e.b.repository.LibroRepositoryTest     : Starting LibroRepositoryTest using Java 23.0.1 with PID 18288 (started by gonzaloduranadasme in C:\Users\gonzaloduranadasme\Documents\GitHub\FS3_Formativa\biblioteca-ms-libros)
2024-10-19T19:09:43.073-03:00  INFO 18288 --- [biblioteca-ms-libros] [           main] c.e.b.repository.LibroRepositoryTest     : No active profile set, falling back to 1 default profile: "default"
2024-10-19T19:09:43.073-03:00 DEBUG 18288 --- [biblioteca-ms-libros] [           main] o.s.boot.SpringApplication               : Loading source class com.example.biblioteca_ms_libros.BibliotecaMsLibrosApplication
2024-10-19T19:09:43.081-03:00 DEBUG 18288 --- [biblioteca-ms-libros] [           main] s.c.a.AnnotationConfigApplicationContext : Refreshing org.springframework.context.annotation.AnnotationConfigApplicationContext@7aafac17
2024-10-19T19:09:43.081-03:00 DEBUG 18288 --- [biblioteca-ms-libros] [           main] o.s.b.f.s.DefaultListableBeanFactory     : Creating shared instance of singleton bean 'org.springframework.context.annotation.internalConfigurationAnnotationProcessor'
2024-10-19T19:09:43.081-03:00 DEBUG 18288 --- [biblioteca-ms-libros] [           main] o.s.b.f.s.DefaultListableBeanFactory     : Creating shared instance of singleton bean 'org.springframework.boot.autoconfigure.internalCachingMetadataReaderFactory'
2024-10-19T19:09:43.234-03:00  INFO 18288 --- [biblioteca-ms-libros] [           main] .s.d.r.c.RepositoryConfigurationDelegate : Bootstrapping Spring Data JPA repositories in DEFAULT mode.
2024-10-19T19:09:43.234-03:00 DEBUG 18288 --- [biblioteca-ms-libros] [           main] o.s.b.f.s.DefaultListableBeanFactory     : Creating shared instance of singleton bean 'org.springframework.boot.autoconfigure.AutoConfigurationPackages'
2024-10-19T19:09:43.242-03:00 DEBUG 18288 --- [biblioteca-ms-libros] [           main] o.s.b.a.AutoConfigurationPackages        : @EnableAutoConfiguration was declared on a class in the package 'com.example.biblioteca_ms_libros'. Automatic @Repository and @Entity scanning is enabled.
2024-10-19T19:09:43.242-03:00 DEBUG 18288 --- [biblioteca-ms-libros] [           main] .s.d.r.c.RepositoryConfigurationDelegate : Scanning for JPA repositories in packages com.example.biblioteca_ms_libros.
2024-10-19T19:09:43.242-03:00 DEBUG 18288 --- [biblioteca-ms-libros] [           main] o.s.d.r.c.RepositoryComponentProvider    : Identified candidate component class: file [C:\Users\gonzaloduranadasme\Documents\GitHub\FS3_Formativa\biblioteca-ms-libros\target\classes\com\example\biblioteca_ms_libros\repository\LibroRepository.class]
2024-10-19T19:09:43.254-03:00 DEBUG 18288 --- [biblioteca-ms-libros] [           main] ssPathScanningCandidateComponentProvider : Identified candidate component class: file [C:\Users\gonzaloduranadasme\Documents\GitHub\FS3_Formativa\biblioteca-ms-libros\target\classes\com\example\biblioteca_ms_libros\service\LibroServiceImpl.class]
2024-10-19T19:09:43.262-03:00  INFO 18288 --- [biblioteca-ms-libros] [           main] .s.d.r.c.RepositoryConfigurationDelegate : Finished Spring Data repository scanning in 23 ms. Found 1 JPA repository interface.
2024-10-19T19:09:43.286-03:00 DEBUG 18288 --- [biblioteca-ms-libros] [           main] o.s.b.f.s.DefaultListableBeanFactory     : Creating shared instance of singleton bean 'org.springframework.boot.test.context.ImportsContextCustomizer$ImportsCleanupPostProcessor'
2024-10-19T19:09:43.286-03:00 DEBUG 18288 --- [biblioteca-ms-libros] [           main] o.s.b.f.s.DefaultListableBeanFactory     : Creating shared instance of singleton bean 'org.springframework.boot.test.mock.mockito.MockitoPostProcessor'
2024-10-19T19:09:43.294-03:00 DEBUG 18288 --- [biblioteca-ms-libros] [           main] o.s.b.f.s.DefaultListableBeanFactory     : Creating shared instance of singleton bean 'emBeanDefinitionRegistrarPostProcessor'
2024-10-19T19:09:43.294-03:00 DEBUG 18288 --- [biblioteca-ms-libros] [           main] o.s.b.f.s.DefaultListableBeanFactory     : Creating shared instance of singleton bean 'org.springframework.boot.sql.init.dependency.DatabaseInitializationDependencyConfigurer$DependsOnDatabaseInitializationPostProcessor'
2024-10-19T19:09:43.294-03:00 DEBUG 18288 --- [biblioteca-ms-libros] [           main] o.s.b.f.s.DefaultListableBeanFactory     : Creating shared instance of singleton bean 'org.springframework.context.event.internalEventListenerProcessor'
2024-10-19T19:09:43.294-03:00 DEBUG 18288 --- [biblioteca-ms-libros] [           main] o.s.b.f.s.DefaultListableBeanFactory     : Creating shared instance of singleton bean 'org.springframework.context.event.internalEventListenerFactory'
2024-10-19T19:09:43.294-03:00 DEBUG 18288 --- [biblioteca-ms-libros] [           main] o.s.b.f.s.DefaultListableBeanFactory     : Creating shared instance of singleton bean 'org.springframework.transaction.config.internalTransactionalEventListenerFactory'
2024-10-19T19:09:43.303-03:00 DEBUG 18288 --- [biblioteca-ms-libros] [           main] o.s.b.f.s.DefaultListableBeanFactory     : Creating shared instance of singleton bean 'org.springframework.context.annotation.internalAutowiredAnnotationProcessor'
2024-10-19T19:09:43.303-03:00 DEBUG 18288 --- [biblioteca-ms-libros] [           main] o.s.b.f.s.DefaultListableBeanFactory     : Creating shared instance of singleton bean 'org.springframework.context.annotation.internalCommonAnnotationProcessor'
2024-10-19T19:09:43.303-03:00 DEBUG 18288 --- [biblioteca-ms-libros] [           main] o.s.b.f.s.DefaultListableBeanFactory     : Creating shared instance of singleton bean 'org.springframework.context.annotation.internalPersistenceAnnotationProcessor'
2024-10-19T19:09:43.303-03:00 DEBUG 18288 --- [biblioteca-ms-libros] [           main] o.s.b.f.s.DefaultListableBeanFactory     : Creating shared instance of singleton bean 'org.springframework.boot.test.mock.mockito.MockitoPostProcessor$SpyPostProcessor'
2024-10-19T19:09:43.303-03:00 DEBUG 18288 --- [biblioteca-ms-libros] [           main] o.s.b.f.s.DefaultListableBeanFactory     : Creating shared instance of singleton bean 'jdbcConnectionDetailsHikariBeanPostProcessor'
2024-10-19T19:09:43.303-03:00 DEBUG 18288 --- [biblioteca-ms-libros] [           main] o.s.b.f.s.DefaultListableBeanFactory     : Creating shared instance of singleton bean 'org.springframework.boot.context.properties.ConfigurationPropertiesBindingPostProcessor'
2024-10-19T19:09:43.303-03:00 DEBUG 18288 --- [biblioteca-ms-libros] [           main] o.s.b.f.s.DefaultListableBeanFactory     : Creating shared instance of singleton bean 'org.springframework.boot.context.internalConfigurationPropertiesBinder'
2024-10-19T19:09:43.303-03:00 DEBUG 18288 --- [biblioteca-ms-libros] [           main] o.s.b.f.s.DefaultListableBeanFactory     : Creating shared instance of singleton bean 'org.springframework.aop.config.internalAutoProxyCreator'
2024-10-19T19:09:43.318-03:00 DEBUG 18288 --- [biblioteca-ms-libros] [           main] o.s.b.f.s.DefaultListableBeanFactory     : Creating shared instance of singleton bean 'dataSourceScriptDatabaseInitializer'
2024-10-19T19:09:43.318-03:00 DEBUG 18288 --- [biblioteca-ms-libros] [           main] o.s.b.f.s.DefaultListableBeanFactory     : Creating shared instance of singleton bean 'org.springframework.boot.autoconfigure.sql.init.DataSourceInitializationConfiguration'
2024-10-19T19:09:43.318-03:00 DEBUG 18288 --- [biblioteca-ms-libros] [           main] o.s.b.f.s.DefaultListableBeanFactory     : Creating shared instance of singleton bean 'org.springframework.transaction.config.internalTransactionAdvisor'
2024-10-19T19:09:43.318-03:00 DEBUG 18288 --- [biblioteca-ms-libros] [           main] o.s.b.f.s.DefaultListableBeanFactory     : Creating shared instance of singleton bean 'org.springframework.transaction.annotation.ProxyTransactionManagementConfiguration'
2024-10-19T19:09:43.334-03:00 DEBUG 18288 --- [biblioteca-ms-libros] [           main] o.s.b.f.s.DefaultListableBeanFactory     : Creating shared instance of singleton bean 'transactionAttributeSource'
2024-10-19T19:09:43.341-03:00 DEBUG 18288 --- [biblioteca-ms-libros] [           main] o.s.b.f.s.DefaultListableBeanFactory     : Creating shared instance of singleton bean 'transactionInterceptor'
2024-10-19T19:09:43.341-03:00 DEBUG 18288 --- [biblioteca-ms-libros] [           main] o.s.b.f.s.DefaultListableBeanFactory     : Autowiring by type from bean name 'transactionInterceptor' via factory method to bean named 'transactionAttributeSource'
2024-10-19T19:09:43.341-03:00 DEBUG 18288 --- [biblioteca-ms-libros] [           main] o.s.b.f.s.DefaultListableBeanFactory     : Autowiring by type from bean name 'org.springframework.transaction.config.internalTransactionAdvisor' via factory method to bean named 'transactionAttributeSource'
2024-10-19T19:09:43.341-03:00 DEBUG 18288 --- [biblioteca-ms-libros] [           main] o.s.b.f.s.DefaultListableBeanFactory     : Autowiring by type from bean name 'org.springframework.transaction.config.internalTransactionAdvisor' via factory method to bean named 'transactionInterceptor'
2024-10-19T19:09:43.341-03:00 DEBUG 18288 --- [biblioteca-ms-libros] [           main] o.s.b.f.s.DefaultListableBeanFactory     : Creating shared instance of singleton bean 'dataSource'
2024-10-19T19:09:43.341-03:00 DEBUG 18288 --- [biblioteca-ms-libros] [           main] o.s.b.f.s.DefaultListableBeanFactory     : Creating shared instance of singleton bean 'org.springframework.boot.autoconfigure.jdbc.DataSourceConfiguration$Hikari'
2024-10-19T19:09:43.349-03:00 DEBUG 18288 --- [biblioteca-ms-libros] [           main] o.s.b.f.s.DefaultListableBeanFactory     : Creating shared instance of singleton bean 'spring.datasource-org.springframework.boot.autoconfigure.jdbc.DataSourceProperties'
2024-10-19T19:09:43.349-03:00 DEBUG 18288 --- [biblioteca-ms-libros] [           main] o.s.b.f.s.DefaultListableBeanFactory     : Creating shared instance of singleton bean 'org.springframework.boot.context.properties.BoundConfigurationProperties'
2024-10-19T19:09:43.361-03:00 DEBUG 18288 --- [biblioteca-ms-libros] [           main] o.s.b.f.s.DefaultListableBeanFactory     : Creating shared instance of singleton bean 'jdbcConnectionDetails'
2024-10-19T19:09:43.361-03:00 DEBUG 18288 --- [biblioteca-ms-libros] [           main] o.s.b.f.s.DefaultListableBeanFactory     : Creating shared instance of singleton bean 'org.springframework.boot.autoconfigure.jdbc.DataSourceAutoConfiguration$PooledDataSourceConfiguration'
2024-10-19T19:09:43.361-03:00 DEBUG 18288 --- [biblioteca-ms-libros] [           main] o.s.b.f.s.DefaultListableBeanFactory     : Autowiring by type from bean name 'jdbcConnectionDetails' via factory method to bean named 'spring.datasource-org.springframework.boot.autoconfigure.jdbc.DataSourceProperties'
2024-10-19T19:09:43.361-03:00 DEBUG 18288 --- [biblioteca-ms-libros] [           main] o.s.b.f.s.DefaultListableBeanFactory     : Autowiring by type from bean name 'dataSource' via factory method to bean named 'spring.datasource-org.springframework.boot.autoconfigure.jdbc.DataSourceProperties'
2024-10-19T19:09:43.361-03:00 DEBUG 18288 --- [biblioteca-ms-libros] [           main] o.s.b.f.s.DefaultListableBeanFactory     : Autowiring by type from bean name 'dataSource' via factory method to bean named 'jdbcConnectionDetails'
2024-10-19T19:09:43.383-03:00 DEBUG 18288 --- [biblioteca-ms-libros] [           main] o.s.b.f.s.DefaultListableBeanFactory     : Creating shared instance of singleton bean 'spring.sql.init-org.springframework.boot.autoconfigure.sql.init.SqlInitializationProperties'
2024-10-19T19:09:43.383-03:00 DEBUG 18288 --- [biblioteca-ms-libros] [           main] o.s.b.f.s.DefaultListableBeanFactory     : Autowiring by type from bean name 'dataSourceScriptDatabaseInitializer' via factory method to bean named 'dataSource'
2024-10-19T19:09:43.383-03:00 DEBUG 18288 --- [biblioteca-ms-libros] [           main] o.s.b.f.s.DefaultListableBeanFactory     : Autowiring by type from bean name 'dataSourceScriptDatabaseInitializer' via factory method to bean named 'spring.sql.init-org.springframework.boot.autoconfigure.sql.init.SqlInitializationProperties'
2024-10-19T19:09:43.400-03:00 DEBUG 18288 --- [biblioteca-ms-libros] [           main] o.s.b.f.s.DefaultListableBeanFactory     : Creating shared instance of singleton bean 'entityManagerFactory'
2024-10-19T19:09:43.400-03:00 DEBUG 18288 --- [biblioteca-ms-libros] [           main] o.s.b.f.s.DefaultListableBeanFactory     : Creating shared instance of singleton bean 'org.springframework.boot.autoconfigure.orm.jpa.HibernateJpaConfiguration'
2024-10-19T19:09:43.400-03:00 DEBUG 18288 --- [biblioteca-ms-libros] [           main] o.s.b.f.s.DefaultListableBeanFactory     : Creating shared instance of singleton bean 'spring.jpa-org.springframework.boot.autoconfigure.orm.jpa.JpaProperties'
2024-10-19T19:09:43.404-03:00 DEBUG 18288 --- [biblioteca-ms-libros] [           main] o.s.b.f.s.DefaultListableBeanFactory     : Creating shared instance of singleton bean 'spring.jpa.hibernate-org.springframework.boot.autoconfigure.orm.jpa.HibernateProperties'
2024-10-19T19:09:43.404-03:00 DEBUG 18288 --- [biblioteca-ms-libros] [           main] o.s.b.f.s.DefaultListableBeanFactory     : Autowiring by type from bean name 'org.springframework.boot.autoconfigure.orm.jpa.HibernateJpaConfiguration' via constructor to bean named 'dataSource'
2024-10-19T19:09:43.404-03:00 DEBUG 18288 --- [biblioteca-ms-libros] [           main] o.s.b.f.s.DefaultListableBeanFactory     : Autowiring by type from bean name 'org.springframework.boot.autoconfigure.orm.jpa.HibernateJpaConfiguration' via constructor to bean named 'spring.jpa-org.springframework.boot.autoconfigure.orm.jpa.JpaProperties'
2024-10-19T19:09:43.404-03:00 DEBUG 18288 --- [biblioteca-ms-libros] [           main] o.s.b.f.s.DefaultListableBeanFactory     : Autowiring by type from bean name 'org.springframework.boot.autoconfigure.orm.jpa.HibernateJpaConfiguration' via constructor to bean named 'org.springframework.beans.factory.support.DefaultListableBeanFactory@2db15764'
2024-10-19T19:09:43.404-03:00 DEBUG 18288 --- [biblioteca-ms-libros] [           main] o.s.b.f.s.DefaultListableBeanFactory     : Autowiring by type from bean name 'org.springframework.boot.autoconfigure.orm.jpa.HibernateJpaConfiguration' via constructor to bean named 'spring.jpa.hibernate-org.springframework.boot.autoconfigure.orm.jpa.HibernateProperties'
2024-10-19T19:09:43.404-03:00 DEBUG 18288 --- [biblioteca-ms-libros] [           main] o.s.b.f.s.DefaultListableBeanFactory     : Creating shared instance of singleton bean 'hikariPoolDataSourceMetadataProvider'
2024-10-19T19:09:43.404-03:00 DEBUG 18288 --- [biblioteca-ms-libros] [           main] o.s.b.f.s.DefaultListableBeanFactory     : Creating shared instance of singleton bean 'org.springframework.boot.autoconfigure.jdbc.metadata.DataSourcePoolMetadataProvidersConfiguration$HikariPoolDataSourceMetadataProviderConfiguration'
2024-10-19T19:09:43.414-03:00 DEBUG 18288 --- [biblioteca-ms-libros] [           main] o.s.b.f.s.DefaultListableBeanFactory     : Creating shared instance of singleton bean 'entityManagerFactoryBuilder'
2024-10-19T19:09:43.414-03:00 DEBUG 18288 --- [biblioteca-ms-libros] [           main] o.s.b.f.s.DefaultListableBeanFactory     : Creating shared instance of singleton bean 'jpaVendorAdapter'
2024-10-19T19:09:43.423-03:00 DEBUG 18288 --- [biblioteca-ms-libros] [           main] o.s.b.f.s.DefaultListableBeanFactory     : Autowiring by type from bean name 'entityManagerFactoryBuilder' via factory method to bean named 'jpaVendorAdapter'
2024-10-19T19:09:43.427-03:00 DEBUG 18288 --- [biblioteca-ms-libros] [           main] o.s.b.f.s.DefaultListableBeanFactory     : Creating shared instance of singleton bean 'persistenceManagedTypes'
2024-10-19T19:09:43.428-03:00 DEBUG 18288 --- [biblioteca-ms-libros] [           main] o.s.b.f.s.DefaultListableBeanFactory     : Autowiring by type from bean name 'persistenceManagedTypes' via factory method to bean named 'org.springframework.beans.factory.support.DefaultListableBeanFactory@2db15764'
2024-10-19T19:09:43.428-03:00 DEBUG 18288 --- [biblioteca-ms-libros] [           main] o.s.b.f.s.DefaultListableBeanFactory     : Autowiring by type from bean name 'persistenceManagedTypes' via factory method to bean named 'org.springframework.context.annotation.AnnotationConfigApplicationContext@7aafac17'
2024-10-19T19:09:43.437-03:00 DEBUG 18288 --- [biblioteca-ms-libros] [           main] o.s.b.f.s.DefaultListableBeanFactory     : Autowiring by type from bean name 'entityManagerFactory' via factory method to bean named 'entityManagerFactoryBuilder'
2024-10-19T19:09:43.437-03:00 DEBUG 18288 --- [biblioteca-ms-libros] [           main] o.s.b.f.s.DefaultListableBeanFactory     : Autowiring by type from bean name 'entityManagerFactory' via factory method to bean named 'persistenceManagedTypes'
2024-10-19T19:09:43.440-03:00 DEBUG 18288 --- [biblioteca-ms-libros] [           main] j.LocalContainerEntityManagerFactoryBean : Building JPA container EntityManagerFactory for persistence unit 'default'
2024-10-19T19:09:43.441-03:00 DEBUG 18288 --- [biblioteca-ms-libros] [           main] o.hibernate.jpa.internal.util.LogHelper  : PersistenceUnitInfo [
	name: default
	persistence provider classname: null
	classloader: jdk.internal.loader.ClassLoaders$AppClassLoader@70dea4e
	excludeUnlistedClasses: true
	JTA datasource: null
	Non JTA datasource: HikariDataSource (null)
	Transaction type: RESOURCE_LOCAL
	PU root URL: file:/C:/Users/gonzaloduranadasme/Documents/GitHub/FS3_Formativa/biblioteca-ms-libros/target/test-classes/
	Shared Cache Mode: UNSPECIFIED
	Validation Mode: AUTO
	Jar files URLs []
	Managed classes names [
		com.example.biblioteca_ms_libros.model.Libro]
	Mapping files names []
	Properties []
2024-10-19T19:09:43.441-03:00 DEBUG 18288 --- [biblioteca-ms-libros] [           main] o.h.i.internal.IntegratorServiceImpl     : Adding Integrator [org.hibernate.boot.beanvalidation.BeanValidationIntegrator].
2024-10-19T19:09:43.442-03:00 DEBUG 18288 --- [biblioteca-ms-libros] [           main] o.h.i.internal.IntegratorServiceImpl     : Adding Integrator [org.hibernate.cache.internal.CollectionCacheInvalidator].
2024-10-19T19:09:43.446-03:00 DEBUG 18288 --- [biblioteca-ms-libros] [           main] org.hibernate.orm.idgen.factory          : Registering IdentifierGenerator strategy [uuid2] -> [org.hibernate.id.UUIDGenerator]
2024-10-19T19:09:43.446-03:00 DEBUG 18288 --- [biblioteca-ms-libros] [           main] org.hibernate.orm.idgen.factory          : Registering IdentifierGenerator strategy [guid] -> [org.hibernate.id.GUIDGenerator]
2024-10-19T19:09:43.446-03:00 DEBUG 18288 --- [biblioteca-ms-libros] [           main] org.hibernate.orm.idgen.factory          : Registering IdentifierGenerator strategy [uuid] -> [org.hibernate.id.UUIDHexGenerator]
2024-10-19T19:09:43.446-03:00 DEBUG 18288 --- [biblioteca-ms-libros] [           main] org.hibernate.orm.idgen.factory          : Registering IdentifierGenerator strategy [uuid.hex] -> [org.hibernate.id.UUIDHexGenerator]
2024-10-19T19:09:43.446-03:00 DEBUG 18288 --- [biblioteca-ms-libros] [           main] org.hibernate.orm.idgen.factory          : Registering IdentifierGenerator strategy [assigned] -> [org.hibernate.id.Assigned]
2024-10-19T19:09:43.446-03:00 DEBUG 18288 --- [biblioteca-ms-libros] [           main] org.hibernate.orm.idgen.factory          : Registering IdentifierGenerator strategy [identity] -> [org.hibernate.id.IdentityGenerator]
2024-10-19T19:09:43.446-03:00 DEBUG 18288 --- [biblioteca-ms-libros] [           main] org.hibernate.orm.idgen.factory          : Registering IdentifierGenerator strategy [select] -> [org.hibernate.id.SelectGenerator]
2024-10-19T19:09:43.446-03:00 DEBUG 18288 --- [biblioteca-ms-libros] [           main] org.hibernate.orm.idgen.factory          : Registering IdentifierGenerator strategy [sequence] -> [org.hibernate.id.enhanced.SequenceStyleGenerator]
2024-10-19T19:09:43.446-03:00 DEBUG 18288 --- [biblioteca-ms-libros] [           main] org.hibernate.orm.idgen.factory          : Registering IdentifierGenerator strategy [increment] -> [org.hibernate.id.IncrementGenerator]
2024-10-19T19:09:43.446-03:00 DEBUG 18288 --- [biblioteca-ms-libros] [           main] org.hibernate.orm.idgen.factory          : Registering IdentifierGenerator strategy [foreign] -> [org.hibernate.id.ForeignGenerator]
2024-10-19T19:09:43.446-03:00 DEBUG 18288 --- [biblioteca-ms-libros] [           main] org.hibernate.orm.idgen.factory          : Registering IdentifierGenerator strategy [enhanced-sequence] -> [org.hibernate.id.enhanced.SequenceStyleGenerator]
2024-10-19T19:09:43.446-03:00 DEBUG 18288 --- [biblioteca-ms-libros] [           main] org.hibernate.orm.idgen.factory          : Registering IdentifierGenerator strategy [enhanced-table] -> [org.hibernate.id.enhanced.TableGenerator]
2024-10-19T19:09:43.447-03:00 DEBUG 18288 --- [biblioteca-ms-libros] [           main] o.h.c.internal.RegionFactoryInitiator    : Cannot default RegionFactory based on registered strategies as `[]` RegionFactory strategies were registered
2024-10-19T19:09:43.447-03:00  INFO 18288 --- [biblioteca-ms-libros] [           main] o.h.c.internal.RegionFactoryInitiator    : HHH000026: Second-level cache disabled
2024-10-19T19:09:43.450-03:00 DEBUG 18288 --- [biblioteca-ms-libros] [           main] org.hibernate.type.BasicTypeRegistry     : Adding type registration boolean -> org.hibernate.type.BasicTypeReference@755b5f30
2024-10-19T19:09:43.450-03:00 DEBUG 18288 --- [biblioteca-ms-libros] [           main] org.hibernate.type.BasicTypeRegistry     : Adding type registration boolean -> org.hibernate.type.BasicTypeReference@755b5f30
2024-10-19T19:09:43.450-03:00 DEBUG 18288 --- [biblioteca-ms-libros] [           main] org.hibernate.type.BasicTypeRegistry     : Adding type registration java.lang.Boolean -> org.hibernate.type.BasicTypeReference@755b5f30
2024-10-19T19:09:43.451-03:00 DEBUG 18288 --- [biblioteca-ms-libros] [           main] org.hibernate.type.BasicTypeRegistry     : Adding type registration numeric_boolean -> org.hibernate.type.BasicTypeReference@29bbc63c
2024-10-19T19:09:43.451-03:00 DEBUG 18288 --- [biblioteca-ms-libros] [           main] org.hibernate.type.BasicTypeRegistry     : Adding type registration org.hibernate.type.NumericBooleanConverter -> org.hibernate.type.BasicTypeReference@29bbc63c
2024-10-19T19:09:43.451-03:00 DEBUG 18288 --- [biblioteca-ms-libros] [           main] org.hibernate.type.BasicTypeRegistry     : Adding type registration true_false -> org.hibernate.type.BasicTypeReference@272778ae
2024-10-19T19:09:43.451-03:00 DEBUG 18288 --- [biblioteca-ms-libros] [           main] org.hibernate.type.BasicTypeRegistry     : Adding type registration org.hibernate.type.TrueFalseConverter -> org.hibernate.type.BasicTypeReference@272778ae
2024-10-19T19:09:43.451-03:00 DEBUG 18288 --- [biblioteca-ms-libros] [           main] org.hibernate.type.BasicTypeRegistry     : Adding type registration yes_no -> org.hibernate.type.BasicTypeReference@2cccf134
2024-10-19T19:09:43.451-03:00 DEBUG 18288 --- [biblioteca-ms-libros] [           main] org.hibernate.type.BasicTypeRegistry     : Adding type registration org.hibernate.type.YesNoConverter -> org.hibernate.type.BasicTypeReference@2cccf134
2024-10-19T19:09:43.451-03:00 DEBUG 18288 --- [biblioteca-ms-libros] [           main] org.hibernate.type.BasicTypeRegistry     : Adding type registration byte -> org.hibernate.type.BasicTypeReference@3c18942
2024-10-19T19:09:43.452-03:00 DEBUG 18288 --- [biblioteca-ms-libros] [           main] org.hibernate.type.BasicTypeRegistry     : Adding type registration byte -> org.hibernate.type.BasicTypeReference@3c18942
2024-10-19T19:09:43.452-03:00 DEBUG 18288 --- [biblioteca-ms-libros] [           main] org.hibernate.type.BasicTypeRegistry     : Adding type registration java.lang.Byte -> org.hibernate.type.BasicTypeReference@3c18942
2024-10-19T19:09:43.452-03:00 DEBUG 18288 --- [biblioteca-ms-libros] [           main] org.hibernate.type.BasicTypeRegistry     : Adding type registration binary -> org.hibernate.type.BasicTypeReference@743c3520
2024-10-19T19:09:43.452-03:00 DEBUG 18288 --- [biblioteca-ms-libros] [           main] org.hibernate.type.BasicTypeRegistry     : Adding type registration byte[] -> org.hibernate.type.BasicTypeReference@743c3520
2024-10-19T19:09:43.452-03:00 DEBUG 18288 --- [biblioteca-ms-libros] [           main] org.hibernate.type.BasicTypeRegistry     : Adding type registration [B -> org.hibernate.type.BasicTypeReference@743c3520
2024-10-19T19:09:43.452-03:00 DEBUG 18288 --- [biblioteca-ms-libros] [           main] org.hibernate.type.BasicTypeRegistry     : Adding type registration binary_wrapper -> org.hibernate.type.BasicTypeReference@6842c101
2024-10-19T19:09:43.452-03:00 DEBUG 18288 --- [biblioteca-ms-libros] [           main] org.hibernate.type.BasicTypeRegistry     : Adding type registration wrapper-binary -> org.hibernate.type.BasicTypeReference@6842c101
2024-10-19T19:09:43.452-03:00 DEBUG 18288 --- [biblioteca-ms-libros] [           main] org.hibernate.type.BasicTypeRegistry     : Adding type registration image -> org.hibernate.type.BasicTypeReference@234cd86c
2024-10-19T19:09:43.452-03:00 DEBUG 18288 --- [biblioteca-ms-libros] [           main] org.hibernate.type.BasicTypeRegistry     : Adding type registration blob -> org.hibernate.type.BasicTypeReference@2c48cede
2024-10-19T19:09:43.452-03:00 DEBUG 18288 --- [biblioteca-ms-libros] [           main] org.hibernate.type.BasicTypeRegistry     : Adding type registration java.sql.Blob -> org.hibernate.type.BasicTypeReference@2c48cede
2024-10-19T19:09:43.452-03:00 DEBUG 18288 --- [biblioteca-ms-libros] [           main] org.hibernate.type.BasicTypeRegistry     : Adding type registration materialized_blob -> org.hibernate.type.BasicTypeReference@39c87b42
2024-10-19T19:09:43.452-03:00 DEBUG 18288 --- [biblioteca-ms-libros] [           main] org.hibernate.type.BasicTypeRegistry     : Adding type registration materialized_blob_wrapper -> org.hibernate.type.BasicTypeReference@47fcefb3
2024-10-19T19:09:43.452-03:00 DEBUG 18288 --- [biblioteca-ms-libros] [           main] org.hibernate.type.BasicTypeRegistry     : Adding type registration short -> org.hibernate.type.BasicTypeReference@236c098
2024-10-19T19:09:43.453-03:00 DEBUG 18288 --- [biblioteca-ms-libros] [           main] org.hibernate.type.BasicTypeRegistry     : Adding type registration short -> org.hibernate.type.BasicTypeReference@236c098
2024-10-19T19:09:43.453-03:00 DEBUG 18288 --- [biblioteca-ms-libros] [           main] org.hibernate.type.BasicTypeRegistry     : Adding type registration java.lang.Short -> org.hibernate.type.BasicTypeReference@236c098
2024-10-19T19:09:43.453-03:00 DEBUG 18288 --- [biblioteca-ms-libros] [           main] org.hibernate.type.BasicTypeRegistry     : Adding type registration integer -> org.hibernate.type.BasicTypeReference@68e2d03e
2024-10-19T19:09:43.453-03:00 DEBUG 18288 --- [biblioteca-ms-libros] [           main] org.hibernate.type.BasicTypeRegistry     : Adding type registration int -> org.hibernate.type.BasicTypeReference@68e2d03e
2024-10-19T19:09:43.453-03:00 DEBUG 18288 --- [biblioteca-ms-libros] [           main] org.hibernate.type.BasicTypeRegistry     : Adding type registration java.lang.Integer -> org.hibernate.type.BasicTypeReference@68e2d03e
2024-10-19T19:09:43.453-03:00 DEBUG 18288 --- [biblioteca-ms-libros] [           main] org.hibernate.type.BasicTypeRegistry     : Adding type registration long -> org.hibernate.type.BasicTypeReference@120aa40b
2024-10-19T19:09:43.453-03:00 DEBUG 18288 --- [biblioteca-ms-libros] [           main] org.hibernate.type.BasicTypeRegistry     : Adding type registration long -> org.hibernate.type.BasicTypeReference@120aa40b
2024-10-19T19:09:43.453-03:00 DEBUG 18288 --- [biblioteca-ms-libros] [           main] org.hibernate.type.BasicTypeRegistry     : Adding type registration java.lang.Long -> org.hibernate.type.BasicTypeReference@120aa40b
2024-10-19T19:09:43.453-03:00 DEBUG 18288 --- [biblioteca-ms-libros] [           main] org.hibernate.type.BasicTypeRegistry     : Adding type registration float -> org.hibernate.type.BasicTypeReference@32ab408e
2024-10-19T19:09:43.453-03:00 DEBUG 18288 --- [biblioteca-ms-libros] [           main] org.hibernate.type.BasicTypeRegistry     : Adding type registration float -> org.hibernate.type.BasicTypeReference@32ab408e
2024-10-19T19:09:43.453-03:00 DEBUG 18288 --- [biblioteca-ms-libros] [           main] org.hibernate.type.BasicTypeRegistry     : Adding type registration java.lang.Float -> org.hibernate.type.BasicTypeReference@32ab408e
2024-10-19T19:09:43.454-03:00 DEBUG 18288 --- [biblioteca-ms-libros] [           main] org.hibernate.type.BasicTypeRegistry     : Adding type registration double -> org.hibernate.type.BasicTypeReference@6ad6443
2024-10-19T19:09:43.454-03:00 DEBUG 18288 --- [biblioteca-ms-libros] [           main] org.hibernate.type.BasicTypeRegistry     : Adding type registration double -> org.hibernate.type.BasicTypeReference@6ad6443
2024-10-19T19:09:43.454-03:00 DEBUG 18288 --- [biblioteca-ms-libros] [           main] org.hibernate.type.BasicTypeRegistry     : Adding type registration java.lang.Double -> org.hibernate.type.BasicTypeReference@6ad6443
2024-10-19T19:09:43.454-03:00 DEBUG 18288 --- [biblioteca-ms-libros] [           main] org.hibernate.type.BasicTypeRegistry     : Adding type registration big_integer -> org.hibernate.type.BasicTypeReference@78b03788
2024-10-19T19:09:43.454-03:00 DEBUG 18288 --- [biblioteca-ms-libros] [           main] org.hibernate.type.BasicTypeRegistry     : Adding type registration java.math.BigInteger -> org.hibernate.type.BasicTypeReference@78b03788
2024-10-19T19:09:43.455-03:00 DEBUG 18288 --- [biblioteca-ms-libros] [           main] org.hibernate.type.BasicTypeRegistry     : Adding type registration big_decimal -> org.hibernate.type.BasicTypeReference@3f5dfe69
2024-10-19T19:09:43.455-03:00 DEBUG 18288 --- [biblioteca-ms-libros] [           main] org.hibernate.type.BasicTypeRegistry     : Adding type registration java.math.BigDecimal -> org.hibernate.type.BasicTypeReference@3f5dfe69
2024-10-19T19:09:43.455-03:00 DEBUG 18288 --- [biblioteca-ms-libros] [           main] org.hibernate.type.BasicTypeRegistry     : Adding type registration character -> org.hibernate.type.BasicTypeReference@571a663c
2024-10-19T19:09:43.455-03:00 DEBUG 18288 --- [biblioteca-ms-libros] [           main] org.hibernate.type.BasicTypeRegistry     : Adding type registration char -> org.hibernate.type.BasicTypeReference@571a663c
2024-10-19T19:09:43.455-03:00 DEBUG 18288 --- [biblioteca-ms-libros] [           main] org.hibernate.type.BasicTypeRegistry     : Adding type registration java.lang.Character -> org.hibernate.type.BasicTypeReference@571a663c
2024-10-19T19:09:43.455-03:00 DEBUG 18288 --- [biblioteca-ms-libros] [           main] org.hibernate.type.BasicTypeRegistry     : Adding type registration character_nchar -> org.hibernate.type.BasicTypeReference@3a788fe0
2024-10-19T19:09:43.455-03:00 DEBUG 18288 --- [biblioteca-ms-libros] [           main] org.hibernate.type.BasicTypeRegistry     : Adding type registration string -> org.hibernate.type.BasicTypeReference@430df350
2024-10-19T19:09:43.456-03:00 DEBUG 18288 --- [biblioteca-ms-libros] [           main] org.hibernate.type.BasicTypeRegistry     : Adding type registration java.lang.String -> org.hibernate.type.BasicTypeReference@430df350
2024-10-19T19:09:43.456-03:00 DEBUG 18288 --- [biblioteca-ms-libros] [           main] org.hibernate.type.BasicTypeRegistry     : Adding type registration nstring -> org.hibernate.type.BasicTypeReference@1373e3ee
2024-10-19T19:09:43.456-03:00 DEBUG 18288 --- [biblioteca-ms-libros] [           main] org.hibernate.type.BasicTypeRegistry     : Adding type registration characters -> org.hibernate.type.BasicTypeReference@175c5c3a
2024-10-19T19:09:43.456-03:00 DEBUG 18288 --- [biblioteca-ms-libros] [           main] org.hibernate.type.BasicTypeRegistry     : Adding type registration char[] -> org.hibernate.type.BasicTypeReference@175c5c3a
2024-10-19T19:09:43.456-03:00 DEBUG 18288 --- [biblioteca-ms-libros] [           main] org.hibernate.type.BasicTypeRegistry     : Adding type registration [C -> org.hibernate.type.BasicTypeReference@175c5c3a
2024-10-19T19:09:43.456-03:00 DEBUG 18288 --- [biblioteca-ms-libros] [           main] org.hibernate.type.BasicTypeRegistry     : Adding type registration wrapper-characters -> org.hibernate.type.BasicTypeReference@69a5c6be
2024-10-19T19:09:43.456-03:00 DEBUG 18288 --- [biblioteca-ms-libros] [           main] org.hibernate.type.BasicTypeRegistry     : Adding type registration text -> org.hibernate.type.BasicTypeReference@451e2fa9
2024-10-19T19:09:43.456-03:00 DEBUG 18288 --- [biblioteca-ms-libros] [           main] org.hibernate.type.BasicTypeRegistry     : Adding type registration ntext -> org.hibernate.type.BasicTypeReference@497ed877
2024-10-19T19:09:43.456-03:00 DEBUG 18288 --- [biblioteca-ms-libros] [           main] org.hibernate.type.BasicTypeRegistry     : Adding type registration clob -> org.hibernate.type.BasicTypeReference@3cb6e0ee
2024-10-19T19:09:43.456-03:00 DEBUG 18288 --- [biblioteca-ms-libros] [           main] org.hibernate.type.BasicTypeRegistry     : Adding type registration java.sql.Clob -> org.hibernate.type.BasicTypeReference@3cb6e0ee
2024-10-19T19:09:43.456-03:00 DEBUG 18288 --- [biblioteca-ms-libros] [           main] org.hibernate.type.BasicTypeRegistry     : Adding type registration nclob -> org.hibernate.type.BasicTypeReference@7b6141f0
2024-10-19T19:09:43.456-03:00 DEBUG 18288 --- [biblioteca-ms-libros] [           main] org.hibernate.type.BasicTypeRegistry     : Adding type registration java.sql.NClob -> org.hibernate.type.BasicTypeReference@7b6141f0
2024-10-19T19:09:43.457-03:00 DEBUG 18288 --- [biblioteca-ms-libros] [           main] org.hibernate.type.BasicTypeRegistry     : Adding type registration materialized_clob -> org.hibernate.type.BasicTypeReference@4fb64a52
2024-10-19T19:09:43.457-03:00 DEBUG 18288 --- [biblioteca-ms-libros] [           main] org.hibernate.type.BasicTypeRegistry     : Adding type registration materialized_clob_char_array -> org.hibernate.type.BasicTypeReference@70b48eb3
2024-10-19T19:09:43.457-03:00 DEBUG 18288 --- [biblioteca-ms-libros] [           main] org.hibernate.type.BasicTypeRegistry     : Adding type registration materialized_clob_character_array -> org.hibernate.type.BasicTypeReference@7b8ea1db
2024-10-19T19:09:43.457-03:00 DEBUG 18288 --- [biblioteca-ms-libros] [           main] org.hibernate.type.BasicTypeRegistry     : Adding type registration materialized_nclob -> org.hibernate.type.BasicTypeReference@a91119b
2024-10-19T19:09:43.457-03:00 DEBUG 18288 --- [biblioteca-ms-libros] [           main] org.hibernate.type.BasicTypeRegistry     : Adding type registration materialized_nclob_character_array -> org.hibernate.type.BasicTypeReference@77083e41
2024-10-19T19:09:43.457-03:00 DEBUG 18288 --- [biblioteca-ms-libros] [           main] org.hibernate.type.BasicTypeRegistry     : Adding type registration materialized_nclob_char_array -> org.hibernate.type.BasicTypeReference@231df705
2024-10-19T19:09:43.457-03:00 DEBUG 18288 --- [biblioteca-ms-libros] [           main] org.hibernate.type.BasicTypeRegistry     : Adding type registration Duration -> org.hibernate.type.BasicTypeReference@2d130ac4
2024-10-19T19:09:43.457-03:00 DEBUG 18288 --- [biblioteca-ms-libros] [           main] org.hibernate.type.BasicTypeRegistry     : Adding type registration java.time.Duration -> org.hibernate.type.BasicTypeReference@2d130ac4
2024-10-19T19:09:43.457-03:00 DEBUG 18288 --- [biblioteca-ms-libros] [           main] org.hibernate.type.BasicTypeRegistry     : Adding type registration LocalDateTime -> org.hibernate.type.BasicTypeReference@2f0ccb34
2024-10-19T19:09:43.457-03:00 DEBUG 18288 --- [biblioteca-ms-libros] [           main] org.hibernate.type.BasicTypeRegistry     : Adding type registration java.time.LocalDateTime -> org.hibernate.type.BasicTypeReference@2f0ccb34
2024-10-19T19:09:43.457-03:00 DEBUG 18288 --- [biblioteca-ms-libros] [           main] org.hibernate.type.BasicTypeRegistry     : Adding type registration LocalDate -> org.hibernate.type.BasicTypeReference@194012a2
2024-10-19T19:09:43.457-03:00 DEBUG 18288 --- [biblioteca-ms-libros] [           main] org.hibernate.type.BasicTypeRegistry     : Adding type registration java.time.LocalDate -> org.hibernate.type.BasicTypeReference@194012a2
2024-10-19T19:09:43.457-03:00 DEBUG 18288 --- [biblioteca-ms-libros] [           main] org.hibernate.type.BasicTypeRegistry     : Adding type registration LocalTime -> org.hibernate.type.BasicTypeReference@55296b50
2024-10-19T19:09:43.457-03:00 DEBUG 18288 --- [biblioteca-ms-libros] [           main] org.hibernate.type.BasicTypeRegistry     : Adding type registration java.time.LocalTime -> org.hibernate.type.BasicTypeReference@55296b50
2024-10-19T19:09:43.457-03:00 DEBUG 18288 --- [biblioteca-ms-libros] [           main] org.hibernate.type.BasicTypeRegistry     : Adding type registration OffsetDateTime -> org.hibernate.type.BasicTypeReference@60591e1b
2024-10-19T19:09:43.458-03:00 DEBUG 18288 --- [biblioteca-ms-libros] [           main] org.hibernate.type.BasicTypeRegistry     : Adding type registration java.time.OffsetDateTime -> org.hibernate.type.BasicTypeReference@60591e1b
2024-10-19T19:09:43.458-03:00 DEBUG 18288 --- [biblioteca-ms-libros] [           main] org.hibernate.type.BasicTypeRegistry     : Adding type registration OffsetDateTimeWithTimezone -> org.hibernate.type.BasicTypeReference@29c53c4f
2024-10-19T19:09:43.458-03:00 DEBUG 18288 --- [biblioteca-ms-libros] [           main] org.hibernate.type.BasicTypeRegistry     : Adding type registration OffsetDateTimeWithoutTimezone -> org.hibernate.type.BasicTypeReference@3009eed7
2024-10-19T19:09:43.458-03:00 DEBUG 18288 --- [biblioteca-ms-libros] [           main] org.hibernate.type.BasicTypeRegistry     : Adding type registration OffsetTime -> org.hibernate.type.BasicTypeReference@2ee4706d
2024-10-19T19:09:43.459-03:00 DEBUG 18288 --- [biblioteca-ms-libros] [           main] org.hibernate.type.BasicTypeRegistry     : Adding type registration java.time.OffsetTime -> org.hibernate.type.BasicTypeReference@2ee4706d
2024-10-19T19:09:43.459-03:00 DEBUG 18288 --- [biblioteca-ms-libros] [           main] org.hibernate.type.BasicTypeRegistry     : Adding type registration OffsetTimeUtc -> org.hibernate.type.BasicTypeReference@6650a6c
2024-10-19T19:09:43.459-03:00 DEBUG 18288 --- [biblioteca-ms-libros] [           main] org.hibernate.type.BasicTypeRegistry     : Adding type registration OffsetTimeWithTimezone -> org.hibernate.type.BasicTypeReference@64279ab
2024-10-19T19:09:43.459-03:00 DEBUG 18288 --- [biblioteca-ms-libros] [           main] org.hibernate.type.BasicTypeRegistry     : Adding type registration OffsetTimeWithoutTimezone -> org.hibernate.type.BasicTypeReference@794240e2
2024-10-19T19:09:43.459-03:00 DEBUG 18288 --- [biblioteca-ms-libros] [           main] org.hibernate.type.BasicTypeRegistry     : Adding type registration ZonedDateTime -> org.hibernate.type.BasicTypeReference@74a820bf
2024-10-19T19:09:43.459-03:00 DEBUG 18288 --- [biblioteca-ms-libros] [           main] org.hibernate.type.BasicTypeRegistry     : Adding type registration java.time.ZonedDateTime -> org.hibernate.type.BasicTypeReference@74a820bf
2024-10-19T19:09:43.459-03:00 DEBUG 18288 --- [biblioteca-ms-libros] [           main] org.hibernate.type.BasicTypeRegistry     : Adding type registration ZonedDateTimeWithTimezone -> org.hibernate.type.BasicTypeReference@5a30722c
2024-10-19T19:09:43.459-03:00 DEBUG 18288 --- [biblioteca-ms-libros] [           main] org.hibernate.type.BasicTypeRegistry     : Adding type registration ZonedDateTimeWithoutTimezone -> org.hibernate.type.BasicTypeReference@4f2ac7e0
2024-10-19T19:09:43.459-03:00 DEBUG 18288 --- [biblioteca-ms-libros] [           main] org.hibernate.type.BasicTypeRegistry     : Adding type registration date -> org.hibernate.type.BasicTypeReference@2484dbb7
2024-10-19T19:09:43.459-03:00 DEBUG 18288 --- [biblioteca-ms-libros] [           main] org.hibernate.type.BasicTypeRegistry     : Adding type registration java.sql.Date -> org.hibernate.type.BasicTypeReference@2484dbb7
2024-10-19T19:09:43.459-03:00 DEBUG 18288 --- [biblioteca-ms-libros] [           main] org.hibernate.type.BasicTypeRegistry     : Adding type registration time -> org.hibernate.type.BasicTypeReference@111cba40
2024-10-19T19:09:43.459-03:00 DEBUG 18288 --- [biblioteca-ms-libros] [           main] org.hibernate.type.BasicTypeRegistry     : Adding type registration java.sql.Time -> org.hibernate.type.BasicTypeReference@111cba40
2024-10-19T19:09:43.459-03:00 DEBUG 18288 --- [biblioteca-ms-libros] [           main] org.hibernate.type.BasicTypeRegistry     : Adding type registration timestamp -> org.hibernate.type.BasicTypeReference@48e41b5d
2024-10-19T19:09:43.459-03:00 DEBUG 18288 --- [biblioteca-ms-libros] [           main] org.hibernate.type.BasicTypeRegistry     : Adding type registration java.sql.Timestamp -> org.hibernate.type.BasicTypeReference@48e41b5d
2024-10-19T19:09:43.459-03:00 DEBUG 18288 --- [biblioteca-ms-libros] [           main] org.hibernate.type.BasicTypeRegistry     : Adding type registration java.util.Date -> org.hibernate.type.BasicTypeReference@48e41b5d
2024-10-19T19:09:43.459-03:00 DEBUG 18288 --- [biblioteca-ms-libros] [           main] org.hibernate.type.BasicTypeRegistry     : Adding type registration calendar -> org.hibernate.type.BasicTypeReference@51e8d066
2024-10-19T19:09:43.459-03:00 DEBUG 18288 --- [biblioteca-ms-libros] [           main] org.hibernate.type.BasicTypeRegistry     : Adding type registration java.util.Calendar -> org.hibernate.type.BasicTypeReference@51e8d066
2024-10-19T19:09:43.459-03:00 DEBUG 18288 --- [biblioteca-ms-libros] [           main] org.hibernate.type.BasicTypeRegistry     : Adding type registration java.util.GregorianCalendar -> org.hibernate.type.BasicTypeReference@51e8d066
2024-10-19T19:09:43.459-03:00 DEBUG 18288 --- [biblioteca-ms-libros] [           main] org.hibernate.type.BasicTypeRegistry     : Adding type registration calendar_date -> org.hibernate.type.BasicTypeReference@5333f08f
2024-10-19T19:09:43.459-03:00 DEBUG 18288 --- [biblioteca-ms-libros] [           main] org.hibernate.type.BasicTypeRegistry     : Adding type registration calendar_time -> org.hibernate.type.BasicTypeReference@4f5f474c
2024-10-19T19:09:43.459-03:00 DEBUG 18288 --- [biblioteca-ms-libros] [           main] org.hibernate.type.BasicTypeRegistry     : Adding type registration instant -> org.hibernate.type.BasicTypeReference@58a3d521
2024-10-19T19:09:43.459-03:00 DEBUG 18288 --- [biblioteca-ms-libros] [           main] org.hibernate.type.BasicTypeRegistry     : Adding type registration java.time.Instant -> org.hibernate.type.BasicTypeReference@58a3d521
2024-10-19T19:09:43.464-03:00 DEBUG 18288 --- [biblioteca-ms-libros] [           main] org.hibernate.type.BasicTypeRegistry     : Adding type registration uuid -> org.hibernate.type.BasicTypeReference@14d8e132
2024-10-19T19:09:43.464-03:00 DEBUG 18288 --- [biblioteca-ms-libros] [           main] org.hibernate.type.BasicTypeRegistry     : Adding type registration java.util.UUID -> org.hibernate.type.BasicTypeReference@14d8e132
2024-10-19T19:09:43.464-03:00 DEBUG 18288 --- [biblioteca-ms-libros] [           main] org.hibernate.type.BasicTypeRegistry     : Adding type registration pg-uuid -> org.hibernate.type.BasicTypeReference@14d8e132
2024-10-19T19:09:43.464-03:00 DEBUG 18288 --- [biblioteca-ms-libros] [           main] org.hibernate.type.BasicTypeRegistry     : Adding type registration uuid-binary -> org.hibernate.type.BasicTypeReference@7f4a1cac
2024-10-19T19:09:43.464-03:00 DEBUG 18288 --- [biblioteca-ms-libros] [           main] org.hibernate.type.BasicTypeRegistry     : Adding type registration uuid-char -> org.hibernate.type.BasicTypeReference@4a1a412e
2024-10-19T19:09:43.464-03:00 DEBUG 18288 --- [biblioteca-ms-libros] [           main] org.hibernate.type.BasicTypeRegistry     : Adding type registration class -> org.hibernate.type.BasicTypeReference@c568f91
2024-10-19T19:09:43.464-03:00 DEBUG 18288 --- [biblioteca-ms-libros] [           main] org.hibernate.type.BasicTypeRegistry     : Adding type registration java.lang.Class -> org.hibernate.type.BasicTypeReference@c568f91
2024-10-19T19:09:43.464-03:00 DEBUG 18288 --- [biblioteca-ms-libros] [           main] org.hibernate.type.BasicTypeRegistry     : Adding type registration currency -> org.hibernate.type.BasicTypeReference@5fd43e58
2024-10-19T19:09:43.464-03:00 DEBUG 18288 --- [biblioteca-ms-libros] [           main] org.hibernate.type.BasicTypeRegistry     : Adding type registration Currency -> org.hibernate.type.BasicTypeReference@5fd43e58
2024-10-19T19:09:43.464-03:00 DEBUG 18288 --- [biblioteca-ms-libros] [           main] org.hibernate.type.BasicTypeRegistry     : Adding type registration java.util.Currency -> org.hibernate.type.BasicTypeReference@5fd43e58
2024-10-19T19:09:43.464-03:00 DEBUG 18288 --- [biblioteca-ms-libros] [           main] org.hibernate.type.BasicTypeRegistry     : Adding type registration locale -> org.hibernate.type.BasicTypeReference@70d4f672
2024-10-19T19:09:43.464-03:00 DEBUG 18288 --- [biblioteca-ms-libros] [           main] org.hibernate.type.BasicTypeRegistry     : Adding type registration java.util.Locale -> org.hibernate.type.BasicTypeReference@70d4f672
2024-10-19T19:09:43.464-03:00 DEBUG 18288 --- [biblioteca-ms-libros] [           main] org.hibernate.type.BasicTypeRegistry     : Adding type registration serializable -> org.hibernate.type.BasicTypeReference@68dfda77
2024-10-19T19:09:43.464-03:00 DEBUG 18288 --- [biblioteca-ms-libros] [           main] org.hibernate.type.BasicTypeRegistry     : Adding type registration java.io.Serializable -> org.hibernate.type.BasicTypeReference@68dfda77
2024-10-19T19:09:43.464-03:00 DEBUG 18288 --- [biblioteca-ms-libros] [           main] org.hibernate.type.BasicTypeRegistry     : Adding type registration timezone -> org.hibernate.type.BasicTypeReference@50cdfafa
2024-10-19T19:09:43.464-03:00 DEBUG 18288 --- [biblioteca-ms-libros] [           main] org.hibernate.type.BasicTypeRegistry     : Adding type registration java.util.TimeZone -> org.hibernate.type.BasicTypeReference@50cdfafa
2024-10-19T19:09:43.464-03:00 DEBUG 18288 --- [biblioteca-ms-libros] [           main] org.hibernate.type.BasicTypeRegistry     : Adding type registration ZoneOffset -> org.hibernate.type.BasicTypeReference@2e952845
2024-10-19T19:09:43.464-03:00 DEBUG 18288 --- [biblioteca-ms-libros] [           main] org.hibernate.type.BasicTypeRegistry     : Adding type registration java.time.ZoneOffset -> org.hibernate.type.BasicTypeReference@2e952845
2024-10-19T19:09:43.464-03:00 DEBUG 18288 --- [biblioteca-ms-libros] [           main] org.hibernate.type.BasicTypeRegistry     : Adding type registration url -> org.hibernate.type.BasicTypeReference@79252c83
2024-10-19T19:09:43.464-03:00 DEBUG 18288 --- [biblioteca-ms-libros] [           main] org.hibernate.type.BasicTypeRegistry     : Adding type registration java.net.URL -> org.hibernate.type.BasicTypeReference@79252c83
2024-10-19T19:09:43.464-03:00 DEBUG 18288 --- [biblioteca-ms-libros] [           main] org.hibernate.type.BasicTypeRegistry     : Adding type registration vector -> org.hibernate.type.BasicTypeReference@6fbf5db2
2024-10-19T19:09:43.464-03:00 DEBUG 18288 --- [biblioteca-ms-libros] [           main] org.hibernate.type.BasicTypeRegistry     : Adding type registration row_version -> org.hibernate.type.BasicTypeReference@509a6095
2024-10-19T19:09:43.464-03:00 DEBUG 18288 --- [biblioteca-ms-libros] [           main] org.hibernate.type.BasicTypeRegistry     : Adding type registration object -> org.hibernate.type.JavaObjectType@45c80312
2024-10-19T19:09:43.464-03:00 DEBUG 18288 --- [biblioteca-ms-libros] [           main] org.hibernate.type.BasicTypeRegistry     : Adding type registration java.lang.Object -> org.hibernate.type.JavaObjectType@45c80312
2024-10-19T19:09:43.464-03:00 DEBUG 18288 --- [biblioteca-ms-libros] [           main] org.hibernate.type.BasicTypeRegistry     : Adding type registration null -> org.hibernate.type.NullType@561f9d92
2024-10-19T19:09:43.464-03:00 DEBUG 18288 --- [biblioteca-ms-libros] [           main] org.hibernate.type.BasicTypeRegistry     : Adding type registration imm_date -> org.hibernate.type.BasicTypeReference@30f929ff
2024-10-19T19:09:43.466-03:00 DEBUG 18288 --- [biblioteca-ms-libros] [           main] org.hibernate.type.BasicTypeRegistry     : Adding type registration imm_time -> org.hibernate.type.BasicTypeReference@49d4a2cf
2024-10-19T19:09:43.466-03:00 DEBUG 18288 --- [biblioteca-ms-libros] [           main] org.hibernate.type.BasicTypeRegistry     : Adding type registration imm_timestamp -> org.hibernate.type.BasicTypeReference@fed510f
2024-10-19T19:09:43.466-03:00 DEBUG 18288 --- [biblioteca-ms-libros] [           main] org.hibernate.type.BasicTypeRegistry     : Adding type registration imm_calendar -> org.hibernate.type.BasicTypeReference@3ad49704
2024-10-19T19:09:43.466-03:00 DEBUG 18288 --- [biblioteca-ms-libros] [           main] org.hibernate.type.BasicTypeRegistry     : Adding type registration imm_calendar_date -> org.hibernate.type.BasicTypeReference@431bf770
2024-10-19T19:09:43.466-03:00 DEBUG 18288 --- [biblioteca-ms-libros] [           main] org.hibernate.type.BasicTypeRegistry     : Adding type registration imm_calendar_time -> org.hibernate.type.BasicTypeReference@2fb5e706
2024-10-19T19:09:43.466-03:00 DEBUG 18288 --- [biblioteca-ms-libros] [           main] org.hibernate.type.BasicTypeRegistry     : Adding type registration imm_binary -> org.hibernate.type.BasicTypeReference@4a35aed6
2024-10-19T19:09:43.467-03:00 DEBUG 18288 --- [biblioteca-ms-libros] [           main] org.hibernate.type.BasicTypeRegistry     : Adding type registration imm_serializable -> org.hibernate.type.BasicTypeReference@54c76c23
2024-10-19T19:09:43.469-03:00 DEBUG 18288 --- [biblioteca-ms-libros] [           main] o.h.boot.internal.BootstrapContextImpl   : Injecting JPA temp ClassLoader [org.springframework.instrument.classloading.SimpleThrowawayClassLoader@48f6f272] into BootstrapContext; was [null]
2024-10-19T19:09:43.469-03:00 DEBUG 18288 --- [biblioteca-ms-libros] [           main] o.h.boot.internal.ClassLoaderAccessImpl  : ClassLoaderAccessImpl#injectTempClassLoader(org.springframework.instrument.classloading.SimpleThrowawayClassLoader@48f6f272) [was null]
2024-10-19T19:09:43.469-03:00 DEBUG 18288 --- [biblioteca-ms-libros] [           main] o.h.boot.internal.BootstrapContextImpl   : Injecting ScanEnvironment [org.hibernate.jpa.boot.internal.StandardJpaScanEnvironmentImpl@2fd2a6a4] into BootstrapContext; was [null]
2024-10-19T19:09:43.469-03:00 DEBUG 18288 --- [biblioteca-ms-libros] [           main] o.h.boot.internal.BootstrapContextImpl   : Injecting ScanOptions [org.hibernate.boot.archive.scan.internal.StandardScanOptions@401b7109] into BootstrapContext; was [org.hibernate.boot.archive.scan.internal.StandardScanOptions@55785ee7]
2024-10-19T19:09:43.485-03:00  INFO 18288 --- [biblioteca-ms-libros] [           main] o.s.o.j.p.SpringPersistenceUnitInfo      : No LoadTimeWeaver setup: ignoring JPA class transformer
2024-10-19T19:09:43.485-03:00 DEBUG 18288 --- [biblioteca-ms-libros] [           main] o.h.boot.internal.BootstrapContextImpl   : Injecting JPA temp ClassLoader [null] into BootstrapContext; was [org.springframework.instrument.classloading.SimpleThrowawayClassLoader@48f6f272]
2024-10-19T19:09:43.485-03:00 DEBUG 18288 --- [biblioteca-ms-libros] [           main] o.h.boot.internal.ClassLoaderAccessImpl  : ClassLoaderAccessImpl#injectTempClassLoader(null) [was org.springframework.instrument.classloading.SimpleThrowawayClassLoader@48f6f272]
2024-10-19T19:09:43.487-03:00  INFO 18288 --- [biblioteca-ms-libros] [           main] com.zaxxer.hikari.HikariDataSource       : HikariPool-2 - Starting...
2024-10-19T19:09:43.487-03:00  WARN 18288 --- [biblioteca-ms-libros] [           main] c.zaxxer.hikari.util.DriverDataSource    : Registered driver with driverClassName=oracle.jdbc.driver.OracleDriver was not found, trying direct instantiation.
2024-10-19T19:09:44.031-03:00  INFO 18288 --- [biblioteca-ms-libros] [           main] com.zaxxer.hikari.pool.HikariPool        : HikariPool-2 - Added connection oracle.jdbc.driver.T4CConnection@1817f7f0
2024-10-19T19:09:44.033-03:00  INFO 18288 --- [biblioteca-ms-libros] [           main] com.zaxxer.hikari.HikariDataSource       : HikariPool-2 - Start completed.
2024-10-19T19:09:44.033-03:00 DEBUG 18288 --- [biblioteca-ms-libros] [           main] o.h.e.j.e.i.JdbcEnvironmentInitiator     : Database ->
	   name : Oracle
	version : Oracle Database 19c Enterprise Edition Release 19.0.0.0.0 - Production
Version 19.25.0.1.0
	  major : 19
	  minor : 0
2024-10-19T19:09:44.033-03:00 DEBUG 18288 --- [biblioteca-ms-libros] [           main] o.h.e.j.e.i.JdbcEnvironmentInitiator     : Driver ->
	   name : Oracle JDBC driver
	version : 21.9.0.0.0
	  major : 21
	  minor : 9
2024-10-19T19:09:44.033-03:00 DEBUG 18288 --- [biblioteca-ms-libros] [           main] o.h.e.j.e.i.JdbcEnvironmentInitiator     : JDBC version : 4.3
2024-10-19T19:09:44.043-03:00  WARN 18288 --- [biblioteca-ms-libros] [           main] org.hibernate.orm.deprecation            : HHH90000025: OracleDialect does not need to be specified explicitly using 'hibernate.dialect' (remove the property setting and it will be selected by default)
2024-10-19T19:09:44.043-03:00 DEBUG 18288 --- [biblioteca-ms-libros] [           main] org.hibernate.orm.dialect                : HHH035001: Using dialect: org.hibernate.dialect.OracleDialect, version: 19.0
2024-10-19T19:09:44.067-03:00 DEBUG 18288 --- [biblioteca-ms-libros] [           main] o.h.t.d.jdbc.spi.JdbcTypeRegistry        : addDescriptor(NCharTypeDescriptor) replaced previous registration(CharTypeDescriptor)
2024-10-19T19:09:44.067-03:00 DEBUG 18288 --- [biblioteca-ms-libros] [           main] o.h.t.d.jdbc.spi.JdbcTypeRegistry        : addDescriptor(NVarcharTypeDescriptor) replaced previous registration(VarcharTypeDescriptor)
2024-10-19T19:09:44.067-03:00 DEBUG 18288 --- [biblioteca-ms-libros] [           main] o.h.t.d.jdbc.spi.JdbcTypeRegistry        : addDescriptor(LongNVarcharTypeDescriptor) replaced previous registration(LongVarcharTypeDescriptor)
2024-10-19T19:09:44.067-03:00 DEBUG 18288 --- [biblioteca-ms-libros] [           main] o.h.t.d.jdbc.spi.JdbcTypeRegistry        : addDescriptor(NClobTypeDescriptor(DEFAULT)) replaced previous registration(ClobTypeDescriptor(DEFAULT))
2024-10-19T19:09:44.067-03:00 DEBUG 18288 --- [biblioteca-ms-libros] [           main] o.h.t.d.jdbc.spi.JdbcTypeRegistry        : addDescriptor(2005, ClobTypeDescriptor(STREAM_BINDING)) replaced previous registration(ClobTypeDescriptor(DEFAULT))
2024-10-19T19:09:44.067-03:00 DEBUG 18288 --- [biblioteca-ms-libros] [           main] o.h.t.d.jdbc.spi.JdbcTypeRegistry        : addDescriptor(BooleanTypeDescriptor) replaced previous registration(BooleanTypeDescriptor)
2024-10-19T19:09:44.070-03:00 DEBUG 18288 --- [biblioteca-ms-libros] [           main] org.hibernate.type.BasicTypeRegistry     : Adding type registration null -> org.hibernate.type.NullType@3f29e67e
2024-10-19T19:09:44.070-03:00 DEBUG 18288 --- [biblioteca-ms-libros] [           main] org.hibernate.type.BasicTypeRegistry     : Type registration key [null] overrode previous entry : `org.hibernate.type.NullType@561f9d92`
2024-10-19T19:09:44.070-03:00 DEBUG 18288 --- [biblioteca-ms-libros] [           main] org.hibernate.type.BasicTypeRegistry     : Adding type registration JAVA_OBJECT -> org.hibernate.type.JavaObjectType@16d4757f
2024-10-19T19:09:44.070-03:00 DEBUG 18288 --- [biblioteca-ms-libros] [           main] org.hibernate.type.BasicTypeRegistry     : Adding type registration java.lang.Object -> org.hibernate.type.JavaObjectType@16d4757f
2024-10-19T19:09:44.070-03:00 DEBUG 18288 --- [biblioteca-ms-libros] [           main] org.hibernate.type.BasicTypeRegistry     : Type registration key [java.lang.Object] overrode previous entry : `org.hibernate.type.JavaObjectType@45c80312`
2024-10-19T19:09:44.070-03:00 DEBUG 18288 --- [biblioteca-ms-libros] [           main] org.hibernate.type.BasicTypeRegistry     : Adding type registration org.hibernate.type.DurationType -> basicType@22(java.time.Duration,3015)
2024-10-19T19:09:44.070-03:00 DEBUG 18288 --- [biblioteca-ms-libros] [           main] org.hibernate.type.BasicTypeRegistry     : Adding type registration Duration -> basicType@22(java.time.Duration,3015)
2024-10-19T19:09:44.070-03:00 DEBUG 18288 --- [biblioteca-ms-libros] [           main] org.hibernate.type.BasicTypeRegistry     : Adding type registration java.time.Duration -> basicType@22(java.time.Duration,3015)
2024-10-19T19:09:44.070-03:00 DEBUG 18288 --- [biblioteca-ms-libros] [           main] o.h.type.spi.TypeConfiguration$Scope     : Scoping TypeConfiguration [org.hibernate.type.spi.TypeConfiguration@6aa16117] to MetadataBuildingContext [org.hibernate.boot.internal.MetadataBuildingContextRootImpl@5771adf3]
2024-10-19T19:09:44.070-03:00 DEBUG 18288 --- [biblioteca-ms-libros] [           main] o.h.boot.model.relational.Namespace      : Created database namespace [logicalName=Name{catalog=null, schema=null}, physicalName=Name{catalog=null, schema=null}]
2024-10-19T19:09:44.070-03:00 DEBUG 18288 --- [biblioteca-ms-libros] [           main] o.h.boot.model.internal.EntityBinder     : Binding entity from annotated class: com.example.biblioteca_ms_libros.model.Libro
2024-10-19T19:09:44.070-03:00 DEBUG 18288 --- [biblioteca-ms-libros] [           main] o.h.boot.model.internal.EntityBinder     : Import with entity name Libro
2024-10-19T19:09:44.072-03:00 DEBUG 18288 --- [biblioteca-ms-libros] [           main] o.h.boot.model.internal.EntityBinder     : Bind entity com.example.biblioteca_ms_libros.model.Libro on table libros
2024-10-19T19:09:44.072-03:00 DEBUG 18288 --- [biblioteca-ms-libros] [           main] o.h.boot.model.internal.AnnotatedColumn  : Binding column: AnnotatedDiscriminatorColumn(column='DTYPE')
2024-10-19T19:09:44.072-03:00 DEBUG 18288 --- [biblioteca-ms-libros] [           main] o.h.boot.model.internal.AnnotatedColumn  : Binding column: AnnotatedColumn(column='idLibro')
2024-10-19T19:09:44.072-03:00 DEBUG 18288 --- [biblioteca-ms-libros] [           main] o.h.boot.internal.ClassLoaderAccessImpl  : Not known whether passed class name [com.example.biblioteca_ms_libros.model.Libro] is safe
2024-10-19T19:09:44.072-03:00 DEBUG 18288 --- [biblioteca-ms-libros] [           main] o.h.boot.internal.ClassLoaderAccessImpl  : No temp ClassLoader provided; using live ClassLoader for loading potentially unsafe class : com.example.biblioteca_ms_libros.model.Libro
2024-10-19T19:09:44.072-03:00 DEBUG 18288 --- [biblioteca-ms-libros] [           main] o.h.boot.model.internal.PropertyBinder   : MetadataSourceProcessor property id with lazy=false
2024-10-19T19:09:44.072-03:00 DEBUG 18288 --- [biblioteca-ms-libros] [           main] o.h.b.m.internal.AbstractPropertyHolder  : Attempting to locate auto-apply AttributeConverter for property [com.example.biblioteca_ms_libros.model.Libro:id]
2024-10-19T19:09:44.072-03:00 DEBUG 18288 --- [biblioteca-ms-libros] [           main] o.h.b.model.internal.BasicValueBinder    : building BasicValue for id
2024-10-19T19:09:44.072-03:00 DEBUG 18288 --- [biblioteca-ms-libros] [           main] org.hibernate.mapping.BasicValue         : Skipping column re-registration: libros.id_libro
2024-10-19T19:09:44.072-03:00 DEBUG 18288 --- [biblioteca-ms-libros] [           main] o.h.boot.model.internal.PropertyBinder   : Building property id
2024-10-19T19:09:44.072-03:00 DEBUG 18288 --- [biblioteca-ms-libros] [           main] o.h.boot.model.internal.BinderHelper     : #makeIdGenerator(BasicValue([Column(id_libro)]), id, identity, , ...)
2024-10-19T19:09:44.075-03:00 DEBUG 18288 --- [biblioteca-ms-libros] [           main] o.h.boot.model.internal.AnnotatedColumn  : Binding column: AnnotatedColumn(column='annoPublicacion')
2024-10-19T19:09:44.075-03:00 DEBUG 18288 --- [biblioteca-ms-libros] [           main] o.h.boot.model.internal.PropertyBinder   : MetadataSourceProcessor property annoPublicacion with lazy=false
2024-10-19T19:09:44.075-03:00 DEBUG 18288 --- [biblioteca-ms-libros] [           main] o.h.b.m.internal.AbstractPropertyHolder  : Attempting to locate auto-apply AttributeConverter for property [com.example.biblioteca_ms_libros.model.Libro:annoPublicacion]
2024-10-19T19:09:44.075-03:00 DEBUG 18288 --- [biblioteca-ms-libros] [           main] o.h.b.model.internal.BasicValueBinder    : building BasicValue for annoPublicacion
2024-10-19T19:09:44.075-03:00 DEBUG 18288 --- [biblioteca-ms-libros] [           main] org.hibernate.mapping.BasicValue         : Skipping column re-registration: libros.anno_publicacion
2024-10-19T19:09:44.075-03:00 DEBUG 18288 --- [biblioteca-ms-libros] [           main] o.h.boot.model.internal.PropertyBinder   : Building property annoPublicacion
2024-10-19T19:09:44.075-03:00 DEBUG 18288 --- [biblioteca-ms-libros] [           main] o.h.boot.model.internal.AnnotatedColumn  : Binding column: AnnotatedColumn(column='autor')
2024-10-19T19:09:44.076-03:00 DEBUG 18288 --- [biblioteca-ms-libros] [           main] o.h.boot.model.internal.PropertyBinder   : MetadataSourceProcessor property autor with lazy=false
2024-10-19T19:09:44.076-03:00 DEBUG 18288 --- [biblioteca-ms-libros] [           main] o.h.b.m.internal.AbstractPropertyHolder  : Attempting to locate auto-apply AttributeConverter for property [com.example.biblioteca_ms_libros.model.Libro:autor]
2024-10-19T19:09:44.076-03:00 DEBUG 18288 --- [biblioteca-ms-libros] [           main] o.h.b.model.internal.BasicValueBinder    : building BasicValue for autor
2024-10-19T19:09:44.076-03:00 DEBUG 18288 --- [biblioteca-ms-libros] [           main] org.hibernate.mapping.BasicValue         : Skipping column re-registration: libros.autor
2024-10-19T19:09:44.076-03:00 DEBUG 18288 --- [biblioteca-ms-libros] [           main] o.h.boot.model.internal.PropertyBinder   : Building property autor
2024-10-19T19:09:44.076-03:00 DEBUG 18288 --- [biblioteca-ms-libros] [           main] o.h.boot.model.internal.AnnotatedColumn  : Binding column: AnnotatedColumn(column='genero')
2024-10-19T19:09:44.077-03:00 DEBUG 18288 --- [biblioteca-ms-libros] [           main] o.h.boot.model.internal.PropertyBinder   : MetadataSourceProcessor property genero with lazy=false
2024-10-19T19:09:44.077-03:00 DEBUG 18288 --- [biblioteca-ms-libros] [           main] o.h.b.m.internal.AbstractPropertyHolder  : Attempting to locate auto-apply AttributeConverter for property [com.example.biblioteca_ms_libros.model.Libro:genero]
2024-10-19T19:09:44.077-03:00 DEBUG 18288 --- [biblioteca-ms-libros] [           main] o.h.b.model.internal.BasicValueBinder    : building BasicValue for genero
2024-10-19T19:09:44.077-03:00 DEBUG 18288 --- [biblioteca-ms-libros] [           main] org.hibernate.mapping.BasicValue         : Skipping column re-registration: libros.genero
2024-10-19T19:09:44.077-03:00 DEBUG 18288 --- [biblioteca-ms-libros] [           main] o.h.boot.model.internal.PropertyBinder   : Building property genero
2024-10-19T19:09:44.078-03:00 DEBUG 18288 --- [biblioteca-ms-libros] [           main] o.h.boot.model.internal.AnnotatedColumn  : Binding column: AnnotatedColumn(column='titulo')
2024-10-19T19:09:44.078-03:00 DEBUG 18288 --- [biblioteca-ms-libros] [           main] o.h.boot.model.internal.PropertyBinder   : MetadataSourceProcessor property titulo with lazy=false
2024-10-19T19:09:44.078-03:00 DEBUG 18288 --- [biblioteca-ms-libros] [           main] o.h.b.m.internal.AbstractPropertyHolder  : Attempting to locate auto-apply AttributeConverter for property [com.example.biblioteca_ms_libros.model.Libro:titulo]
2024-10-19T19:09:44.078-03:00 DEBUG 18288 --- [biblioteca-ms-libros] [           main] o.h.b.model.internal.BasicValueBinder    : building BasicValue for titulo
2024-10-19T19:09:44.078-03:00 DEBUG 18288 --- [biblioteca-ms-libros] [           main] org.hibernate.mapping.BasicValue         : Skipping column re-registration: libros.titulo
2024-10-19T19:09:44.078-03:00 DEBUG 18288 --- [biblioteca-ms-libros] [           main] o.h.boot.model.internal.PropertyBinder   : Building property titulo
2024-10-19T19:09:44.079-03:00 DEBUG 18288 --- [biblioteca-ms-libros] [           main] o.h.b.r.c.i.ClassLoaderServiceImpl       : HHH000194: Package not found or no package-info.java: com.example.biblioteca_ms_libros.model
2024-10-19T19:09:44.080-03:00 DEBUG 18288 --- [biblioteca-ms-libros] [           main] o.h.b.model.internal.BasicValueBinder    : Starting `BasicValueBinder#fillSimpleValue` for id
2024-10-19T19:09:44.081-03:00 DEBUG 18288 --- [biblioteca-ms-libros] [           main] o.h.b.model.internal.BasicValueBinder    : Starting `BasicValueBinder#fillSimpleValue` for annoPublicacion
2024-10-19T19:09:44.081-03:00 DEBUG 18288 --- [biblioteca-ms-libros] [           main] o.h.b.model.internal.BasicValueBinder    : Starting `BasicValueBinder#fillSimpleValue` for autor
2024-10-19T19:09:44.081-03:00 DEBUG 18288 --- [biblioteca-ms-libros] [           main] o.h.b.model.internal.BasicValueBinder    : Starting `BasicValueBinder#fillSimpleValue` for genero
2024-10-19T19:09:44.081-03:00 DEBUG 18288 --- [biblioteca-ms-libros] [           main] o.h.b.model.internal.BasicValueBinder    : Starting `BasicValueBinder#fillSimpleValue` for titulo
2024-10-19T19:09:44.081-03:00 DEBUG 18288 --- [biblioteca-ms-libros] [           main] org.hibernate.mapping.PrimaryKey         : Forcing column [id_libro] to be non-null as it is part of the primary key for table [libros]
2024-10-19T19:09:44.098-03:00 DEBUG 18288 --- [biblioteca-ms-libros] [           main] o.hibernate.internal.SessionFactoryImpl  : Building session factory
2024-10-19T19:09:44.102-03:00 DEBUG 18288 --- [biblioteca-ms-libros] [           main] .h.s.i.SessionFactoryServiceRegistryImpl : EventListenerRegistry access via ServiceRegistry is deprecated.  Use `sessionFactory.getEventEngine().getListenerRegistry()` instead
2024-10-19T19:09:44.102-03:00 DEBUG 18288 --- [biblioteca-ms-libros] [           main] o.hibernate.internal.SessionFactoryImpl  : Instantiating SessionFactory with settings: {java.specification.version=23, sun.cpu.isalist=amd64, hibernate.resource.beans.container=org.springframework.orm.hibernate5.SpringBeanContainer@6a5ed5f9, hibernate.connection.handling_mode=DELAYED_ACQUISITION_AND_HOLD, sun.jnu.encoding=Cp1252, hibernate.dialect=org.hibernate.dialect.OracleDialect, hibernate.implicit_naming_strategy=org.springframework.boot.orm.jpa.hibernate.SpringImplicitNamingStrategy, java.class.path=C:\Users\gonzaloduranadasme\Documents\GitHub\FS3_Formativa\biblioteca-ms-libros\target\test-classes;C:\Users\gonzaloduranadasme\Documents\GitHub\FS3_Formativa\biblioteca-ms-libros\target\classes;C:\Users\gonzaloduranadasme\.m2\repository\org\springframework\boot\spring-boot-starter-data-jpa\3.3.4\spring-boot-starter-data-jpa-3.3.4.jar;C:\Users\gonzaloduranadasme\.m2\repository\org\springframework\boot\spring-boot-starter-aop\3.3.4\spring-boot-starter-aop-3.3.4.jar;C:\Users\gonzaloduranadasme\.m2\repository\org\springframework\spring-aop\6.1.13\spring-aop-6.1.13.jar;C:\Users\gonzaloduranadasme\.m2\repository\org\aspectj\aspectjweaver\1.9.22.1\aspectjweaver-1.9.22.1.jar;C:\Users\gonzaloduranadasme\.m2\repository\org\springframework\boot\spring-boot-starter-jdbc\3.3.4\spring-boot-starter-jdbc-3.3.4.jar;C:\Users\gonzaloduranadasme\.m2\repository\com\zaxxer\HikariCP\5.1.0\HikariCP-5.1.0.jar;C:\Users\gonzaloduranadasme\.m2\repository\org\springframework\spring-jdbc\6.1.13\spring-jdbc-6.1.13.jar;C:\Users\gonzaloduranadasme\.m2\repository\org\hibernate\orm\hibernate-core\6.5.3.Final\hibernate-core-6.5.3.Final.jar;C:\Users\gonzaloduranadasme\.m2\repository\jakarta\persistence\jakarta.persistence-api\3.1.0\jakarta.persistence-api-3.1.0.jar;C:\Users\gonzaloduranadasme\.m2\repository\jakarta\transaction\jakarta.transaction-api\2.0.1\jakarta.transaction-api-2.0.1.jar;C:\Users\gonzaloduranadasme\.m2\repository\org\jboss\logging\jboss-logging\3.5.3.Final\jboss-logging-3.5.3.Final.jar;C:\Users\gonzaloduranadasme\.m2\repository\org\hibernate\common\hibernate-commons-annotations\6.0.6.Final\hibernate-commons-annotations-6.0.6.Final.jar;C:\Users\gonzaloduranadasme\.m2\repository\io\smallrye\jandex\3.1.2\jandex-3.1.2.jar;C:\Users\gonzaloduranadasme\.m2\repository\com\fasterxml\classmate\1.7.0\classmate-1.7.0.jar;C:\Users\gonzaloduranadasme\.m2\repository\net\bytebuddy\byte-buddy\1.14.19\byte-buddy-1.14.19.jar;C:\Users\gonzaloduranadasme\.m2\repository\org\glassfish\jaxb\jaxb-runtime\4.0.5\jaxb-runtime-4.0.5.jar;C:\Users\gonzaloduranadasme\.m2\repository\org\glassfish\jaxb\jaxb-core\4.0.5\jaxb-core-4.0.5.jar;C:\Users\gonzaloduranadasme\.m2\repository\org\eclipse\angus\angus-activation\2.0.2\angus-activation-2.0.2.jar;C:\Users\gonzaloduranadasme\.m2\repository\org\glassfish\jaxb\txw2\4.0.5\txw2-4.0.5.jar;C:\Users\gonzaloduranadasme\.m2\repository\com\sun\istack\istack-commons-runtime\4.1.2\istack-commons-runtime-4.1.2.jar;C:\Users\gonzaloduranadasme\.m2\repository\jakarta\inject\jakarta.inject-api\2.0.1\jakarta.inject-api-2.0.1.jar;C:\Users\gonzaloduranadasme\.m2\repository\org\antlr\antlr4-runtime\4.13.0\antlr4-runtime-4.13.0.jar;C:\Users\gonzaloduranadasme\.m2\repository\org\springframework\data\spring-data-jpa\3.3.4\spring-data-jpa-3.3.4.jar;C:\Users\gonzaloduranadasme\.m2\repository\org\springframework\data\spring-data-commons\3.3.4\spring-data-commons-3.3.4.jar;C:\Users\gonzaloduranadasme\.m2\repository\org\springframework\spring-orm\6.1.13\spring-orm-6.1.13.jar;C:\Users\gonzaloduranadasme\.m2\repository\org\springframework\spring-context\6.1.13\spring-context-6.1.13.jar;C:\Users\gonzaloduranadasme\.m2\repository\org\springframework\spring-tx\6.1.13\spring-tx-6.1.13.jar;C:\Users\gonzaloduranadasme\.m2\repository\org\springframework\spring-beans\6.1.13\spring-beans-6.1.13.jar;C:\Users\gonzaloduranadasme\.m2\repository\jakarta\annotation\jakarta.annotation-api\2.1.1\jakarta.annotation-api-2.1.1.jar;C:\Users\gonzaloduranadasme\.m2\repository\org\slf4j\slf4j-api\2.0.16\slf4j-api-2.0.16.jar;C:\Users\gonzaloduranadasme\.m2\repository\org\springframework\spring-aspects\6.1.13\spring-aspects-6.1.13.jar;C:\Users\gonzaloduranadasme\.m2\repository\org\springframework\boot\spring-boot-starter-web\3.3.4\spring-boot-starter-web-3.3.4.jar;C:\Users\gonzaloduranadasme\.m2\repository\org\springframework\boot\spring-boot-starter\3.3.4\spring-boot-starter-3.3.4.jar;C:\Users\gonzaloduranadasme\.m2\repository\org\springframework\boot\spring-boot-starter-logging\3.3.4\spring-boot-starter-logging-3.3.4.jar;C:\Users\gonzaloduranadasme\.m2\repository\ch\qos\logback\logback-classic\1.5.8\logback-classic-1.5.8.jar;C:\Users\gonzaloduranadasme\.m2\repository\ch\qos\logback\logback-core\1.5.8\logback-core-1.5.8.jar;C:\Users\gonzaloduranadasme\.m2\repository\org\apache\logging\log4j\log4j-to-slf4j\2.23.1\log4j-to-slf4j-2.23.1.jar;C:\Users\gonzaloduranadasme\.m2\repository\org\apache\logging\log4j\log4j-api\2.23.1\log4j-api-2.23.1.jar;C:\Users\gonzaloduranadasme\.m2\repository\org\slf4j\jul-to-slf4j\2.0.16\jul-to-slf4j-2.0.16.jar;C:\Users\gonzaloduranadasme\.m2\repository\org\yaml\snakeyaml\2.2\snakeyaml-2.2.jar;C:\Users\gonzaloduranadasme\.m2\repository\org\springframework\boot\spring-boot-starter-json\3.3.4\spring-boot-starter-json-3.3.4.jar;C:\Users\gonzaloduranadasme\.m2\repository\com\fasterxml\jackson\core\jackson-databind\2.17.2\jackson-databind-2.17.2.jar;C:\Users\gonzaloduranadasme\.m2\repository\com\fasterxml\jackson\core\jackson-annotations\2.17.2\jackson-annotations-2.17.2.jar;C:\Users\gonzaloduranadasme\.m2\repository\com\fasterxml\jackson\core\jackson-core\2.17.2\jackson-core-2.17.2.jar;C:\Users\gonzaloduranadasme\.m2\repository\com\fasterxml\jackson\datatype\jackson-datatype-jdk8\2.17.2\jackson-datatype-jdk8-2.17.2.jar;C:\Users\gonzaloduranadasme\.m2\repository\com\fasterxml\jackson\datatype\jackson-datatype-jsr310\2.17.2\jackson-datatype-jsr310-2.17.2.jar;C:\Users\gonzaloduranadasme\.m2\repository\com\fasterxml\jackson\module\jackson-module-parameter-names\2.17.2\jackson-module-parameter-names-2.17.2.jar;C:\Users\gonzaloduranadasme\.m2\repository\org\springframework\boot\spring-boot-starter-tomcat\3.3.4\spring-boot-starter-tomcat-3.3.4.jar;C:\Users\gonzaloduranadasme\.m2\repository\org\apache\tomcat\embed\tomcat-embed-core\10.1.30\tomcat-embed-core-10.1.30.jar;C:\Users\gonzaloduranadasme\.m2\repository\org\apache\tomcat\embed\tomcat-embed-websocket\10.1.30\tomcat-embed-websocket-10.1.30.jar;C:\Users\gonzaloduranadasme\.m2\repository\org\springframework\spring-web\6.1.13\spring-web-6.1.13.jar;C:\Users\gonzaloduranadasme\.m2\repository\io\micrometer\micrometer-observation\1.13.4\micrometer-observation-1.13.4.jar;C:\Users\gonzaloduranadasme\.m2\repository\io\micrometer\micrometer-commons\1.13.4\micrometer-commons-1.13.4.jar;C:\Users\gonzaloduranadasme\.m2\repository\org\springframework\spring-webmvc\6.1.13\spring-webmvc-6.1.13.jar;C:\Users\gonzaloduranadasme\.m2\repository\org\springframework\spring-expression\6.1.13\spring-expression-6.1.13.jar;C:\Users\gonzaloduranadasme\.m2\repository\org\springframework\boot\spring-boot-devtools\3.3.4\spring-boot-devtools-3.3.4.jar;C:\Users\gonzaloduranadasme\.m2\repository\org\springframework\boot\spring-boot\3.3.4\spring-boot-3.3.4.jar;C:\Users\gonzaloduranadasme\.m2\repository\org\springframework\boot\spring-boot-autoconfigure\3.3.4\spring-boot-autoconfigure-3.3.4.jar;C:\Users\gonzaloduranadasme\.m2\repository\com\oracle\database\jdbc\ojdbc11\21.9.0.0\ojdbc11-21.9.0.0.jar;C:\Users\gonzaloduranadasme\.m2\repository\com\oracle\database\security\oraclepki\21.9.0.0\oraclepki-21.9.0.0.jar;C:\Users\gonzaloduranadasme\.m2\repository\com\oracle\database\security\osdt_cert\21.9.0.0\osdt_cert-21.9.0.0.jar;C:\Users\gonzaloduranadasme\.m2\repository\com\oracle\database\security\osdt_core\21.9.0.0\osdt_core-21.9.0.0.jar;C:\Users\gonzaloduranadasme\.m2\repository\org\projectlombok\lombok\1.18.34\lombok-1.18.34.jar;C:\Users\gonzaloduranadasme\.m2\repository\org\springframework\boot\spring-boot-starter-test\3.3.4\spring-boot-starter-test-3.3.4.jar;C:\Users\gonzaloduranadasme\.m2\repository\org\springframework\boot\spring-boot-test\3.3.4\spring-boot-test-3.3.4.jar;C:\Users\gonzaloduranadasme\.m2\repository\org\springframework\boot\spring-boot-test-autoconfigure\3.3.4\spring-boot-test-autoconfigure-3.3.4.jar;C:\Users\gonzaloduranadasme\.m2\repository\com\jayway\jsonpath\json-path\2.9.0\json-path-2.9.0.jar;C:\Users\gonzaloduranadasme\.m2\repository\jakarta\xml\bind\jakarta.xml.bind-api\4.0.2\jakarta.xml.bind-api-4.0.2.jar;C:\Users\gonzaloduranadasme\.m2\repository\jakarta\activation\jakarta.activation-api\2.1.3\jakarta.activation-api-2.1.3.jar;C:\Users\gonzaloduranadasme\.m2\repository\net\minidev\json-smart\2.5.1\json-smart-2.5.1.jar;C:\Users\gonzaloduranadasme\.m2\repository\net\minidev\accessors-smart\2.5.1\accessors-smart-2.5.1.jar;C:\Users\gonzaloduranadasme\.m2\repository\org\ow2\asm\asm\9.6\asm-9.6.jar;C:\Users\gonzaloduranadasme\.m2\repository\org\assertj\assertj-core\3.25.3\assertj-core-3.25.3.jar;C:\Users\gonzaloduranadasme\.m2\repository\org\awaitility\awaitility\4.2.2\awaitility-4.2.2.jar;C:\Users\gonzaloduranadasme\.m2\repository\org\hamcrest\hamcrest\2.2\hamcrest-2.2.jar;C:\Users\gonzaloduranadasme\.m2\repository\org\junit\jupiter\junit-jupiter\5.10.3\junit-jupiter-5.10.3.jar;C:\Users\gonzaloduranadasme\.m2\repository\org\junit\jupiter\junit-jupiter-api\5.10.3\junit-jupiter-api-5.10.3.jar;C:\Users\gonzaloduranadasme\.m2\repository\org\opentest4j\opentest4j\1.3.0\opentest4j-1.3.0.jar;C:\Users\gonzaloduranadasme\.m2\repository\org\junit\platform\junit-platform-commons\1.10.3\junit-platform-commons-1.10.3.jar;C:\Users\gonzaloduranadasme\.m2\repository\org\apiguardian\apiguardian-api\1.1.2\apiguardian-api-1.1.2.jar;C:\Users\gonzaloduranadasme\.m2\repository\org\junit\jupiter\junit-jupiter-params\5.10.3\junit-jupiter-params-5.10.3.jar;C:\Users\gonzaloduranadasme\.m2\repository\org\junit\jupiter\junit-jupiter-engine\5.10.3\junit-jupiter-engine-5.10.3.jar;C:\Users\gonzaloduranadasme\.m2\repository\org\junit\platform\junit-platform-engine\1.10.3\junit-platform-engine-1.10.3.jar;C:\Users\gonzaloduranadasme\.m2\repository\org\mockito\mockito-core\5.11.0\mockito-core-5.11.0.jar;C:\Users\gonzaloduranadasme\.m2\repository\net\bytebuddy\byte-buddy-agent\1.14.19\byte-buddy-agent-1.14.19.jar;C:\Users\gonzaloduranadasme\.m2\repository\org\objenesis\objenesis\3.3\objenesis-3.3.jar;C:\Users\gonzaloduranadasme\.m2\repository\org\mockito\mockito-junit-jupiter\5.11.0\mockito-junit-jupiter-5.11.0.jar;C:\Users\gonzaloduranadasme\.m2\repository\org\skyscreamer\jsonassert\1.5.3\jsonassert-1.5.3.jar;C:\Users\gonzaloduranadasme\.m2\repository\com\vaadin\external\google\android-json\0.0.20131108.vaadin1\android-json-0.0.20131108.vaadin1.jar;C:\Users\gonzaloduranadasme\.m2\repository\org\springframework\spring-core\6.1.13\spring-core-6.1.13.jar;C:\Users\gonzaloduranadasme\.m2\repository\org\springframework\spring-jcl\6.1.13\spring-jcl-6.1.13.jar;C:\Users\gonzaloduranadasme\.m2\repository\org\springframework\spring-test\6.1.13\spring-test-6.1.13.jar;C:\Users\gonzaloduranadasme\.m2\repository\org\xmlunit\xmlunit-core\2.9.1\xmlunit-core-2.9.1.jar;C:\Users\gonzaloduranadasme\.m2\repository\org\springframework\boot\spring-boot-starter-validation\3.3.4\spring-boot-starter-validation-3.3.4.jar;C:\Users\gonzaloduranadasme\.m2\repository\org\apache\tomcat\embed\tomcat-embed-el\10.1.30\tomcat-embed-el-10.1.30.jar;C:\Users\gonzaloduranadasme\.m2\repository\org\hibernate\validator\hibernate-validator\8.0.1.Final\hibernate-validator-8.0.1.Final.jar;C:\Users\gonzaloduranadasme\.m2\repository\jakarta\validation\jakarta.validation-api\3.0.2\jakarta.validation-api-3.0.2.jar;C:\Users\gonzaloduranadasme\.m2\repository\org\springframework\boot\spring-boot-starter-hateoas\3.3.4\spring-boot-starter-hateoas-3.3.4.jar;C:\Users\gonzaloduranadasme\.m2\repository\org\springframework\hateoas\spring-hateoas\2.3.3\spring-hateoas-2.3.3.jar;C:\Users\gonzaloduranadasme\.m2\repository\org\springframework\plugin\spring-plugin-core\3.0.0\spring-plugin-core-3.0.0.jar;, java.vm.vendor=Oracle Corporation, sun.arch.data.model=64, user.variant=, java.vendor.url=https://java.oracle.com/, user.timezone=America/Sao_Paulo, jakarta.persistence.sharedCache.mode=UNSPECIFIED, org.jboss.logging.provider=slf4j, os.name=Windows 11, java.vm.specification.version=23, jakarta.persistence.nonJtaDataSource=HikariDataSource (HikariPool-2), sun.java.launcher=SUN_STANDARD, user.country=CL, sun.boot.library.path=C:\Program Files\Java\jdk-23\bin, sun.java.command=C:\Users\gonzaloduranadasme\AppData\Local\Temp\surefire138976378780121418\surefirebooter-20241019190924753_3.jar C:\Users\gonzaloduranadasme\AppData\Local\Temp\surefire138976378780121418 2024-10-19T19-09-24_537-jvmRun1 surefire-20241019190924753_1tmp surefire_0-20241019190924753_2tmp, javax.persistence.nonJtaDataSource=HikariDataSource (HikariPool-2), hibernate.transaction.jta.platform=org.hibernate.engine.transaction.jta.platform.internal.NoJtaPlatform@6b8de9dc, jdk.debug=release, surefire.test.class.path=C:\Users\gonzaloduranadasme\Documents\GitHub\FS3_Formativa\biblioteca-ms-libros\target\test-classes;C:\Users\gonzaloduranadasme\Documents\GitHub\FS3_Formativa\biblioteca-ms-libros\target\classes;C:\Users\gonzaloduranadasme\.m2\repository\org\springframework\boot\spring-boot-starter-data-jpa\3.3.4\spring-boot-starter-data-jpa-3.3.4.jar;C:\Users\gonzaloduranadasme\.m2\repository\org\springframework\boot\spring-boot-starter-aop\3.3.4\spring-boot-starter-aop-3.3.4.jar;C:\Users\gonzaloduranadasme\.m2\repository\org\springframework\spring-aop\6.1.13\spring-aop-6.1.13.jar;C:\Users\gonzaloduranadasme\.m2\repository\org\aspectj\aspectjweaver\1.9.22.1\aspectjweaver-1.9.22.1.jar;C:\Users\gonzaloduranadasme\.m2\repository\org\springframework\boot\spring-boot-starter-jdbc\3.3.4\spring-boot-starter-jdbc-3.3.4.jar;C:\Users\gonzaloduranadasme\.m2\repository\com\zaxxer\HikariCP\5.1.0\HikariCP-5.1.0.jar;C:\Users\gonzaloduranadasme\.m2\repository\org\springframework\spring-jdbc\6.1.13\spring-jdbc-6.1.13.jar;C:\Users\gonzaloduranadasme\.m2\repository\org\hibernate\orm\hibernate-core\6.5.3.Final\hibernate-core-6.5.3.Final.jar;C:\Users\gonzaloduranadasme\.m2\repository\jakarta\persistence\jakarta.persistence-api\3.1.0\jakarta.persistence-api-3.1.0.jar;C:\Users\gonzaloduranadasme\.m2\repository\jakarta\transaction\jakarta.transaction-api\2.0.1\jakarta.transaction-api-2.0.1.jar;C:\Users\gonzaloduranadasme\.m2\repository\org\jboss\logging\jboss-logging\3.5.3.Final\jboss-logging-3.5.3.Final.jar;C:\Users\gonzaloduranadasme\.m2\repository\org\hibernate\common\hibernate-commons-annotations\6.0.6.Final\hibernate-commons-annotations-6.0.6.Final.jar;C:\Users\gonzaloduranadasme\.m2\repository\io\smallrye\jandex\3.1.2\jandex-3.1.2.jar;C:\Users\gonzaloduranadasme\.m2\repository\com\fasterxml\classmate\1.7.0\classmate-1.7.0.jar;C:\Users\gonzaloduranadasme\.m2\repository\net\bytebuddy\byte-buddy\1.14.19\byte-buddy-1.14.19.jar;C:\Users\gonzaloduranadasme\.m2\repository\org\glassfish\jaxb\jaxb-runtime\4.0.5\jaxb-runtime-4.0.5.jar;C:\Users\gonzaloduranadasme\.m2\repository\org\glassfish\jaxb\jaxb-core\4.0.5\jaxb-core-4.0.5.jar;C:\Users\gonzaloduranadasme\.m2\repository\org\eclipse\angus\angus-activation\2.0.2\angus-activation-2.0.2.jar;C:\Users\gonzaloduranadasme\.m2\repository\org\glassfish\jaxb\txw2\4.0.5\txw2-4.0.5.jar;C:\Users\gonzaloduranadasme\.m2\repository\com\sun\istack\istack-commons-runtime\4.1.2\istack-commons-runtime-4.1.2.jar;C:\Users\gonzaloduranadasme\.m2\repository\jakarta\inject\jakarta.inject-api\2.0.1\jakarta.inject-api-2.0.1.jar;C:\Users\gonzaloduranadasme\.m2\repository\org\antlr\antlr4-runtime\4.13.0\antlr4-runtime-4.13.0.jar;C:\Users\gonzaloduranadasme\.m2\repository\org\springframework\data\spring-data-jpa\3.3.4\spring-data-jpa-3.3.4.jar;C:\Users\gonzaloduranadasme\.m2\repository\org\springframework\data\spring-data-commons\3.3.4\spring-data-commons-3.3.4.jar;C:\Users\gonzaloduranadasme\.m2\repository\org\springframework\spring-orm\6.1.13\spring-orm-6.1.13.jar;C:\Users\gonzaloduranadasme\.m2\repository\org\springframework\spring-context\6.1.13\spring-context-6.1.13.jar;C:\Users\gonzaloduranadasme\.m2\repository\org\springframework\spring-tx\6.1.13\spring-tx-6.1.13.jar;C:\Users\gonzaloduranadasme\.m2\repository\org\springframework\spring-beans\6.1.13\spring-beans-6.1.13.jar;C:\Users\gonzaloduranadasme\.m2\repository\jakarta\annotation\jakarta.annotation-api\2.1.1\jakarta.annotation-api-2.1.1.jar;C:\Users\gonzaloduranadasme\.m2\repository\org\slf4j\slf4j-api\2.0.16\slf4j-api-2.0.16.jar;C:\Users\gonzaloduranadasme\.m2\repository\org\springframework\spring-aspects\6.1.13\spring-aspects-6.1.13.jar;C:\Users\gonzaloduranadasme\.m2\repository\org\springframework\boot\spring-boot-starter-web\3.3.4\spring-boot-starter-web-3.3.4.jar;C:\Users\gonzaloduranadasme\.m2\repository\org\springframework\boot\spring-boot-starter\3.3.4\spring-boot-starter-3.3.4.jar;C:\Users\gonzaloduranadasme\.m2\repository\org\springframework\boot\spring-boot-starter-logging\3.3.4\spring-boot-starter-logging-3.3.4.jar;C:\Users\gonzaloduranadasme\.m2\repository\ch\qos\logback\logback-classic\1.5.8\logback-classic-1.5.8.jar;C:\Users\gonzaloduranadasme\.m2\repository\ch\qos\logback\logback-core\1.5.8\logback-core-1.5.8.jar;C:\Users\gonzaloduranadasme\.m2\repository\org\apache\logging\log4j\log4j-to-slf4j\2.23.1\log4j-to-slf4j-2.23.1.jar;C:\Users\gonzaloduranadasme\.m2\repository\org\apache\logging\log4j\log4j-api\2.23.1\log4j-api-2.23.1.jar;C:\Users\gonzaloduranadasme\.m2\repository\org\slf4j\jul-to-slf4j\2.0.16\jul-to-slf4j-2.0.16.jar;C:\Users\gonzaloduranadasme\.m2\repository\org\yaml\snakeyaml\2.2\snakeyaml-2.2.jar;C:\Users\gonzaloduranadasme\.m2\repository\org\springframework\boot\spring-boot-starter-json\3.3.4\spring-boot-starter-json-3.3.4.jar;C:\Users\gonzaloduranadasme\.m2\repository\com\fasterxml\jackson\core\jackson-databind\2.17.2\jackson-databind-2.17.2.jar;C:\Users\gonzaloduranadasme\.m2\repository\com\fasterxml\jackson\core\jackson-annotations\2.17.2\jackson-annotations-2.17.2.jar;C:\Users\gonzaloduranadasme\.m2\repository\com\fasterxml\jackson\core\jackson-core\2.17.2\jackson-core-2.17.2.jar;C:\Users\gonzaloduranadasme\.m2\repository\com\fasterxml\jackson\datatype\jackson-datatype-jdk8\2.17.2\jackson-datatype-jdk8-2.17.2.jar;C:\Users\gonzaloduranadasme\.m2\repository\com\fasterxml\jackson\datatype\jackson-datatype-jsr310\2.17.2\jackson-datatype-jsr310-2.17.2.jar;C:\Users\gonzaloduranadasme\.m2\repository\com\fasterxml\jackson\module\jackson-module-parameter-names\2.17.2\jackson-module-parameter-names-2.17.2.jar;C:\Users\gonzaloduranadasme\.m2\repository\org\springframework\boot\spring-boot-starter-tomcat\3.3.4\spring-boot-starter-tomcat-3.3.4.jar;C:\Users\gonzaloduranadasme\.m2\repository\org\apache\tomcat\embed\tomcat-embed-core\10.1.30\tomcat-embed-core-10.1.30.jar;C:\Users\gonzaloduranadasme\.m2\repository\org\apache\tomcat\embed\tomcat-embed-websocket\10.1.30\tomcat-embed-websocket-10.1.30.jar;C:\Users\gonzaloduranadasme\.m2\repository\org\springframework\spring-web\6.1.13\spring-web-6.1.13.jar;C:\Users\gonzaloduranadasme\.m2\repository\io\micrometer\micrometer-observation\1.13.4\micrometer-observation-1.13.4.jar;C:\Users\gonzaloduranadasme\.m2\repository\io\micrometer\micrometer-commons\1.13.4\micrometer-commons-1.13.4.jar;C:\Users\gonzaloduranadasme\.m2\repository\org\springframework\spring-webmvc\6.1.13\spring-webmvc-6.1.13.jar;C:\Users\gonzaloduranadasme\.m2\repository\org\springframework\spring-expression\6.1.13\spring-expression-6.1.13.jar;C:\Users\gonzaloduranadasme\.m2\repository\org\springframework\boot\spring-boot-devtools\3.3.4\spring-boot-devtools-3.3.4.jar;C:\Users\gonzaloduranadasme\.m2\repository\org\springframework\boot\spring-boot\3.3.4\spring-boot-3.3.4.jar;C:\Users\gonzaloduranadasme\.m2\repository\org\springframework\boot\spring-boot-autoconfigure\3.3.4\spring-boot-autoconfigure-3.3.4.jar;C:\Users\gonzaloduranadasme\.m2\repository\com\oracle\database\jdbc\ojdbc11\21.9.0.0\ojdbc11-21.9.0.0.jar;C:\Users\gonzaloduranadasme\.m2\repository\com\oracle\database\security\oraclepki\21.9.0.0\oraclepki-21.9.0.0.jar;C:\Users\gonzaloduranadasme\.m2\repository\com\oracle\database\security\osdt_cert\21.9.0.0\osdt_cert-21.9.0.0.jar;C:\Users\gonzaloduranadasme\.m2\repository\com\oracle\database\security\osdt_core\21.9.0.0\osdt_core-21.9.0.0.jar;C:\Users\gonzaloduranadasme\.m2\repository\org\projectlombok\lombok\1.18.34\lombok-1.18.34.jar;C:\Users\gonzaloduranadasme\.m2\repository\org\springframework\boot\spring-boot-starter-test\3.3.4\spring-boot-starter-test-3.3.4.jar;C:\Users\gonzaloduranadasme\.m2\repository\org\springframework\boot\spring-boot-test\3.3.4\spring-boot-test-3.3.4.jar;C:\Users\gonzaloduranadasme\.m2\repository\org\springframework\boot\spring-boot-test-autoconfigure\3.3.4\spring-boot-test-autoconfigure-3.3.4.jar;C:\Users\gonzaloduranadasme\.m2\repository\com\jayway\jsonpath\json-path\2.9.0\json-path-2.9.0.jar;C:\Users\gonzaloduranadasme\.m2\repository\jakarta\xml\bind\jakarta.xml.bind-api\4.0.2\jakarta.xml.bind-api-4.0.2.jar;C:\Users\gonzaloduranadasme\.m2\repository\jakarta\activation\jakarta.activation-api\2.1.3\jakarta.activation-api-2.1.3.jar;C:\Users\gonzaloduranadasme\.m2\repository\net\minidev\json-smart\2.5.1\json-smart-2.5.1.jar;C:\Users\gonzaloduranadasme\.m2\repository\net\minidev\accessors-smart\2.5.1\accessors-smart-2.5.1.jar;C:\Users\gonzaloduranadasme\.m2\repository\org\ow2\asm\asm\9.6\asm-9.6.jar;C:\Users\gonzaloduranadasme\.m2\repository\org\assertj\assertj-core\3.25.3\assertj-core-3.25.3.jar;C:\Users\gonzaloduranadasme\.m2\repository\org\awaitility\awaitility\4.2.2\awaitility-4.2.2.jar;C:\Users\gonzaloduranadasme\.m2\repository\org\hamcrest\hamcrest\2.2\hamcrest-2.2.jar;C:\Users\gonzaloduranadasme\.m2\repository\org\junit\jupiter\junit-jupiter\5.10.3\junit-jupiter-5.10.3.jar;C:\Users\gonzaloduranadasme\.m2\repository\org\junit\jupiter\junit-jupiter-api\5.10.3\junit-jupiter-api-5.10.3.jar;C:\Users\gonzaloduranadasme\.m2\repository\org\opentest4j\opentest4j\1.3.0\opentest4j-1.3.0.jar;C:\Users\gonzaloduranadasme\.m2\repository\org\junit\platform\junit-platform-commons\1.10.3\junit-platform-commons-1.10.3.jar;C:\Users\gonzaloduranadasme\.m2\repository\org\apiguardian\apiguardian-api\1.1.2\apiguardian-api-1.1.2.jar;C:\Users\gonzaloduranadasme\.m2\repository\org\junit\jupiter\junit-jupiter-params\5.10.3\junit-jupiter-params-5.10.3.jar;C:\Users\gonzaloduranadasme\.m2\repository\org\junit\jupiter\junit-jupiter-engine\5.10.3\junit-jupiter-engine-5.10.3.jar;C:\Users\gonzaloduranadasme\.m2\repository\org\junit\platform\junit-platform-engine\1.10.3\junit-platform-engine-1.10.3.jar;C:\Users\gonzaloduranadasme\.m2\repository\org\mockito\mockito-core\5.11.0\mockito-core-5.11.0.jar;C:\Users\gonzaloduranadasme\.m2\repository\net\bytebuddy\byte-buddy-agent\1.14.19\byte-buddy-agent-1.14.19.jar;C:\Users\gonzaloduranadasme\.m2\repository\org\objenesis\objenesis\3.3\objenesis-3.3.jar;C:\Users\gonzaloduranadasme\.m2\repository\org\mockito\mockito-junit-jupiter\5.11.0\mockito-junit-jupiter-5.11.0.jar;C:\Users\gonzaloduranadasme\.m2\repository\org\skyscreamer\jsonassert\1.5.3\jsonassert-1.5.3.jar;C:\Users\gonzaloduranadasme\.m2\repository\com\vaadin\external\google\android-json\0.0.20131108.vaadin1\android-json-0.0.20131108.vaadin1.jar;C:\Users\gonzaloduranadasme\.m2\repository\org\springframework\spring-core\6.1.13\spring-core-6.1.13.jar;C:\Users\gonzaloduranadasme\.m2\repository\org\springframework\spring-jcl\6.1.13\spring-jcl-6.1.13.jar;C:\Users\gonzaloduranadasme\.m2\repository\org\springframework\spring-test\6.1.13\spring-test-6.1.13.jar;C:\Users\gonzaloduranadasme\.m2\repository\org\xmlunit\xmlunit-core\2.9.1\xmlunit-core-2.9.1.jar;C:\Users\gonzaloduranadasme\.m2\repository\org\springframework\boot\spring-boot-starter-validation\3.3.4\spring-boot-starter-validation-3.3.4.jar;C:\Users\gonzaloduranadasme\.m2\repository\org\apache\tomcat\embed\tomcat-embed-el\10.1.30\tomcat-embed-el-10.1.30.jar;C:\Users\gonzaloduranadasme\.m2\repository\org\hibernate\validator\hibernate-validator\8.0.1.Final\hibernate-validator-8.0.1.Final.jar;C:\Users\gonzaloduranadasme\.m2\repository\jakarta\validation\jakarta.validation-api\3.0.2\jakarta.validation-api-3.0.2.jar;C:\Users\gonzaloduranadasme\.m2\repository\org\springframework\boot\spring-boot-starter-hateoas\3.3.4\spring-boot-starter-hateoas-3.3.4.jar;C:\Users\gonzaloduranadasme\.m2\repository\org\springframework\hateoas\spring-hateoas\2.3.3\spring-hateoas-2.3.3.jar;C:\Users\gonzaloduranadasme\.m2\repository\org\springframework\plugin\spring-plugin-core\3.0.0\spring-plugin-core-3.0.0.jar;, sun.cpu.endian=little, hibernate.cdi.extensions=true, user.home=C:\Users\gonzaloduranadasme, user.language=es, java.specification.vendor=Oracle Corporation, java.version.date=2024-10-15, java.home=C:\Program Files\Java\jdk-23, file.separator=\, basedir=C:\Users\gonzaloduranadasme\Documents\GitHub\FS3_Formativa\biblioteca-ms-libros, java.vm.compressedOopsMode=Zero based, line.separator=
, hibernate.persistenceUnitName=default, java.vm.specification.vendor=Oracle Corporation, java.specification.name=Java Platform API Specification, FILE_LOG_CHARSET=UTF-8, hibernate.transaction.coordinator_class=class org.hibernate.resource.transaction.backend.jdbc.internal.JdbcResourceLocalTransactionCoordinatorBuilderImpl, java.awt.headless=true, surefire.real.class.path=C:\Users\gonzaloduranadasme\AppData\Local\Temp\surefire138976378780121418\surefirebooter-20241019190924753_3.jar, jakarta.persistence.validation.mode=AUTO, hibernate.hbm2ddl.auto=update, user.script=, sun.management.compiler=HotSpot 64-Bit Tiered Compilers, java.runtime.version=23.0.1+11-39, user.name=gonzaloduranadasme, stdout.encoding=Cp1252, path.separator=;, os.version=10.0, java.runtime.name=Java(TM) SE Runtime Environment, file.encoding=UTF-8, java.vm.name=Java HotSpot(TM) 64-Bit Server VM, hibernate.show_sql=true, localRepository=C:\Users\gonzaloduranadasme\.m2\repository, java.vendor.url.bug=https://bugreport.java.com/bugreport/, java.io.tmpdir=C:\Users\GONZAL~1\AppData\Local\Temp\, java.version=23.0.1, hibernate.physical_naming_strategy=org.hibernate.boot.model.naming.CamelCaseToUnderscoresNamingStrategy, user.dir=C:\Users\gonzaloduranadasme\Documents\GitHub\FS3_Formativa\biblioteca-ms-libros, os.arch=amd64, java.vm.specification.name=Java Virtual Machine Specification, PID=18288, sun.os.patch.level=, CONSOLE_LOG_CHARSET=UTF-8, hibernate.boot.CfgXmlAccessService.key=org.hibernate.boot.registry.StandardServiceRegistryBuilder$1@6a8fa30a, native.encoding=Cp1252, java.library.path=C:\Program Files\Java\jdk-23\bin;C:\Windows\Sun\Java\bin;C:\Windows\system32;C:\Windows;C:\Program Files\Parallels\Parallels Tools\Applications;C:\Program Files\Microsoft SDKs\Azure\CLI2\wbin;C:\Python312\Scripts\;C:\Python312\;C:\Oracle\Product\OraDB19c\bin;C:\Program Files\Common Files\Oracle\Java\javapath;C:\Windows\system32;C:\Windows;C:\Windows\System32\Wbem;C:\Windows\System32\WindowsPowerShell\v1.0\;C:\Windows\System32\OpenSSH\;C:\Program Files\WinMerge;C:\Program Files\PuTTY\;C:\ProgramData\chocolatey\bin;C:\Program Files\Git\cmd;%NVM_HOME%;%NVM_SYMLINK%;C:\Users\gonzaloduranadasme\AppData\Local\Microsoft\WindowsApps;C:\Users\gonzaloduranadasme\AppData\Local\Programs\Microsoft VS Code\bin;C:\Users\gonzaloduranadasme\AppData\Local\GitHubDesktop\bin;C:\apache-maven-3.9.9\bin;C:\Users\gonzaloduranadasme\AppData\Roaming\npm;C:\Users\gonzaloduranadasme\AppData\Local\Google\Cloud SDK\google-cloud-sdk\bin;C:\Users\gonzaloduranadasme\AppData\Roaming\nvm;C:\Program Files\nodejs;., stderr.encoding=Cp1252, java.vendor=Oracle Corporation, java.vm.info=mixed mode, sharing, java.vm.version=23.0.1+11-39, sun.io.unicode.encoding=UnicodeLittle, hibernate.archive.scanner=org.hibernate.boot.archive.scan.internal.DisabledScanner, hibernate.connection.datasource=HikariDataSource (HikariPool-2), java.class.version=67.0, LOGGED_APPLICATION_NAME=[biblioteca-ms-libros] }
2024-10-19T19:09:44.103-03:00 DEBUG 18288 --- [biblioteca-ms-libros] [           main] o.hibernate.internal.SessionFactoryImpl  : Session factory constructed with filter configurations : {}
2024-10-19T19:09:44.103-03:00 DEBUG 18288 --- [biblioteca-ms-libros] [           main] o.h.v.i.xml.config.ValidationXmlParser   : Trying to load META-INF/validation.xml for XML based Validator configuration.
2024-10-19T19:09:44.104-03:00 DEBUG 18288 --- [biblioteca-ms-libros] [           main] o.h.v.i.xml.config.ResourceLoaderHelper  : Trying to load META-INF/validation.xml via TCCL
2024-10-19T19:09:44.104-03:00 DEBUG 18288 --- [biblioteca-ms-libros] [           main] o.h.v.i.xml.config.ResourceLoaderHelper  : Trying to load META-INF/validation.xml via Hibernate Validator's class loader
2024-10-19T19:09:44.104-03:00 DEBUG 18288 --- [biblioteca-ms-libros] [           main] o.h.v.i.xml.config.ValidationXmlParser   : No META-INF/validation.xml found. Using annotation based configuration only.
2024-10-19T19:09:44.104-03:00 DEBUG 18288 --- [biblioteca-ms-libros] [           main] o.h.v.i.e.resolver.TraversableResolvers  : Found jakarta.persistence.Persistence on classpath containing 'getPersistenceUtil'. Assuming JPA 2 environment. Trying to instantiate JPA aware TraversableResolver
2024-10-19T19:09:44.104-03:00 DEBUG 18288 --- [biblioteca-ms-libros] [           main] o.h.v.i.e.resolver.TraversableResolvers  : Instantiated JPA aware TraversableResolver of type org.hibernate.validator.internal.engine.resolver.JPATraversableResolver.
2024-10-19T19:09:44.106-03:00 DEBUG 18288 --- [biblioteca-ms-libros] [           main] .h.v.m.ResourceBundleMessageInterpolator : Loaded expression factory via original TCCL
2024-10-19T19:09:44.109-03:00 DEBUG 18288 --- [biblioteca-ms-libros] [           main] .i.e.ValidatorFactoryConfigurationHelper : HV000252: Using org.hibernate.validator.internal.engine.DefaultPropertyNodeNameProvider as property node name provider.
2024-10-19T19:09:44.109-03:00 DEBUG 18288 --- [biblioteca-ms-libros] [           main] .i.e.ValidatorFactoryConfigurationHelper : HV000234: Using org.hibernate.validator.messageinterpolation.ResourceBundleMessageInterpolator as ValidatorFactory-scoped message interpolator.
2024-10-19T19:09:44.110-03:00 DEBUG 18288 --- [biblioteca-ms-libros] [           main] .i.e.ValidatorFactoryConfigurationHelper : HV000234: Using org.hibernate.validator.internal.engine.resolver.JPATraversableResolver as ValidatorFactory-scoped traversable resolver.
2024-10-19T19:09:44.110-03:00 DEBUG 18288 --- [biblioteca-ms-libros] [           main] .i.e.ValidatorFactoryConfigurationHelper : HV000234: Using org.hibernate.validator.internal.util.ExecutableParameterNameProvider as ValidatorFactory-scoped parameter name provider.
2024-10-19T19:09:44.110-03:00 DEBUG 18288 --- [biblioteca-ms-libros] [           main] .i.e.ValidatorFactoryConfigurationHelper : HV000234: Using org.hibernate.validator.internal.engine.DefaultClockProvider as ValidatorFactory-scoped clock provider.
2024-10-19T19:09:44.110-03:00 DEBUG 18288 --- [biblioteca-ms-libros] [           main] .i.e.ValidatorFactoryConfigurationHelper : HV000234: Using org.hibernate.validator.internal.engine.scripting.DefaultScriptEvaluatorFactory as ValidatorFactory-scoped script evaluator factory.
2024-10-19T19:09:44.110-03:00 DEBUG 18288 --- [biblioteca-ms-libros] [           main] o.h.boot.internal.ClassLoaderAccessImpl  : Not known whether passed class name [com.example.biblioteca_ms_libros.model.Libro] is safe
2024-10-19T19:09:44.110-03:00 DEBUG 18288 --- [biblioteca-ms-libros] [           main] o.h.boot.internal.ClassLoaderAccessImpl  : No temp ClassLoader provided; using live ClassLoader for loading potentially unsafe class : com.example.biblioteca_ms_libros.model.Libro
2024-10-19T19:09:44.121-03:00 DEBUG 18288 --- [biblioteca-ms-libros] [           main] .h.s.i.SessionFactoryServiceRegistryImpl : EventListenerRegistry access via ServiceRegistry is deprecated.  Use `sessionFactory.getEventEngine().getListenerRegistry()` instead
2024-10-19T19:09:44.123-03:00 DEBUG 18288 --- [biblioteca-ms-libros] [           main] o.h.q.sqm.function.SqmFunctionRegistry   : Registered SqmFunctionTemplate [NamedSqmFunctionTemplate(max)] under max; prior registration was null
2024-10-19T19:09:44.124-03:00 DEBUG 18288 --- [biblioteca-ms-libros] [           main] o.h.q.sqm.function.SqmFunctionRegistry   : Registered SqmFunctionTemplate [NamedSqmFunctionTemplate(min)] under min; prior registration was null
2024-10-19T19:09:44.124-03:00 DEBUG 18288 --- [biblioteca-ms-libros] [           main] o.h.q.sqm.function.SqmFunctionRegistry   : Registered SqmFunctionTemplate [NamedSqmFunctionTemplate(sum)] under sum; prior registration was null
2024-10-19T19:09:44.124-03:00 DEBUG 18288 --- [biblioteca-ms-libros] [           main] o.h.q.sqm.function.SqmFunctionRegistry   : Registered SqmFunctionTemplate [NamedSqmFunctionTemplate(avg)] under avg; prior registration was null
2024-10-19T19:09:44.124-03:00 DEBUG 18288 --- [biblioteca-ms-libros] [           main] o.h.q.sqm.function.SqmFunctionRegistry   : Registered SqmFunctionTemplate [org.hibernate.dialect.function.CountFunction@2eb6a77f] under count; prior registration was null
2024-10-19T19:09:44.124-03:00 DEBUG 18288 --- [biblioteca-ms-libros] [           main] o.h.q.sqm.function.SqmFunctionRegistry   : Registered SqmFunctionTemplate [org.hibernate.dialect.function.EveryAnyEmulation@1b1d2d7b] under every; prior registration was null
2024-10-19T19:09:44.124-03:00 DEBUG 18288 --- [biblioteca-ms-libros] [           main] o.h.q.sqm.function.SqmFunctionRegistry   : Registered SqmFunctionTemplate [org.hibernate.dialect.function.EveryAnyEmulation@1c9fa12] under any; prior registration was null
2024-10-19T19:09:44.124-03:00 DEBUG 18288 --- [biblioteca-ms-libros] [           main] o.h.q.sqm.function.SqmFunctionRegistry   : Registered SqmFunctionTemplate [NamedSqmFunctionTemplate(floor)] under floor; prior registration was null
2024-10-19T19:09:44.124-03:00 DEBUG 18288 --- [biblioteca-ms-libros] [           main] o.h.q.sqm.function.SqmFunctionRegistry   : Registered SqmFunctionTemplate [NamedSqmFunctionTemplate(ceiling)] under ceiling; prior registration was null
2024-10-19T19:09:44.124-03:00 DEBUG 18288 --- [biblioteca-ms-libros] [           main] o.h.q.sqm.function.SqmFunctionRegistry   : Registered SqmFunctionTemplate [NamedSqmFunctionTemplate(mod)] under mod; prior registration was null
2024-10-19T19:09:44.124-03:00 DEBUG 18288 --- [biblioteca-ms-libros] [           main] o.h.q.sqm.function.SqmFunctionRegistry   : Registered SqmFunctionTemplate [NamedSqmFunctionTemplate(abs)] under abs; prior registration was null
2024-10-19T19:09:44.124-03:00 DEBUG 18288 --- [biblioteca-ms-libros] [           main] o.h.q.sqm.function.SqmFunctionRegistry   : Registered SqmFunctionTemplate [NamedSqmFunctionTemplate(sign)] under sign; prior registration was null
2024-10-19T19:09:44.124-03:00 DEBUG 18288 --- [biblioteca-ms-libros] [           main] o.h.q.sqm.function.SqmFunctionRegistry   : Registered SqmFunctionTemplate [NamedSqmFunctionTemplate(sqrt)] under sqrt; prior registration was null
2024-10-19T19:09:44.124-03:00 DEBUG 18288 --- [biblioteca-ms-libros] [           main] o.h.q.sqm.function.SqmFunctionRegistry   : Registered SqmFunctionTemplate [NamedSqmFunctionTemplate(ln)] under ln; prior registration was null
2024-10-19T19:09:44.124-03:00 DEBUG 18288 --- [biblioteca-ms-libros] [           main] o.h.q.sqm.function.SqmFunctionRegistry   : Registered SqmFunctionTemplate [NamedSqmFunctionTemplate(exp)] under exp; prior registration was null
2024-10-19T19:09:44.124-03:00 DEBUG 18288 --- [biblioteca-ms-libros] [           main] o.h.q.sqm.function.SqmFunctionRegistry   : Registered SqmFunctionTemplate [NamedSqmFunctionTemplate(power)] under power; prior registration was null
2024-10-19T19:09:44.125-03:00 DEBUG 18288 --- [biblioteca-ms-libros] [           main] o.h.q.sqm.function.SqmFunctionRegistry   : Registered SqmFunctionTemplate [NamedSqmFunctionTemplate(round)] under round; prior registration was null
2024-10-19T19:09:44.125-03:00 DEBUG 18288 --- [biblioteca-ms-libros] [           main] o.h.q.sqm.function.SqmFunctionRegistry   : Registered SqmFunctionTemplate [NamedSqmFunctionTemplate(sin)] under sin; prior registration was null
2024-10-19T19:09:44.125-03:00 DEBUG 18288 --- [biblioteca-ms-libros] [           main] o.h.q.sqm.function.SqmFunctionRegistry   : Registered SqmFunctionTemplate [NamedSqmFunctionTemplate(cos)] under cos; prior registration was null
2024-10-19T19:09:44.125-03:00 DEBUG 18288 --- [biblioteca-ms-libros] [           main] o.h.q.sqm.function.SqmFunctionRegistry   : Registered SqmFunctionTemplate [NamedSqmFunctionTemplate(tan)] under tan; prior registration was null
2024-10-19T19:09:44.125-03:00 DEBUG 18288 --- [biblioteca-ms-libros] [           main] o.h.q.sqm.function.SqmFunctionRegistry   : Registered SqmFunctionTemplate [NamedSqmFunctionTemplate(asin)] under asin; prior registration was null
2024-10-19T19:09:44.125-03:00 DEBUG 18288 --- [biblioteca-ms-libros] [           main] o.h.q.sqm.function.SqmFunctionRegistry   : Registered SqmFunctionTemplate [NamedSqmFunctionTemplate(acos)] under acos; prior registration was null
2024-10-19T19:09:44.125-03:00 DEBUG 18288 --- [biblioteca-ms-libros] [           main] o.h.q.sqm.function.SqmFunctionRegistry   : Registered SqmFunctionTemplate [NamedSqmFunctionTemplate(atan)] under atan; prior registration was null
2024-10-19T19:09:44.125-03:00 DEBUG 18288 --- [biblioteca-ms-libros] [           main] o.h.q.sqm.function.SqmFunctionRegistry   : Registered SqmFunctionTemplate [NamedSqmFunctionTemplate(atan2)] under atan2; prior registration was null
2024-10-19T19:09:44.125-03:00 DEBUG 18288 --- [biblioteca-ms-libros] [           main] o.h.q.sqm.function.SqmFunctionRegistry   : Registered SqmFunctionTemplate [org.hibernate.query.sqm.function.PatternBasedSqmFunctionDescriptor@549fc0b3] under sinh; prior registration was null
2024-10-19T19:09:44.125-03:00 DEBUG 18288 --- [biblioteca-ms-libros] [           main] o.h.q.sqm.function.SqmFunctionRegistry   : Registered SqmFunctionTemplate [org.hibernate.query.sqm.function.PatternBasedSqmFunctionDescriptor@4f091800] under cosh; prior registration was null
2024-10-19T19:09:44.125-03:00 DEBUG 18288 --- [biblioteca-ms-libros] [           main] o.h.q.sqm.function.SqmFunctionRegistry   : Registered SqmFunctionTemplate [org.hibernate.query.sqm.function.PatternBasedSqmFunctionDescriptor@3d8d926f] under tanh; prior registration was null
2024-10-19T19:09:44.125-03:00 DEBUG 18288 --- [biblioteca-ms-libros] [           main] o.h.q.sqm.function.SqmFunctionRegistry   : Registered SqmFunctionTemplate [org.hibernate.query.sqm.function.PatternBasedSqmFunctionDescriptor@73daf6a6] under pi; prior registration was null
2024-10-19T19:09:44.125-03:00 DEBUG 18288 --- [biblioteca-ms-libros] [           main] o.h.q.sqm.function.SqmFunctionRegistry   : Registered SqmFunctionTemplate [org.hibernate.query.sqm.function.PatternBasedSqmFunctionDescriptor@59ea2a36] under log; prior registration was null
2024-10-19T19:09:44.125-03:00 DEBUG 18288 --- [biblioteca-ms-libros] [           main] o.h.q.sqm.function.SqmFunctionRegistry   : Registered SqmFunctionTemplate [NamedSqmFunctionTemplate(coalesce)] under coalesce; prior registration was null
2024-10-19T19:09:44.125-03:00 DEBUG 18288 --- [biblioteca-ms-libros] [           main] o.h.q.sqm.function.SqmFunctionRegistry   : Registered SqmFunctionTemplate [NamedSqmFunctionTemplate(nullif)] under nullif; prior registration was null
2024-10-19T19:09:44.125-03:00 DEBUG 18288 --- [biblioteca-ms-libros] [           main] o.h.q.sqm.function.SqmFunctionRegistry   : Registered SqmFunctionTemplate [NamedSqmFunctionTemplate(left)] under left; prior registration was null
2024-10-19T19:09:44.125-03:00 DEBUG 18288 --- [biblioteca-ms-libros] [           main] o.h.q.sqm.function.SqmFunctionRegistry   : Registered SqmFunctionTemplate [NamedSqmFunctionTemplate(right)] under right; prior registration was null
2024-10-19T19:09:44.125-03:00 DEBUG 18288 --- [biblioteca-ms-libros] [           main] o.h.q.sqm.function.SqmFunctionRegistry   : Registered SqmFunctionTemplate [NamedSqmFunctionTemplate(replace)] under replace; prior registration was null
2024-10-19T19:09:44.125-03:00 DEBUG 18288 --- [biblioteca-ms-libros] [           main] o.h.q.sqm.function.SqmFunctionRegistry   : Registered SqmFunctionTemplate [NamedSqmFunctionTemplate(concat)] under concat; prior registration was null
2024-10-19T19:09:44.126-03:00 DEBUG 18288 --- [biblioteca-ms-libros] [           main] o.h.q.sqm.function.SqmFunctionRegistry   : Registered SqmFunctionTemplate [NamedSqmFunctionTemplate(lower)] under lower; prior registration was null
2024-10-19T19:09:44.126-03:00 DEBUG 18288 --- [biblioteca-ms-libros] [           main] o.h.q.sqm.function.SqmFunctionRegistry   : Registered SqmFunctionTemplate [NamedSqmFunctionTemplate(upper)] under upper; prior registration was null
2024-10-19T19:09:44.126-03:00 DEBUG 18288 --- [biblioteca-ms-libros] [           main] o.h.q.sqm.function.SqmFunctionRegistry   : Registered SqmFunctionTemplate [NamedSqmFunctionTemplate(substring)] under substring; prior registration was null
2024-10-19T19:09:44.126-03:00 DEBUG 18288 --- [biblioteca-ms-libros] [           main] o.h.q.sqm.function.SqmFunctionRegistry   : Registered SqmFunctionTemplate [NamedSqmFunctionTemplate(locate)] under locate; prior registration was null
2024-10-19T19:09:44.126-03:00 DEBUG 18288 --- [biblioteca-ms-libros] [           main] o.h.q.sqm.function.SqmFunctionRegistry   : Registered SqmFunctionTemplate [NamedSqmFunctionTemplate(character_length)] under character_length; prior registration was null
2024-10-19T19:09:44.126-03:00 DEBUG 18288 --- [biblioteca-ms-libros] [           main] o.h.q.sqm.function.SqmFunctionRegistry   : Registering alternate key : length -> character_length
2024-10-19T19:09:44.126-03:00 DEBUG 18288 --- [biblioteca-ms-libros] [           main] o.h.q.sqm.function.SqmFunctionRegistry   : Registered SqmFunctionTemplate [org.hibernate.dialect.function.LocatePositionEmulation@5e24f013] under position; prior registration was null
2024-10-19T19:09:44.126-03:00 DEBUG 18288 --- [biblioteca-ms-libros] [           main] o.h.q.sqm.function.SqmFunctionRegistry   : Registered SqmFunctionTemplate [org.hibernate.dialect.function.InsertSubstringOverlayEmulation@feb0f52] under overlay; prior registration was null
2024-10-19T19:09:44.126-03:00 DEBUG 18288 --- [biblioteca-ms-libros] [           main] o.h.q.sqm.function.SqmFunctionRegistry   : Registered SqmFunctionTemplate [org.hibernate.dialect.function.TrimFunction@2ba0b7cf] under trim; prior registration was null
2024-10-19T19:09:44.126-03:00 DEBUG 18288 --- [biblioteca-ms-libros] [           main] o.h.q.sqm.function.SqmFunctionRegistry   : Registered SqmFunctionTemplate [org.hibernate.dialect.function.CastFunction@23138317] under cast; prior registration was null
2024-10-19T19:09:44.126-03:00 DEBUG 18288 --- [biblioteca-ms-libros] [           main] o.h.q.sqm.function.SqmFunctionRegistry   : Registered SqmFunctionTemplate [org.hibernate.query.sqm.function.PatternBasedSqmFunctionDescriptor@5ace5b0e] under collate; prior registration was null
2024-10-19T19:09:44.126-03:00 DEBUG 18288 --- [biblioteca-ms-libros] [           main] o.h.q.sqm.function.SqmFunctionRegistry   : Registered SqmFunctionTemplate [org.hibernate.dialect.function.ExtractFunction@d884e9a] under extract; prior registration was null
2024-10-19T19:09:44.126-03:00 DEBUG 18288 --- [biblioteca-ms-libros] [           main] o.h.q.sqm.function.SqmFunctionRegistry   : Registered SqmFunctionTemplate [NamedSqmFunctionTemplate(least)] under least; prior registration was null
2024-10-19T19:09:44.126-03:00 DEBUG 18288 --- [biblioteca-ms-libros] [           main] o.h.q.sqm.function.SqmFunctionRegistry   : Registered SqmFunctionTemplate [NamedSqmFunctionTemplate(greatest)] under greatest; prior registration was null
2024-10-19T19:09:44.126-03:00 DEBUG 18288 --- [biblioteca-ms-libros] [           main] o.h.q.sqm.function.SqmFunctionRegistry   : Registered SqmFunctionTemplate [org.hibernate.dialect.function.CoalesceIfnullEmulation@23389e2b] under ifnull; prior registration was null
2024-10-19T19:09:44.127-03:00 DEBUG 18288 --- [biblioteca-ms-libros] [           main] o.h.q.sqm.function.SqmFunctionRegistry   : Registered SqmFunctionTemplate [NamedSqmFunctionTemplate(lpad)] under lpad; prior registration was null
2024-10-19T19:09:44.127-03:00 DEBUG 18288 --- [biblioteca-ms-libros] [           main] o.h.q.sqm.function.SqmFunctionRegistry   : Registered SqmFunctionTemplate [NamedSqmFunctionTemplate(rpad)] under rpad; prior registration was null
2024-10-19T19:09:44.127-03:00 DEBUG 18288 --- [biblioteca-ms-libros] [           main] o.h.q.sqm.function.SqmFunctionRegistry   : Registered SqmFunctionTemplate [org.hibernate.dialect.function.LpadRpadPadEmulation@1c0cba60] under pad; prior registration was null
2024-10-19T19:09:44.127-03:00 DEBUG 18288 --- [biblioteca-ms-libros] [           main] o.h.q.sqm.function.SqmFunctionRegistry   : Registered SqmFunctionTemplate [org.hibernate.dialect.function.CastStrEmulation@34b294c4] under str; prior registration was null
2024-10-19T19:09:44.127-03:00 DEBUG 18288 --- [biblioteca-ms-libros] [           main] o.h.q.sqm.function.SqmFunctionRegistry   : Registered SqmFunctionTemplate [org.hibernate.dialect.function.FormatFunction@7b01f056] under format; prior registration was null
2024-10-19T19:09:44.127-03:00 DEBUG 18288 --- [biblioteca-ms-libros] [           main] o.h.q.sqm.function.SqmFunctionRegistry   : Registered SqmFunctionTemplate [org.hibernate.dialect.function.TimestampaddFunction@1caff0db] under timestampadd; prior registration was null
2024-10-19T19:09:44.127-03:00 DEBUG 18288 --- [biblioteca-ms-libros] [           main] o.h.q.sqm.function.SqmFunctionRegistry   : Registered SqmFunctionTemplate [org.hibernate.dialect.function.TimestampdiffFunction@65899694] under timestampdiff; prior registration was null
2024-10-19T19:09:44.127-03:00 DEBUG 18288 --- [biblioteca-ms-libros] [           main] o.h.q.sqm.function.SqmFunctionRegistry   : Registering alternate key : dateadd -> timestampadd
2024-10-19T19:09:44.127-03:00 DEBUG 18288 --- [biblioteca-ms-libros] [           main] o.h.q.sqm.function.SqmFunctionRegistry   : Registering alternate key : datediff -> timestampdiff
2024-10-19T19:09:44.127-03:00 DEBUG 18288 --- [biblioteca-ms-libros] [           main] o.h.q.sqm.function.SqmFunctionRegistry   : Registered SqmFunctionTemplate [org.hibernate.dialect.function.CurrentFunction@453d2a55] under current_date; prior registration was null
2024-10-19T19:09:44.127-03:00 DEBUG 18288 --- [biblioteca-ms-libros] [           main] o.h.q.sqm.function.SqmFunctionRegistry   : Registered SqmFunctionTemplate [org.hibernate.dialect.function.CurrentFunction@31cae1e4] under current_time; prior registration was null
2024-10-19T19:09:44.127-03:00 DEBUG 18288 --- [biblioteca-ms-libros] [           main] o.h.q.sqm.function.SqmFunctionRegistry   : Registered SqmFunctionTemplate [org.hibernate.dialect.function.CurrentFunction@5280e62e] under current_timestamp; prior registration was null
2024-10-19T19:09:44.127-03:00 DEBUG 18288 --- [biblioteca-ms-libros] [           main] o.h.q.sqm.function.SqmFunctionRegistry   : Registering alternate key : current date -> current_date
2024-10-19T19:09:44.127-03:00 DEBUG 18288 --- [biblioteca-ms-libros] [           main] o.h.q.sqm.function.SqmFunctionRegistry   : Registering alternate key : current time -> current_time
2024-10-19T19:09:44.127-03:00 DEBUG 18288 --- [biblioteca-ms-libros] [           main] o.h.q.sqm.function.SqmFunctionRegistry   : Registering alternate key : current timestamp -> current_timestamp
2024-10-19T19:09:44.127-03:00 DEBUG 18288 --- [biblioteca-ms-libros] [           main] o.h.q.sqm.function.SqmFunctionRegistry   : Registered SqmFunctionTemplate [org.hibernate.dialect.function.CurrentFunction@7b14e7dc] under local_date; prior registration was null
2024-10-19T19:09:44.127-03:00 DEBUG 18288 --- [biblioteca-ms-libros] [           main] o.h.q.sqm.function.SqmFunctionRegistry   : Registered SqmFunctionTemplate [org.hibernate.dialect.function.CurrentFunction@57d71569] under local_time; prior registration was null
2024-10-19T19:09:44.127-03:00 DEBUG 18288 --- [biblioteca-ms-libros] [           main] o.h.q.sqm.function.SqmFunctionRegistry   : Registered SqmFunctionTemplate [org.hibernate.dialect.function.CurrentFunction@31741bb6] under local_datetime; prior registration was null
2024-10-19T19:09:44.127-03:00 DEBUG 18288 --- [biblioteca-ms-libros] [           main] o.h.q.sqm.function.SqmFunctionRegistry   : Registered SqmFunctionTemplate [org.hibernate.dialect.function.CurrentFunction@64903a20] under offset_datetime; prior registration was null
2024-10-19T19:09:44.127-03:00 DEBUG 18288 --- [biblioteca-ms-libros] [           main] o.h.q.sqm.function.SqmFunctionRegistry   : Registering alternate key : local date -> local_date
2024-10-19T19:09:44.127-03:00 DEBUG 18288 --- [biblioteca-ms-libros] [           main] o.h.q.sqm.function.SqmFunctionRegistry   : Registering alternate key : local time -> local_time
2024-10-19T19:09:44.128-03:00 DEBUG 18288 --- [biblioteca-ms-libros] [           main] o.h.q.sqm.function.SqmFunctionRegistry   : Registering alternate key : local datetime -> local_datetime
2024-10-19T19:09:44.128-03:00 DEBUG 18288 --- [biblioteca-ms-libros] [           main] o.h.q.sqm.function.SqmFunctionRegistry   : Registering alternate key : offset datetime -> offset_datetime
2024-10-19T19:09:44.128-03:00 DEBUG 18288 --- [biblioteca-ms-libros] [           main] o.h.q.sqm.function.SqmFunctionRegistry   : Registered SqmFunctionTemplate [org.hibernate.dialect.function.CurrentFunction@38e61b69] under instant; prior registration was null
2024-10-19T19:09:44.128-03:00 DEBUG 18288 --- [biblioteca-ms-libros] [           main] o.h.q.sqm.function.SqmFunctionRegistry   : Registering alternate key : current_instant -> instant
2024-10-19T19:09:44.128-03:00 DEBUG 18288 --- [biblioteca-ms-libros] [           main] o.h.q.sqm.function.SqmFunctionRegistry   : Registered SqmFunctionTemplate [org.hibernate.dialect.function.SqlFunction@57753d41] under sql; prior registration was null
2024-10-19T19:09:44.128-03:00 DEBUG 18288 --- [biblioteca-ms-libros] [           main] o.h.q.sqm.function.SqmFunctionRegistry   : Registered SqmFunctionTemplate [NamedSqmFunctionTemplate(ascii)] under ascii; prior registration was null
2024-10-19T19:09:44.128-03:00 DEBUG 18288 --- [biblioteca-ms-libros] [           main] o.h.q.sqm.function.SqmFunctionRegistry   : Registered SqmFunctionTemplate [NamedSqmFunctionTemplate(chr)] under chr; prior registration was null
2024-10-19T19:09:44.128-03:00 DEBUG 18288 --- [biblioteca-ms-libros] [           main] o.h.q.sqm.function.SqmFunctionRegistry   : Registering alternate key : char -> chr
2024-10-19T19:09:44.129-03:00 DEBUG 18288 --- [biblioteca-ms-libros] [           main] o.h.q.sqm.function.SqmFunctionRegistry   : Registered SqmFunctionTemplate [NamedSqmFunctionTemplate(cosh)] under cosh; prior registration was org.hibernate.query.sqm.function.PatternBasedSqmFunctionDescriptor@4f091800
2024-10-19T19:09:44.129-03:00 DEBUG 18288 --- [biblioteca-ms-libros] [           main] o.h.q.sqm.function.SqmFunctionRegistry   : Registered SqmFunctionTemplate [NamedSqmFunctionTemplate(sinh)] under sinh; prior registration was org.hibernate.query.sqm.function.PatternBasedSqmFunctionDescriptor@549fc0b3
2024-10-19T19:09:44.129-03:00 DEBUG 18288 --- [biblioteca-ms-libros] [           main] o.h.q.sqm.function.SqmFunctionRegistry   : Registered SqmFunctionTemplate [NamedSqmFunctionTemplate(tanh)] under tanh; prior registration was org.hibernate.query.sqm.function.PatternBasedSqmFunctionDescriptor@3d8d926f
2024-10-19T19:09:44.129-03:00 DEBUG 18288 --- [biblioteca-ms-libros] [           main] o.h.q.sqm.function.SqmFunctionRegistry   : Registered SqmFunctionTemplate [NamedSqmFunctionTemplate(log)] under log; prior registration was org.hibernate.query.sqm.function.PatternBasedSqmFunctionDescriptor@59ea2a36
2024-10-19T19:09:44.130-03:00 DEBUG 18288 --- [biblioteca-ms-libros] [           main] o.h.q.sqm.function.SqmFunctionRegistry   : Registered SqmFunctionTemplate [org.hibernate.query.sqm.function.PatternBasedSqmFunctionDescriptor@464d25b2] under log10; prior registration was null
2024-10-19T19:09:44.130-03:00 DEBUG 18288 --- [biblioteca-ms-libros] [           main] o.h.q.sqm.function.SqmFunctionRegistry   : Registered SqmFunctionTemplate [NamedSqmFunctionTemplate(soundex)] under soundex; prior registration was null
2024-10-19T19:09:44.130-03:00 DEBUG 18288 --- [biblioteca-ms-libros] [           main] o.h.q.sqm.function.SqmFunctionRegistry   : Registered SqmFunctionTemplate [NamedSqmFunctionTemplate(ltrim)] under ltrim; prior registration was null
2024-10-19T19:09:44.130-03:00 DEBUG 18288 --- [biblioteca-ms-libros] [           main] o.h.q.sqm.function.SqmFunctionRegistry   : Registered SqmFunctionTemplate [NamedSqmFunctionTemplate(rtrim)] under rtrim; prior registration was null
2024-10-19T19:09:44.130-03:00 DEBUG 18288 --- [biblioteca-ms-libros] [           main] o.h.q.sqm.function.SqmFunctionRegistry   : Registered SqmFunctionTemplate [NamedSqmFunctionTemplate(initcap)] under initcap; prior registration was null
2024-10-19T19:09:44.130-03:00 DEBUG 18288 --- [biblioteca-ms-libros] [           main] o.h.q.sqm.function.SqmFunctionRegistry   : Registered SqmFunctionTemplate [NamedSqmFunctionTemplate(instr)] under instr; prior registration was null
2024-10-19T19:09:44.130-03:00 DEBUG 18288 --- [biblioteca-ms-libros] [           main] o.h.q.sqm.function.SqmFunctionRegistry   : Registered SqmFunctionTemplate [NamedSqmFunctionTemplate(substr)] under substr; prior registration was null
2024-10-19T19:09:44.130-03:00 DEBUG 18288 --- [biblioteca-ms-libros] [           main] o.h.q.sqm.function.SqmFunctionRegistry   : Registered SqmFunctionTemplate [NamedSqmFunctionTemplate(substr)] under substring; prior registration was NamedSqmFunctionTemplate(substring)
2024-10-19T19:09:44.131-03:00 DEBUG 18288 --- [biblioteca-ms-libros] [           main] o.h.q.sqm.function.SqmFunctionRegistry   : Registered SqmFunctionTemplate [org.hibernate.query.sqm.function.PatternBasedSqmFunctionDescriptor@23e95661] under left; prior registration was NamedSqmFunctionTemplate(left)
2024-10-19T19:09:44.131-03:00 DEBUG 18288 --- [biblioteca-ms-libros] [           main] o.h.q.sqm.function.SqmFunctionRegistry   : Registered SqmFunctionTemplate [org.hibernate.query.sqm.function.PatternBasedSqmFunctionDescriptor@2bdc2c26] under right; prior registration was NamedSqmFunctionTemplate(right)
2024-10-19T19:09:44.131-03:00 DEBUG 18288 --- [biblioteca-ms-libros] [           main] o.h.q.sqm.function.SqmFunctionRegistry   : Registered SqmFunctionTemplate [NamedSqmFunctionTemplate(translate)] under translate; prior registration was null
2024-10-19T19:09:44.131-03:00 DEBUG 18288 --- [biblioteca-ms-libros] [           main] o.h.q.sqm.function.SqmFunctionRegistry   : Registered SqmFunctionTemplate [NamedSqmFunctionTemplate(bitand)] under bitand; prior registration was null
2024-10-19T19:09:44.131-03:00 DEBUG 18288 --- [biblioteca-ms-libros] [           main] o.h.q.sqm.function.SqmFunctionRegistry   : Registered SqmFunctionTemplate [NamedSqmFunctionTemplate(last_day)] under last_day; prior registration was null
2024-10-19T19:09:44.132-03:00 DEBUG 18288 --- [biblioteca-ms-libros] [           main] o.h.q.sqm.function.SqmFunctionRegistry   : Registered SqmFunctionTemplate [NamedSqmFunctionTemplate(to_number)] under to_number; prior registration was null
2024-10-19T19:09:44.132-03:00 DEBUG 18288 --- [biblioteca-ms-libros] [           main] o.h.q.sqm.function.SqmFunctionRegistry   : Registered SqmFunctionTemplate [NamedSqmFunctionTemplate(to_char)] under to_char; prior registration was null
2024-10-19T19:09:44.132-03:00 DEBUG 18288 --- [biblioteca-ms-libros] [           main] o.h.q.sqm.function.SqmFunctionRegistry   : Registered SqmFunctionTemplate [NamedSqmFunctionTemplate(to_date)] under to_date; prior registration was null
2024-10-19T19:09:44.132-03:00 DEBUG 18288 --- [biblioteca-ms-libros] [           main] o.h.q.sqm.function.SqmFunctionRegistry   : Registered SqmFunctionTemplate [NamedSqmFunctionTemplate(to_timestamp)] under to_timestamp; prior registration was null
2024-10-19T19:09:44.132-03:00 DEBUG 18288 --- [biblioteca-ms-libros] [           main] o.h.q.sqm.function.SqmFunctionRegistry   : Registered SqmFunctionTemplate [NamedSqmFunctionTemplate(ceil)] under ceil; prior registration was null
2024-10-19T19:09:44.132-03:00 DEBUG 18288 --- [biblioteca-ms-libros] [           main] o.h.q.sqm.function.SqmFunctionRegistry   : Registering alternate key : ceiling -> ceil
2024-10-19T19:09:44.132-03:00 DEBUG 18288 --- [biblioteca-ms-libros] [           main] o.h.q.sqm.function.SqmFunctionRegistry   : Registered SqmFunctionTemplate [org.hibernate.query.sqm.function.PatternBasedSqmFunctionDescriptor@553d9329] under concat; prior registration was NamedSqmFunctionTemplate(concat)
2024-10-19T19:09:44.132-03:00 DEBUG 18288 --- [biblioteca-ms-libros] [           main] o.h.q.sqm.function.SqmFunctionRegistry   : Registered SqmFunctionTemplate [NamedSqmFunctionTemplate(rowid)] under rowid; prior registration was null
2024-10-19T19:09:44.132-03:00 DEBUG 18288 --- [biblioteca-ms-libros] [           main] o.h.q.sqm.function.SqmFunctionRegistry   : Registered SqmFunctionTemplate [NamedSqmFunctionTemplate(rownum)] under rownum; prior registration was null
2024-10-19T19:09:44.133-03:00 DEBUG 18288 --- [biblioteca-ms-libros] [           main] o.h.q.sqm.function.SqmFunctionRegistry   : Registered SqmFunctionTemplate [NamedSqmFunctionTemplate(sysdate)] under sysdate; prior registration was null
2024-10-19T19:09:44.133-03:00 DEBUG 18288 --- [biblioteca-ms-libros] [           main] o.h.q.sqm.function.SqmFunctionRegistry   : Registered SqmFunctionTemplate [NamedSqmFunctionTemplate(systimestamp)] under systimestamp; prior registration was null
2024-10-19T19:09:44.133-03:00 DEBUG 18288 --- [biblioteca-ms-libros] [           main] o.h.q.sqm.function.SqmFunctionRegistry   : Registered SqmFunctionTemplate [NamedSqmFunctionTemplate(add_months)] under add_months; prior registration was null
2024-10-19T19:09:44.133-03:00 DEBUG 18288 --- [biblioteca-ms-libros] [           main] o.h.q.sqm.function.SqmFunctionRegistry   : Registered SqmFunctionTemplate [NamedSqmFunctionTemplate(months_between)] under months_between; prior registration was null
2024-10-19T19:09:44.133-03:00 DEBUG 18288 --- [biblioteca-ms-libros] [           main] o.h.q.sqm.function.SqmFunctionRegistry   : Registered SqmFunctionTemplate [org.hibernate.dialect.function.MinMaxCaseEveryAnyEmulation@7a725c89] under every; prior registration was org.hibernate.dialect.function.EveryAnyEmulation@1b1d2d7b
2024-10-19T19:09:44.133-03:00 DEBUG 18288 --- [biblioteca-ms-libros] [           main] o.h.q.sqm.function.SqmFunctionRegistry   : Registered SqmFunctionTemplate [org.hibernate.dialect.function.MinMaxCaseEveryAnyEmulation@13c147f8] under any; prior registration was org.hibernate.dialect.function.EveryAnyEmulation@1c9fa12
2024-10-19T19:09:44.134-03:00 DEBUG 18288 --- [biblioteca-ms-libros] [           main] o.h.q.sqm.function.SqmFunctionRegistry   : Registered SqmFunctionTemplate [org.hibernate.query.sqm.function.PatternBasedSqmFunctionDescriptor@5936e4ba] under repeat; prior registration was null
2024-10-19T19:09:44.135-03:00 DEBUG 18288 --- [biblioteca-ms-libros] [           main] o.h.q.sqm.function.SqmFunctionRegistry   : Registered SqmFunctionTemplate [org.hibernate.query.sqm.function.PatternBasedSqmFunctionDescriptor@60ab906e] under radians; prior registration was null
2024-10-19T19:09:44.135-03:00 DEBUG 18288 --- [biblioteca-ms-libros] [           main] o.h.q.sqm.function.SqmFunctionRegistry   : Registered SqmFunctionTemplate [org.hibernate.query.sqm.function.PatternBasedSqmFunctionDescriptor@8551ee6] under degrees; prior registration was null
2024-10-19T19:09:44.136-03:00 DEBUG 18288 --- [biblioteca-ms-libros] [           main] o.h.q.sqm.function.SqmFunctionRegistry   : Registered SqmFunctionTemplate [NamedSqmFunctionTemplate(median)] under median; prior registration was null
2024-10-19T19:09:44.136-03:00 DEBUG 18288 --- [biblioteca-ms-libros] [           main] o.h.q.sqm.function.SqmFunctionRegistry   : Registered SqmFunctionTemplate [NamedSqmFunctionTemplate(stddev)] under stddev; prior registration was null
2024-10-19T19:09:44.136-03:00 DEBUG 18288 --- [biblioteca-ms-libros] [           main] o.h.q.sqm.function.SqmFunctionRegistry   : Registered SqmFunctionTemplate [NamedSqmFunctionTemplate(stddev_pop)] under stddev_pop; prior registration was null
2024-10-19T19:09:44.136-03:00 DEBUG 18288 --- [biblioteca-ms-libros] [           main] o.h.q.sqm.function.SqmFunctionRegistry   : Registered SqmFunctionTemplate [NamedSqmFunctionTemplate(stddev_samp)] under stddev_samp; prior registration was null
2024-10-19T19:09:44.136-03:00 DEBUG 18288 --- [biblioteca-ms-libros] [           main] o.h.q.sqm.function.SqmFunctionRegistry   : Registered SqmFunctionTemplate [NamedSqmFunctionTemplate(variance)] under variance; prior registration was null
2024-10-19T19:09:44.136-03:00 DEBUG 18288 --- [biblioteca-ms-libros] [           main] o.h.q.sqm.function.SqmFunctionRegistry   : Registered SqmFunctionTemplate [NamedSqmFunctionTemplate(var_pop)] under var_pop; prior registration was null
2024-10-19T19:09:44.136-03:00 DEBUG 18288 --- [biblioteca-ms-libros] [           main] o.h.q.sqm.function.SqmFunctionRegistry   : Registered SqmFunctionTemplate [NamedSqmFunctionTemplate(var_samp)] under var_samp; prior registration was null
2024-10-19T19:09:44.136-03:00 DEBUG 18288 --- [biblioteca-ms-libros] [           main] o.h.q.sqm.function.SqmFunctionRegistry   : Registered SqmFunctionTemplate [NamedSqmFunctionTemplate(covar_pop)] under covar_pop; prior registration was null
2024-10-19T19:09:44.136-03:00 DEBUG 18288 --- [biblioteca-ms-libros] [           main] o.h.q.sqm.function.SqmFunctionRegistry   : Registered SqmFunctionTemplate [NamedSqmFunctionTemplate(covar_samp)] under covar_samp; prior registration was null
2024-10-19T19:09:44.136-03:00 DEBUG 18288 --- [biblioteca-ms-libros] [           main] o.h.q.sqm.function.SqmFunctionRegistry   : Registered SqmFunctionTemplate [NamedSqmFunctionTemplate(corr)] under corr; prior registration was null
2024-10-19T19:09:44.136-03:00 DEBUG 18288 --- [biblioteca-ms-libros] [           main] o.h.q.sqm.function.SqmFunctionRegistry   : Registered SqmFunctionTemplate [NamedSqmFunctionTemplate(regr_avgx)] under regr_avgx; prior registration was null
2024-10-19T19:09:44.136-03:00 DEBUG 18288 --- [biblioteca-ms-libros] [           main] o.h.q.sqm.function.SqmFunctionRegistry   : Registered SqmFunctionTemplate [NamedSqmFunctionTemplate(regr_avgy)] under regr_avgy; prior registration was null
2024-10-19T19:09:44.136-03:00 DEBUG 18288 --- [biblioteca-ms-libros] [           main] o.h.q.sqm.function.SqmFunctionRegistry   : Registered SqmFunctionTemplate [NamedSqmFunctionTemplate(regr_count)] under regr_count; prior registration was null
2024-10-19T19:09:44.136-03:00 DEBUG 18288 --- [biblioteca-ms-libros] [           main] o.h.q.sqm.function.SqmFunctionRegistry   : Registered SqmFunctionTemplate [NamedSqmFunctionTemplate(regr_intercept)] under regr_intercept; prior registration was null
2024-10-19T19:09:44.137-03:00 DEBUG 18288 --- [biblioteca-ms-libros] [           main] o.h.q.sqm.function.SqmFunctionRegistry   : Registered SqmFunctionTemplate [NamedSqmFunctionTemplate(regr_r2)] under regr_r2; prior registration was null
2024-10-19T19:09:44.137-03:00 DEBUG 18288 --- [biblioteca-ms-libros] [           main] o.h.q.sqm.function.SqmFunctionRegistry   : Registered SqmFunctionTemplate [NamedSqmFunctionTemplate(regr_slope)] under regr_slope; prior registration was null
2024-10-19T19:09:44.137-03:00 DEBUG 18288 --- [biblioteca-ms-libros] [           main] o.h.q.sqm.function.SqmFunctionRegistry   : Registered SqmFunctionTemplate [NamedSqmFunctionTemplate(regr_sxx)] under regr_sxx; prior registration was null
2024-10-19T19:09:44.137-03:00 DEBUG 18288 --- [biblioteca-ms-libros] [           main] o.h.q.sqm.function.SqmFunctionRegistry   : Registered SqmFunctionTemplate [NamedSqmFunctionTemplate(regr_sxy)] under regr_sxy; prior registration was null
2024-10-19T19:09:44.137-03:00 DEBUG 18288 --- [biblioteca-ms-libros] [           main] o.h.q.sqm.function.SqmFunctionRegistry   : Registered SqmFunctionTemplate [NamedSqmFunctionTemplate(regr_syy)] under regr_syy; prior registration was null
2024-10-19T19:09:44.137-03:00 DEBUG 18288 --- [biblioteca-ms-libros] [           main] o.h.q.sqm.function.SqmFunctionRegistry   : Registered SqmFunctionTemplate [org.hibernate.dialect.function.LengthFunction@11b26693] under length; prior registration was null
2024-10-19T19:09:44.138-03:00 DEBUG 18288 --- [biblioteca-ms-libros] [           main] o.h.q.sqm.function.SqmFunctionRegistry   : Registering alternate key : character_length -> length
2024-10-19T19:09:44.138-03:00 DEBUG 18288 --- [biblioteca-ms-libros] [           main] o.h.q.sqm.function.SqmFunctionRegistry   : Registered SqmFunctionTemplate [org.hibernate.dialect.function.LengthFunction@7f4f432b] under octet_length; prior registration was null
2024-10-19T19:09:44.138-03:00 DEBUG 18288 --- [biblioteca-ms-libros] [           main] o.h.q.sqm.function.SqmFunctionRegistry   : Registered SqmFunctionTemplate [org.hibernate.dialect.function.LengthFunction@435b944c] under bit_length; prior registration was null
2024-10-19T19:09:44.138-03:00 DEBUG 18288 --- [biblioteca-ms-libros] [           main] o.h.q.sqm.function.SqmFunctionRegistry   : Registered SqmFunctionTemplate [NamedSqmFunctionTemplate(coalesce)] under coalesce; prior registration was NamedSqmFunctionTemplate(coalesce)
2024-10-19T19:09:44.138-03:00 DEBUG 18288 --- [biblioteca-ms-libros] [           main] o.h.q.sqm.function.SqmFunctionRegistry   : Registered SqmFunctionTemplate [org.hibernate.query.sqm.function.PatternBasedSqmFunctionDescriptor@635900ef] under bitor; prior registration was null
2024-10-19T19:09:44.138-03:00 DEBUG 18288 --- [biblioteca-ms-libros] [           main] o.h.q.sqm.function.SqmFunctionRegistry   : Registered SqmFunctionTemplate [org.hibernate.query.sqm.function.PatternBasedSqmFunctionDescriptor@615d74e9] under bitxor; prior registration was null
2024-10-19T19:09:44.139-03:00 DEBUG 18288 --- [biblioteca-ms-libros] [           main] o.h.q.sqm.function.SqmFunctionRegistry   : Registered SqmFunctionTemplate [org.hibernate.query.sqm.function.MultipatternSqmFunctionDescriptor@648e25f2] under locate; prior registration was NamedSqmFunctionTemplate(locate)
2024-10-19T19:09:44.139-03:00 DEBUG 18288 --- [biblioteca-ms-libros] [           main] o.h.q.sqm.function.SqmFunctionRegistry   : Registered SqmFunctionTemplate [org.hibernate.dialect.function.ListaggFunction@7b6824db] under listagg; prior registration was null
2024-10-19T19:09:44.140-03:00 DEBUG 18288 --- [biblioteca-ms-libros] [           main] o.h.q.sqm.function.SqmFunctionRegistry   : Registered SqmFunctionTemplate [NamedSqmFunctionTemplate(row_number)] under row_number; prior registration was null
2024-10-19T19:09:44.140-03:00 DEBUG 18288 --- [biblioteca-ms-libros] [           main] o.h.q.sqm.function.SqmFunctionRegistry   : Registered SqmFunctionTemplate [NamedSqmFunctionTemplate(lag)] under lag; prior registration was null
2024-10-19T19:09:44.140-03:00 DEBUG 18288 --- [biblioteca-ms-libros] [           main] o.h.q.sqm.function.SqmFunctionRegistry   : Registered SqmFunctionTemplate [NamedSqmFunctionTemplate(lead)] under lead; prior registration was null
2024-10-19T19:09:44.140-03:00 DEBUG 18288 --- [biblioteca-ms-libros] [           main] o.h.q.sqm.function.SqmFunctionRegistry   : Registered SqmFunctionTemplate [NamedSqmFunctionTemplate(first_value)] under first_value; prior registration was null
2024-10-19T19:09:44.140-03:00 DEBUG 18288 --- [biblioteca-ms-libros] [           main] o.h.q.sqm.function.SqmFunctionRegistry   : Registered SqmFunctionTemplate [NamedSqmFunctionTemplate(last_value)] under last_value; prior registration was null
2024-10-19T19:09:44.140-03:00 DEBUG 18288 --- [biblioteca-ms-libros] [           main] o.h.q.sqm.function.SqmFunctionRegistry   : Registered SqmFunctionTemplate [NamedSqmFunctionTemplate(nth_value)] under nth_value; prior registration was null
2024-10-19T19:09:44.140-03:00 DEBUG 18288 --- [biblioteca-ms-libros] [           main] o.h.q.sqm.function.SqmFunctionRegistry   : Registered SqmFunctionTemplate [org.hibernate.dialect.function.HypotheticalSetFunction@509d0d21] under rank; prior registration was null
2024-10-19T19:09:44.140-03:00 DEBUG 18288 --- [biblioteca-ms-libros] [           main] o.h.q.sqm.function.SqmFunctionRegistry   : Registered SqmFunctionTemplate [org.hibernate.dialect.function.HypotheticalSetFunction@5a6dd1e7] under dense_rank; prior registration was null
2024-10-19T19:09:44.140-03:00 DEBUG 18288 --- [biblioteca-ms-libros] [           main] o.h.q.sqm.function.SqmFunctionRegistry   : Registered SqmFunctionTemplate [org.hibernate.dialect.function.HypotheticalSetFunction@4fd9deed] under percent_rank; prior registration was null
2024-10-19T19:09:44.141-03:00 DEBUG 18288 --- [biblioteca-ms-libros] [           main] o.h.q.sqm.function.SqmFunctionRegistry   : Registered SqmFunctionTemplate [org.hibernate.dialect.function.HypotheticalSetFunction@75ad7531] under cume_dist; prior registration was null
2024-10-19T19:09:44.141-03:00 DEBUG 18288 --- [biblioteca-ms-libros] [           main] o.h.q.sqm.function.SqmFunctionRegistry   : Registered SqmFunctionTemplate [org.hibernate.dialect.function.InverseDistributionFunction@4d619aa0] under mode; prior registration was null
2024-10-19T19:09:44.141-03:00 DEBUG 18288 --- [biblioteca-ms-libros] [           main] o.h.q.sqm.function.SqmFunctionRegistry   : Registered SqmFunctionTemplate [org.hibernate.dialect.function.InverseDistributionFunction@79378802] under percentile_cont; prior registration was null
2024-10-19T19:09:44.141-03:00 DEBUG 18288 --- [biblioteca-ms-libros] [           main] o.h.q.sqm.function.SqmFunctionRegistry   : Registered SqmFunctionTemplate [org.hibernate.dialect.function.InverseDistributionFunction@78181f7f] under percentile_disc; prior registration was null
2024-10-19T19:09:44.141-03:00 DEBUG 18288 --- [biblioteca-ms-libros] [           main] o.h.q.sqm.function.SqmFunctionRegistry   : Registered SqmFunctionTemplate [org.hibernate.dialect.function.ModeStatsModeEmulation@6682e9b0] under mode; prior registration was org.hibernate.dialect.function.InverseDistributionFunction@4d619aa0
2024-10-19T19:09:44.142-03:00 DEBUG 18288 --- [biblioteca-ms-libros] [           main] o.h.q.sqm.function.SqmFunctionRegistry   : Registered SqmFunctionTemplate [org.hibernate.dialect.function.OracleTruncFunction@27f7db5a] under trunc; prior registration was null
2024-10-19T19:09:44.142-03:00 DEBUG 18288 --- [biblioteca-ms-libros] [           main] o.h.q.sqm.function.SqmFunctionRegistry   : Registering alternate key : truncate -> trunc
2024-10-19T19:09:44.143-03:00 DEBUG 18288 --- [biblioteca-ms-libros] [           main] o.h.q.sqm.function.SqmFunctionRegistry   : Registered SqmFunctionTemplate [org.hibernate.dialect.function.array.OracleArrayConstructorFunction@6245303e] under array; prior registration was null
2024-10-19T19:09:44.143-03:00 DEBUG 18288 --- [biblioteca-ms-libros] [           main] o.h.q.sqm.function.SqmFunctionRegistry   : Registered SqmFunctionTemplate [org.hibernate.dialect.function.array.OracleArrayConstructorFunction@5a1e28ee] under array_list; prior registration was null
2024-10-19T19:09:44.143-03:00 DEBUG 18288 --- [biblioteca-ms-libros] [           main] o.h.q.sqm.function.SqmFunctionRegistry   : Registered SqmFunctionTemplate [org.hibernate.dialect.function.array.OracleArrayAggEmulation@2b208574] under array_agg; prior registration was null
2024-10-19T19:09:44.143-03:00 DEBUG 18288 --- [biblioteca-ms-libros] [           main] o.h.q.sqm.function.SqmFunctionRegistry   : Registered SqmFunctionTemplate [org.hibernate.dialect.function.array.OracleArrayPositionFunction@3294b641] under array_position; prior registration was null
2024-10-19T19:09:44.144-03:00 DEBUG 18288 --- [biblioteca-ms-libros] [           main] o.h.q.sqm.function.SqmFunctionRegistry   : Registered SqmFunctionTemplate [org.hibernate.dialect.function.array.OracleArrayPositionsFunction@5269aa68] under array_positions; prior registration was null
2024-10-19T19:09:44.146-03:00 DEBUG 18288 --- [biblioteca-ms-libros] [           main] o.h.q.sqm.function.SqmFunctionRegistry   : Registered SqmFunctionTemplate [org.hibernate.dialect.function.array.OracleArrayPositionsFunction@6a7c0932] under array_positions_list; prior registration was null
2024-10-19T19:09:44.146-03:00 DEBUG 18288 --- [biblioteca-ms-libros] [           main] o.h.q.sqm.function.SqmFunctionRegistry   : Registered SqmFunctionTemplate [org.hibernate.dialect.function.array.OracleArrayLengthFunction@4e64e44c] under array_length; prior registration was null
2024-10-19T19:09:44.146-03:00 DEBUG 18288 --- [biblioteca-ms-libros] [           main] o.h.q.sqm.function.SqmFunctionRegistry   : Registered SqmFunctionTemplate [org.hibernate.dialect.function.array.OracleArrayConcatFunction@51413d02] under array_concat; prior registration was null
2024-10-19T19:09:44.147-03:00 DEBUG 18288 --- [biblioteca-ms-libros] [           main] o.h.q.sqm.function.SqmFunctionRegistry   : Registered SqmFunctionTemplate [org.hibernate.dialect.function.array.OracleArrayConcatElementFunction@406ea770] under array_prepend; prior registration was null
2024-10-19T19:09:44.147-03:00 DEBUG 18288 --- [biblioteca-ms-libros] [           main] o.h.q.sqm.function.SqmFunctionRegistry   : Registered SqmFunctionTemplate [org.hibernate.dialect.function.array.OracleArrayConcatElementFunction@4ad113d6] under array_append; prior registration was null
2024-10-19T19:09:44.147-03:00 DEBUG 18288 --- [biblioteca-ms-libros] [           main] o.h.q.sqm.function.SqmFunctionRegistry   : Registered SqmFunctionTemplate [org.hibernate.dialect.function.array.OracleArrayContainsFunction@23fed844] under array_contains; prior registration was null
2024-10-19T19:09:44.147-03:00 DEBUG 18288 --- [biblioteca-ms-libros] [           main] o.h.q.sqm.function.SqmFunctionRegistry   : Registered SqmFunctionTemplate [org.hibernate.dialect.function.array.OracleArrayContainsFunction@7b0f5814] under array_contains_nullable; prior registration was null
2024-10-19T19:09:44.147-03:00 DEBUG 18288 --- [biblioteca-ms-libros] [           main] o.h.q.sqm.function.SqmFunctionRegistry   : Registered SqmFunctionTemplate [org.hibernate.dialect.function.array.OracleArrayOverlapsFunction@4eef2522] under array_overlaps; prior registration was null
2024-10-19T19:09:44.147-03:00 DEBUG 18288 --- [biblioteca-ms-libros] [           main] o.h.q.sqm.function.SqmFunctionRegistry   : Registered SqmFunctionTemplate [org.hibernate.dialect.function.array.OracleArrayOverlapsFunction@c62d08a] under array_overlaps_nullable; prior registration was null
2024-10-19T19:09:44.147-03:00 DEBUG 18288 --- [biblioteca-ms-libros] [           main] o.h.q.sqm.function.SqmFunctionRegistry   : Registered SqmFunctionTemplate [org.hibernate.dialect.function.array.OracleArrayGetFunction@598b15ba] under array_get; prior registration was null
2024-10-19T19:09:44.148-03:00 DEBUG 18288 --- [biblioteca-ms-libros] [           main] o.h.q.sqm.function.SqmFunctionRegistry   : Registered SqmFunctionTemplate [org.hibernate.dialect.function.array.OracleArraySetFunction@58453967] under array_set; prior registration was null
2024-10-19T19:09:44.148-03:00 DEBUG 18288 --- [biblioteca-ms-libros] [           main] o.h.q.sqm.function.SqmFunctionRegistry   : Registered SqmFunctionTemplate [org.hibernate.dialect.function.array.OracleArrayRemoveFunction@6f34d178] under array_remove; prior registration was null
2024-10-19T19:09:44.148-03:00 DEBUG 18288 --- [biblioteca-ms-libros] [           main] o.h.q.sqm.function.SqmFunctionRegistry   : Registered SqmFunctionTemplate [org.hibernate.dialect.function.array.OracleArrayRemoveIndexFunction@75c8ba94] under array_remove_index; prior registration was null
2024-10-19T19:09:44.148-03:00 DEBUG 18288 --- [biblioteca-ms-libros] [           main] o.h.q.sqm.function.SqmFunctionRegistry   : Registered SqmFunctionTemplate [org.hibernate.dialect.function.array.OracleArraySliceFunction@746f5752] under array_slice; prior registration was null
2024-10-19T19:09:44.148-03:00 DEBUG 18288 --- [biblioteca-ms-libros] [           main] o.h.q.sqm.function.SqmFunctionRegistry   : Registered SqmFunctionTemplate [org.hibernate.dialect.function.array.OracleArrayReplaceFunction@510c6b9] under array_replace; prior registration was null
2024-10-19T19:09:44.148-03:00 DEBUG 18288 --- [biblioteca-ms-libros] [           main] o.h.q.sqm.function.SqmFunctionRegistry   : Registered SqmFunctionTemplate [org.hibernate.dialect.function.array.OracleArrayTrimFunction@4c666872] under array_trim; prior registration was null
2024-10-19T19:09:44.148-03:00 DEBUG 18288 --- [biblioteca-ms-libros] [           main] o.h.q.sqm.function.SqmFunctionRegistry   : Registered SqmFunctionTemplate [org.hibernate.dialect.function.array.OracleArrayFillFunction@7c4a7770] under array_fill; prior registration was null
2024-10-19T19:09:44.148-03:00 DEBUG 18288 --- [biblioteca-ms-libros] [           main] o.h.q.sqm.function.SqmFunctionRegistry   : Registered SqmFunctionTemplate [org.hibernate.dialect.function.array.OracleArrayFillFunction@72117a6c] under array_fill_list; prior registration was null
2024-10-19T19:09:44.148-03:00 DEBUG 18288 --- [biblioteca-ms-libros] [           main] o.h.q.sqm.function.SqmFunctionRegistry   : Registered SqmFunctionTemplate [org.hibernate.dialect.function.array.OracleArrayToStringFunction@71b75f99] under array_to_string; prior registration was null
2024-10-19T19:09:44.151-03:00 DEBUG 18288 --- [biblioteca-ms-libros] [           main] org.hibernate.HQL_FUNCTIONS              : abs(NUMERIC arg)
2024-10-19T19:09:44.151-03:00 DEBUG 18288 --- [biblioteca-ms-libros] [           main] org.hibernate.HQL_FUNCTIONS              : Double acos(NUMERIC arg)
2024-10-19T19:09:44.151-03:00 DEBUG 18288 --- [biblioteca-ms-libros] [           main] org.hibernate.HQL_FUNCTIONS              : add_months(DATE datetime, INTEGER months)
2024-10-19T19:09:44.151-03:00 DEBUG 18288 --- [biblioteca-ms-libros] [           main] org.hibernate.HQL_FUNCTIONS              : Boolean any(BOOLEAN arg)
2024-10-19T19:09:44.152-03:00 DEBUG 18288 --- [biblioteca-ms-libros] [           main] org.hibernate.HQL_FUNCTIONS              : array( ... )
2024-10-19T19:09:44.152-03:00 DEBUG 18288 --- [biblioteca-ms-libros] [           main] org.hibernate.HQL_FUNCTIONS              : array_agg(arg)
2024-10-19T19:09:44.152-03:00 DEBUG 18288 --- [biblioteca-ms-libros] [           main] org.hibernate.HQL_FUNCTIONS              : array_append( ... )
2024-10-19T19:09:44.152-03:00 DEBUG 18288 --- [biblioteca-ms-libros] [           main] org.hibernate.HQL_FUNCTIONS              : array_concat( ... )
2024-10-19T19:09:44.152-03:00 DEBUG 18288 --- [biblioteca-ms-libros] [           main] org.hibernate.HQL_FUNCTIONS              : Boolean array_contains(ARRAY haystackArray, OBJECT needleElementOrArray)
2024-10-19T19:09:44.152-03:00 DEBUG 18288 --- [biblioteca-ms-libros] [           main] org.hibernate.HQL_FUNCTIONS              : Boolean array_contains_nullable(ARRAY haystackArray, OBJECT needleElementOrArray)
2024-10-19T19:09:44.152-03:00 DEBUG 18288 --- [biblioteca-ms-libros] [           main] org.hibernate.HQL_FUNCTIONS              : array_fill(OBJECT element, INTEGER elementCount)
2024-10-19T19:09:44.152-03:00 DEBUG 18288 --- [biblioteca-ms-libros] [           main] org.hibernate.HQL_FUNCTIONS              : array_fill_list(OBJECT element, INTEGER elementCount)
2024-10-19T19:09:44.152-03:00 DEBUG 18288 --- [biblioteca-ms-libros] [           main] org.hibernate.HQL_FUNCTIONS              : array_get( ... )
2024-10-19T19:09:44.152-03:00 DEBUG 18288 --- [biblioteca-ms-libros] [           main] org.hibernate.HQL_FUNCTIONS              : Integer array_length(ARRAY array)
2024-10-19T19:09:44.152-03:00 DEBUG 18288 --- [biblioteca-ms-libros] [           main] org.hibernate.HQL_FUNCTIONS              : array_list( ... )
2024-10-19T19:09:44.152-03:00 DEBUG 18288 --- [biblioteca-ms-libros] [           main] org.hibernate.HQL_FUNCTIONS              : Boolean array_overlaps(ARRAY array0, OBJECT array1)
2024-10-19T19:09:44.152-03:00 DEBUG 18288 --- [biblioteca-ms-libros] [           main] org.hibernate.HQL_FUNCTIONS              : Boolean array_overlaps_nullable(ARRAY array0, OBJECT array1)
2024-10-19T19:09:44.152-03:00 DEBUG 18288 --- [biblioteca-ms-libros] [           main] org.hibernate.HQL_FUNCTIONS              : Integer array_position(ARRAY array, OBJECT element[, INTEGER startPosition])
2024-10-19T19:09:44.153-03:00 DEBUG 18288 --- [biblioteca-ms-libros] [           main] org.hibernate.HQL_FUNCTIONS              : int[] array_positions(ARRAY array, OBJECT element)
2024-10-19T19:09:44.153-03:00 DEBUG 18288 --- [biblioteca-ms-libros] [           main] org.hibernate.HQL_FUNCTIONS              : List array_positions_list(ARRAY array, OBJECT element)
2024-10-19T19:09:44.153-03:00 DEBUG 18288 --- [biblioteca-ms-libros] [           main] org.hibernate.HQL_FUNCTIONS              : array_prepend( ... )
2024-10-19T19:09:44.153-03:00 DEBUG 18288 --- [biblioteca-ms-libros] [           main] org.hibernate.HQL_FUNCTIONS              : array_remove( ... )
2024-10-19T19:09:44.153-03:00 DEBUG 18288 --- [biblioteca-ms-libros] [           main] org.hibernate.HQL_FUNCTIONS              : array_remove_index( ... )
2024-10-19T19:09:44.153-03:00 DEBUG 18288 --- [biblioteca-ms-libros] [           main] org.hibernate.HQL_FUNCTIONS              : array_replace( ... )
2024-10-19T19:09:44.153-03:00 DEBUG 18288 --- [biblioteca-ms-libros] [           main] org.hibernate.HQL_FUNCTIONS              : array_set( ... )
2024-10-19T19:09:44.153-03:00 DEBUG 18288 --- [biblioteca-ms-libros] [           main] org.hibernate.HQL_FUNCTIONS              : array_slice( ... )
2024-10-19T19:09:44.153-03:00 DEBUG 18288 --- [biblioteca-ms-libros] [           main] org.hibernate.HQL_FUNCTIONS              : String array_to_string( ... )
2024-10-19T19:09:44.153-03:00 DEBUG 18288 --- [biblioteca-ms-libros] [           main] org.hibernate.HQL_FUNCTIONS              : array_trim( ... )
2024-10-19T19:09:44.153-03:00 DEBUG 18288 --- [biblioteca-ms-libros] [           main] org.hibernate.HQL_FUNCTIONS              : Integer ascii(STRING arg)
2024-10-19T19:09:44.153-03:00 DEBUG 18288 --- [biblioteca-ms-libros] [           main] org.hibernate.HQL_FUNCTIONS              : Double asin(NUMERIC arg)
2024-10-19T19:09:44.154-03:00 DEBUG 18288 --- [biblioteca-ms-libros] [           main] org.hibernate.HQL_FUNCTIONS              : Double atan(NUMERIC arg)
2024-10-19T19:09:44.154-03:00 DEBUG 18288 --- [biblioteca-ms-libros] [           main] org.hibernate.HQL_FUNCTIONS              : Double atan2(NUMERIC arg0, NUMERIC arg1)
2024-10-19T19:09:44.154-03:00 DEBUG 18288 --- [biblioteca-ms-libros] [           main] org.hibernate.HQL_FUNCTIONS              : avg(arg)
2024-10-19T19:09:44.154-03:00 DEBUG 18288 --- [biblioteca-ms-libros] [           main] org.hibernate.HQL_FUNCTIONS              : Integer bit_length(STRING_OR_CLOB arg)
2024-10-19T19:09:44.154-03:00 DEBUG 18288 --- [biblioteca-ms-libros] [           main] org.hibernate.HQL_FUNCTIONS              : bitand(arg0, arg1)
2024-10-19T19:09:44.155-03:00 DEBUG 18288 --- [biblioteca-ms-libros] [           main] org.hibernate.HQL_FUNCTIONS              : bitor(arg0, arg1)
2024-10-19T19:09:44.155-03:00 DEBUG 18288 --- [biblioteca-ms-libros] [           main] org.hibernate.HQL_FUNCTIONS              : bitxor(arg0, arg1)
2024-10-19T19:09:44.155-03:00 DEBUG 18288 --- [biblioteca-ms-libros] [           main] org.hibernate.HQL_FUNCTIONS              : cast(arg as Type)
2024-10-19T19:09:44.155-03:00 DEBUG 18288 --- [biblioteca-ms-libros] [           main] org.hibernate.HQL_FUNCTIONS              : ceil(NUMERIC arg)
2024-10-19T19:09:44.155-03:00 DEBUG 18288 --- [biblioteca-ms-libros] [           main] org.hibernate.HQL_FUNCTIONS              : ceiling(NUMERIC arg)
2024-10-19T19:09:44.155-03:00 DEBUG 18288 --- [biblioteca-ms-libros] [           main] org.hibernate.HQL_FUNCTIONS              : Character char(INTEGER arg)
2024-10-19T19:09:44.155-03:00 DEBUG 18288 --- [biblioteca-ms-libros] [           main] org.hibernate.HQL_FUNCTIONS              : Integer character_length(STRING_OR_CLOB arg)
2024-10-19T19:09:44.155-03:00 DEBUG 18288 --- [biblioteca-ms-libros] [           main] org.hibernate.HQL_FUNCTIONS              : Character chr(INTEGER arg)
2024-10-19T19:09:44.155-03:00 DEBUG 18288 --- [biblioteca-ms-libros] [           main] org.hibernate.HQL_FUNCTIONS              : coalesce(arg0[, arg1[, ...]])
2024-10-19T19:09:44.155-03:00 DEBUG 18288 --- [biblioteca-ms-libros] [           main] org.hibernate.HQL_FUNCTIONS              : String collate(STRING string as COLLATION collation)
2024-10-19T19:09:44.155-03:00 DEBUG 18288 --- [biblioteca-ms-libros] [           main] org.hibernate.HQL_FUNCTIONS              : String concat(STRING string0[, STRING string1[, ...]])
2024-10-19T19:09:44.155-03:00 DEBUG 18288 --- [biblioteca-ms-libros] [           main] org.hibernate.HQL_FUNCTIONS              : Double corr(NUMERIC arg0, NUMERIC arg1)
2024-10-19T19:09:44.155-03:00 DEBUG 18288 --- [biblioteca-ms-libros] [           main] org.hibernate.HQL_FUNCTIONS              : Double cos(NUMERIC arg)
2024-10-19T19:09:44.155-03:00 DEBUG 18288 --- [biblioteca-ms-libros] [           main] org.hibernate.HQL_FUNCTIONS              : Double cosh(NUMERIC arg)
2024-10-19T19:09:44.156-03:00 DEBUG 18288 --- [biblioteca-ms-libros] [           main] org.hibernate.HQL_FUNCTIONS              : Long count([distinct ]{arg|*})
2024-10-19T19:09:44.162-03:00 DEBUG 18288 --- [biblioteca-ms-libros] [           main] org.hibernate.HQL_FUNCTIONS              : Double covar_pop(NUMERIC arg0, NUMERIC arg1)
2024-10-19T19:09:44.162-03:00 DEBUG 18288 --- [biblioteca-ms-libros] [           main] org.hibernate.HQL_FUNCTIONS              : Double covar_samp(NUMERIC arg0, NUMERIC arg1)
2024-10-19T19:09:44.162-03:00 DEBUG 18288 --- [biblioteca-ms-libros] [           main] org.hibernate.HQL_FUNCTIONS              : Double cume_dist([arg0[, ...]])
2024-10-19T19:09:44.162-03:00 DEBUG 18288 --- [biblioteca-ms-libros] [           main] org.hibernate.HQL_FUNCTIONS              : Date current date
2024-10-19T19:09:44.163-03:00 DEBUG 18288 --- [biblioteca-ms-libros] [           main] org.hibernate.HQL_FUNCTIONS              : Time current time
2024-10-19T19:09:44.163-03:00 DEBUG 18288 --- [biblioteca-ms-libros] [           main] org.hibernate.HQL_FUNCTIONS              : Timestamp current timestamp
2024-10-19T19:09:44.163-03:00 DEBUG 18288 --- [biblioteca-ms-libros] [           main] org.hibernate.HQL_FUNCTIONS              : Date current_date
2024-10-19T19:09:44.163-03:00 DEBUG 18288 --- [biblioteca-ms-libros] [           main] org.hibernate.HQL_FUNCTIONS              : Instant current_instant
2024-10-19T19:09:44.163-03:00 DEBUG 18288 --- [biblioteca-ms-libros] [           main] org.hibernate.HQL_FUNCTIONS              : Time current_time
2024-10-19T19:09:44.163-03:00 DEBUG 18288 --- [biblioteca-ms-libros] [           main] org.hibernate.HQL_FUNCTIONS              : Timestamp current_timestamp
2024-10-19T19:09:44.163-03:00 DEBUG 18288 --- [biblioteca-ms-libros] [           main] org.hibernate.HQL_FUNCTIONS              : dateadd(TEMPORAL_UNIT field, INTEGER magnitude, TEMPORAL datetime)
2024-10-19T19:09:44.163-03:00 DEBUG 18288 --- [biblioteca-ms-libros] [           main] org.hibernate.HQL_FUNCTIONS              : Long|Double datediff(TEMPORAL_UNIT field, TEMPORAL start, TEMPORAL end)
2024-10-19T19:09:44.163-03:00 DEBUG 18288 --- [biblioteca-ms-libros] [           main] org.hibernate.HQL_FUNCTIONS              : Double degrees(NUMERIC arg)
2024-10-19T19:09:44.163-03:00 DEBUG 18288 --- [biblioteca-ms-libros] [           main] org.hibernate.HQL_FUNCTIONS              : Long dense_rank([arg0[, ...]])
2024-10-19T19:09:44.163-03:00 DEBUG 18288 --- [biblioteca-ms-libros] [           main] org.hibernate.HQL_FUNCTIONS              : Boolean every(BOOLEAN arg)
2024-10-19T19:09:44.163-03:00 DEBUG 18288 --- [biblioteca-ms-libros] [           main] org.hibernate.HQL_FUNCTIONS              : Double exp(NUMERIC arg)
2024-10-19T19:09:44.163-03:00 DEBUG 18288 --- [biblioteca-ms-libros] [           main] org.hibernate.HQL_FUNCTIONS              : extract(TEMPORAL_UNIT field from TEMPORAL arg)
2024-10-19T19:09:44.163-03:00 DEBUG 18288 --- [biblioteca-ms-libros] [           main] org.hibernate.HQL_FUNCTIONS              : first_valueANY value
2024-10-19T19:09:44.164-03:00 DEBUG 18288 --- [biblioteca-ms-libros] [           main] org.hibernate.HQL_FUNCTIONS              : floor(NUMERIC arg)
2024-10-19T19:09:44.164-03:00 DEBUG 18288 --- [biblioteca-ms-libros] [           main] org.hibernate.HQL_FUNCTIONS              : String format(TEMPORAL datetime as STRING pattern)
2024-10-19T19:09:44.164-03:00 DEBUG 18288 --- [biblioteca-ms-libros] [           main] org.hibernate.HQL_FUNCTIONS              : greatest(COMPARABLE arg0, COMPARABLE arg1[, arg2[, ...]])
2024-10-19T19:09:44.164-03:00 DEBUG 18288 --- [biblioteca-ms-libros] [           main] org.hibernate.HQL_FUNCTIONS              : ifnull(arg0, arg1)
2024-10-19T19:09:44.164-03:00 DEBUG 18288 --- [biblioteca-ms-libros] [           main] org.hibernate.HQL_FUNCTIONS              : String initcap(arg)
2024-10-19T19:09:44.166-03:00 DEBUG 18288 --- [biblioteca-ms-libros] [           main] org.hibernate.HQL_FUNCTIONS              : Instant instant
2024-10-19T19:09:44.167-03:00 DEBUG 18288 --- [biblioteca-ms-libros] [           main] org.hibernate.HQL_FUNCTIONS              : Integer instr(STRING string, STRING pattern[, INTEGER start[, INTEGER occurrence]])
2024-10-19T19:09:44.168-03:00 DEBUG 18288 --- [biblioteca-ms-libros] [           main] org.hibernate.HQL_FUNCTIONS              : lagANY value[, INTEGER offset[, ANY default]]
2024-10-19T19:09:44.171-03:00 DEBUG 18288 --- [biblioteca-ms-libros] [           main] org.hibernate.HQL_FUNCTIONS              : Date last_day(DATE arg)
2024-10-19T19:09:44.171-03:00 DEBUG 18288 --- [biblioteca-ms-libros] [           main] org.hibernate.HQL_FUNCTIONS              : last_valueANY value
2024-10-19T19:09:44.172-03:00 DEBUG 18288 --- [biblioteca-ms-libros] [           main] org.hibernate.HQL_FUNCTIONS              : leadANY value[, INTEGER offset[, ANY default]]
2024-10-19T19:09:44.172-03:00 DEBUG 18288 --- [biblioteca-ms-libros] [           main] org.hibernate.HQL_FUNCTIONS              : least(COMPARABLE arg0, COMPARABLE arg1[, arg2[, ...]])
2024-10-19T19:09:44.172-03:00 DEBUG 18288 --- [biblioteca-ms-libros] [           main] org.hibernate.HQL_FUNCTIONS              : String left(STRING string, INTEGER length)
2024-10-19T19:09:44.172-03:00 DEBUG 18288 --- [biblioteca-ms-libros] [           main] org.hibernate.HQL_FUNCTIONS              : Integer length(STRING_OR_CLOB arg)
2024-10-19T19:09:44.173-03:00 DEBUG 18288 --- [biblioteca-ms-libros] [           main] org.hibernate.HQL_FUNCTIONS              : String listagg(STRING arg0, STRING arg1)
2024-10-19T19:09:44.173-03:00 DEBUG 18288 --- [biblioteca-ms-libros] [           main] org.hibernate.HQL_FUNCTIONS              : Double ln(NUMERIC arg)
2024-10-19T19:09:44.174-03:00 DEBUG 18288 --- [biblioteca-ms-libros] [           main] org.hibernate.HQL_FUNCTIONS              : LocalDate local date
2024-10-19T19:09:44.175-03:00 DEBUG 18288 --- [biblioteca-ms-libros] [           main] org.hibernate.HQL_FUNCTIONS              : LocalDateTime local datetime
2024-10-19T19:09:44.176-03:00 DEBUG 18288 --- [biblioteca-ms-libros] [           main] org.hibernate.HQL_FUNCTIONS              : LocalTime local time
2024-10-19T19:09:44.176-03:00 DEBUG 18288 --- [biblioteca-ms-libros] [           main] org.hibernate.HQL_FUNCTIONS              : LocalDate local_date
2024-10-19T19:09:44.177-03:00 DEBUG 18288 --- [biblioteca-ms-libros] [           main] org.hibernate.HQL_FUNCTIONS              : LocalDateTime local_datetime
2024-10-19T19:09:44.177-03:00 DEBUG 18288 --- [biblioteca-ms-libros] [           main] org.hibernate.HQL_FUNCTIONS              : LocalTime local_time
2024-10-19T19:09:44.177-03:00 DEBUG 18288 --- [biblioteca-ms-libros] [           main] org.hibernate.HQL_FUNCTIONS              : Integer locate(pattern, string[, start])
2024-10-19T19:09:44.177-03:00 DEBUG 18288 --- [biblioteca-ms-libros] [           main] org.hibernate.HQL_FUNCTIONS              : Double log(NUMERIC arg0[, NUMERIC arg1])
2024-10-19T19:09:44.177-03:00 DEBUG 18288 --- [biblioteca-ms-libros] [           main] org.hibernate.HQL_FUNCTIONS              : Double log10(NUMERIC arg)
2024-10-19T19:09:44.178-03:00 DEBUG 18288 --- [biblioteca-ms-libros] [           main] org.hibernate.HQL_FUNCTIONS              : String lower(STRING string)
2024-10-19T19:09:44.178-03:00 DEBUG 18288 --- [biblioteca-ms-libros] [           main] org.hibernate.HQL_FUNCTIONS              : String lpad(STRING string, INTEGER length[, STRING padding])
2024-10-19T19:09:44.178-03:00 DEBUG 18288 --- [biblioteca-ms-libros] [           main] org.hibernate.HQL_FUNCTIONS              : String ltrim(STRING string[, STRING characters])
2024-10-19T19:09:44.178-03:00 DEBUG 18288 --- [biblioteca-ms-libros] [           main] org.hibernate.HQL_FUNCTIONS              : max(COMPARABLE arg)
2024-10-19T19:09:44.178-03:00 DEBUG 18288 --- [biblioteca-ms-libros] [           main] org.hibernate.HQL_FUNCTIONS              : Double median(NUMERIC arg)
2024-10-19T19:09:44.178-03:00 DEBUG 18288 --- [biblioteca-ms-libros] [           main] org.hibernate.HQL_FUNCTIONS              : min(COMPARABLE arg)
2024-10-19T19:09:44.178-03:00 DEBUG 18288 --- [biblioteca-ms-libros] [           main] org.hibernate.HQL_FUNCTIONS              : Integer mod(INTEGER arg0, INTEGER arg1)
2024-10-19T19:09:44.178-03:00 DEBUG 18288 --- [biblioteca-ms-libros] [           main] org.hibernate.HQL_FUNCTIONS              : mode()
2024-10-19T19:09:44.178-03:00 DEBUG 18288 --- [biblioteca-ms-libros] [           main] org.hibernate.HQL_FUNCTIONS              : Integer months_between(DATE end, DATE start)
2024-10-19T19:09:44.178-03:00 DEBUG 18288 --- [biblioteca-ms-libros] [           main] org.hibernate.HQL_FUNCTIONS              : nth_valueANY value, INTEGER nth
2024-10-19T19:09:44.178-03:00 DEBUG 18288 --- [biblioteca-ms-libros] [           main] org.hibernate.HQL_FUNCTIONS              : nullif(arg0, arg1)
2024-10-19T19:09:44.178-03:00 DEBUG 18288 --- [biblioteca-ms-libros] [           main] org.hibernate.HQL_FUNCTIONS              : Integer octet_length(STRING_OR_CLOB arg)
2024-10-19T19:09:44.180-03:00 DEBUG 18288 --- [biblioteca-ms-libros] [           main] org.hibernate.HQL_FUNCTIONS              : OffsetDateTime offset datetime
2024-10-19T19:09:44.183-03:00 DEBUG 18288 --- [biblioteca-ms-libros] [           main] org.hibernate.HQL_FUNCTIONS              : OffsetDateTime offset_datetime
2024-10-19T19:09:44.185-03:00 DEBUG 18288 --- [biblioteca-ms-libros] [           main] org.hibernate.HQL_FUNCTIONS              : String overlay(STRING string placing STRING replacement from INTEGER start[ for INTEGER length])
2024-10-19T19:09:44.186-03:00 DEBUG 18288 --- [biblioteca-ms-libros] [           main] org.hibernate.HQL_FUNCTIONS              : String pad(STRING string with INTEGER length {leading|trailing}[ STRING character])
2024-10-19T19:09:44.186-03:00 DEBUG 18288 --- [biblioteca-ms-libros] [           main] org.hibernate.HQL_FUNCTIONS              : Double percent_rank([arg0[, ...]])
2024-10-19T19:09:44.186-03:00 DEBUG 18288 --- [biblioteca-ms-libros] [           main] org.hibernate.HQL_FUNCTIONS              : percentile_cont(NUMERIC arg)
2024-10-19T19:09:44.186-03:00 DEBUG 18288 --- [biblioteca-ms-libros] [           main] org.hibernate.HQL_FUNCTIONS              : percentile_disc(NUMERIC arg)
2024-10-19T19:09:44.186-03:00 DEBUG 18288 --- [biblioteca-ms-libros] [           main] org.hibernate.HQL_FUNCTIONS              : Double pi
2024-10-19T19:09:44.186-03:00 DEBUG 18288 --- [biblioteca-ms-libros] [           main] org.hibernate.HQL_FUNCTIONS              : Integer position(STRING pattern in STRING string)
2024-10-19T19:09:44.186-03:00 DEBUG 18288 --- [biblioteca-ms-libros] [           main] org.hibernate.HQL_FUNCTIONS              : Double power(NUMERIC arg0, NUMERIC arg1)
2024-10-19T19:09:44.186-03:00 DEBUG 18288 --- [biblioteca-ms-libros] [           main] org.hibernate.HQL_FUNCTIONS              : Double radians(NUMERIC arg)
2024-10-19T19:09:44.186-03:00 DEBUG 18288 --- [biblioteca-ms-libros] [           main] org.hibernate.HQL_FUNCTIONS              : Long rank([arg0[, ...]])
2024-10-19T19:09:44.187-03:00 DEBUG 18288 --- [biblioteca-ms-libros] [           main] org.hibernate.HQL_FUNCTIONS              : Double regr_avgx(NUMERIC arg0, NUMERIC arg1)
2024-10-19T19:09:44.187-03:00 DEBUG 18288 --- [biblioteca-ms-libros] [           main] org.hibernate.HQL_FUNCTIONS              : Double regr_avgy(NUMERIC arg0, NUMERIC arg1)
2024-10-19T19:09:44.187-03:00 DEBUG 18288 --- [biblioteca-ms-libros] [           main] org.hibernate.HQL_FUNCTIONS              : Double regr_count(NUMERIC arg0, NUMERIC arg1)
2024-10-19T19:09:44.187-03:00 DEBUG 18288 --- [biblioteca-ms-libros] [           main] org.hibernate.HQL_FUNCTIONS              : Double regr_intercept(NUMERIC arg0, NUMERIC arg1)
2024-10-19T19:09:44.187-03:00 DEBUG 18288 --- [biblioteca-ms-libros] [           main] org.hibernate.HQL_FUNCTIONS              : Double regr_r2(NUMERIC arg0, NUMERIC arg1)
2024-10-19T19:09:44.187-03:00 DEBUG 18288 --- [biblioteca-ms-libros] [           main] org.hibernate.HQL_FUNCTIONS              : Double regr_slope(NUMERIC arg0, NUMERIC arg1)
2024-10-19T19:09:44.187-03:00 DEBUG 18288 --- [biblioteca-ms-libros] [           main] org.hibernate.HQL_FUNCTIONS              : Double regr_sxx(NUMERIC arg0, NUMERIC arg1)
2024-10-19T19:09:44.187-03:00 DEBUG 18288 --- [biblioteca-ms-libros] [           main] org.hibernate.HQL_FUNCTIONS              : Double regr_sxy(NUMERIC arg0, NUMERIC arg1)
2024-10-19T19:09:44.187-03:00 DEBUG 18288 --- [biblioteca-ms-libros] [           main] org.hibernate.HQL_FUNCTIONS              : Double regr_syy(NUMERIC arg0, NUMERIC arg1)
2024-10-19T19:09:44.187-03:00 DEBUG 18288 --- [biblioteca-ms-libros] [           main] org.hibernate.HQL_FUNCTIONS              : String repeat(STRING string, INTEGER times)
2024-10-19T19:09:44.187-03:00 DEBUG 18288 --- [biblioteca-ms-libros] [           main] org.hibernate.HQL_FUNCTIONS              : String replace(STRING string, STRING pattern, STRING replacement)
2024-10-19T19:09:44.188-03:00 DEBUG 18288 --- [biblioteca-ms-libros] [           main] org.hibernate.HQL_FUNCTIONS              : String right(STRING string, INTEGER length)
2024-10-19T19:09:44.188-03:00 DEBUG 18288 --- [biblioteca-ms-libros] [           main] org.hibernate.HQL_FUNCTIONS              : round(NUMERIC number[, INTEGER places])
2024-10-19T19:09:44.188-03:00 DEBUG 18288 --- [biblioteca-ms-libros] [           main] org.hibernate.HQL_FUNCTIONS              : Long row_number()
2024-10-19T19:09:44.188-03:00 DEBUG 18288 --- [biblioteca-ms-libros] [           main] org.hibernate.HQL_FUNCTIONS              : Long rowid
2024-10-19T19:09:44.188-03:00 DEBUG 18288 --- [biblioteca-ms-libros] [           main] org.hibernate.HQL_FUNCTIONS              : Long rownum
2024-10-19T19:09:44.188-03:00 DEBUG 18288 --- [biblioteca-ms-libros] [           main] org.hibernate.HQL_FUNCTIONS              : String rpad(STRING string, INTEGER length[, STRING padding])
2024-10-19T19:09:44.188-03:00 DEBUG 18288 --- [biblioteca-ms-libros] [           main] org.hibernate.HQL_FUNCTIONS              : String rtrim(STRING string[, STRING characters])
2024-10-19T19:09:44.188-03:00 DEBUG 18288 --- [biblioteca-ms-libros] [           main] org.hibernate.HQL_FUNCTIONS              : Integer sign(NUMERIC arg)
2024-10-19T19:09:44.188-03:00 DEBUG 18288 --- [biblioteca-ms-libros] [           main] org.hibernate.HQL_FUNCTIONS              : Double sin(NUMERIC arg)
2024-10-19T19:09:44.188-03:00 DEBUG 18288 --- [biblioteca-ms-libros] [           main] org.hibernate.HQL_FUNCTIONS              : Double sinh(NUMERIC arg)
2024-10-19T19:09:44.189-03:00 DEBUG 18288 --- [biblioteca-ms-libros] [           main] org.hibernate.HQL_FUNCTIONS              : String soundex(arg)
2024-10-19T19:09:44.189-03:00 DEBUG 18288 --- [biblioteca-ms-libros] [           main] org.hibernate.HQL_FUNCTIONS              : Object sql
2024-10-19T19:09:44.190-03:00 DEBUG 18288 --- [biblioteca-ms-libros] [           main] org.hibernate.HQL_FUNCTIONS              : Double sqrt(NUMERIC arg)
2024-10-19T19:09:44.190-03:00 DEBUG 18288 --- [biblioteca-ms-libros] [           main] org.hibernate.HQL_FUNCTIONS              : Double stddev(NUMERIC arg)
2024-10-19T19:09:44.191-03:00 DEBUG 18288 --- [biblioteca-ms-libros] [           main] org.hibernate.HQL_FUNCTIONS              : Double stddev_pop(NUMERIC arg)
2024-10-19T19:09:44.191-03:00 DEBUG 18288 --- [biblioteca-ms-libros] [           main] org.hibernate.HQL_FUNCTIONS              : Double stddev_samp(NUMERIC arg)
2024-10-19T19:09:44.191-03:00 DEBUG 18288 --- [biblioteca-ms-libros] [           main] org.hibernate.HQL_FUNCTIONS              : String str(arg)
2024-10-19T19:09:44.191-03:00 DEBUG 18288 --- [biblioteca-ms-libros] [           main] org.hibernate.HQL_FUNCTIONS              : String substr(STRING string, INTEGER start[, INTEGER length])
2024-10-19T19:09:44.191-03:00 DEBUG 18288 --- [biblioteca-ms-libros] [           main] org.hibernate.HQL_FUNCTIONS              : String substring(STRING string{ from|,} INTEGER start[{ for|,} INTEGER length])
2024-10-19T19:09:44.191-03:00 DEBUG 18288 --- [biblioteca-ms-libros] [           main] org.hibernate.HQL_FUNCTIONS              : sum(arg)
2024-10-19T19:09:44.191-03:00 DEBUG 18288 --- [biblioteca-ms-libros] [           main] org.hibernate.HQL_FUNCTIONS              : Timestamp sysdate
2024-10-19T19:09:44.191-03:00 DEBUG 18288 --- [biblioteca-ms-libros] [           main] org.hibernate.HQL_FUNCTIONS              : Timestamp systimestamp
2024-10-19T19:09:44.191-03:00 DEBUG 18288 --- [biblioteca-ms-libros] [           main] org.hibernate.HQL_FUNCTIONS              : Double tan(NUMERIC arg)
2024-10-19T19:09:44.191-03:00 DEBUG 18288 --- [biblioteca-ms-libros] [           main] org.hibernate.HQL_FUNCTIONS              : Double tanh(NUMERIC arg)
2024-10-19T19:09:44.191-03:00 DEBUG 18288 --- [biblioteca-ms-libros] [           main] org.hibernate.HQL_FUNCTIONS              : timestampadd(TEMPORAL_UNIT field, INTEGER magnitude, TEMPORAL datetime)
2024-10-19T19:09:44.191-03:00 DEBUG 18288 --- [biblioteca-ms-libros] [           main] org.hibernate.HQL_FUNCTIONS              : Long|Double timestampdiff(TEMPORAL_UNIT field, TEMPORAL start, TEMPORAL end)
2024-10-19T19:09:44.191-03:00 DEBUG 18288 --- [biblioteca-ms-libros] [           main] org.hibernate.HQL_FUNCTIONS              : String to_char(ANY arg0[, STRING arg1, STRING arg2])
2024-10-19T19:09:44.191-03:00 DEBUG 18288 --- [biblioteca-ms-libros] [           main] org.hibernate.HQL_FUNCTIONS              : Date to_date(STRING arg0[, STRING arg1, STRING arg2])
2024-10-19T19:09:44.192-03:00 DEBUG 18288 --- [biblioteca-ms-libros] [           main] org.hibernate.HQL_FUNCTIONS              : Double to_number(STRING arg0[, STRING arg1, STRING arg2])
2024-10-19T19:09:44.192-03:00 DEBUG 18288 --- [biblioteca-ms-libros] [           main] org.hibernate.HQL_FUNCTIONS              : Timestamp to_timestamp(STRING arg0[, STRING arg1, STRING arg2])
2024-10-19T19:09:44.193-03:00 DEBUG 18288 --- [biblioteca-ms-libros] [           main] org.hibernate.HQL_FUNCTIONS              : String translate(STRING arg0, STRING arg1, STRING arg2)
2024-10-19T19:09:44.193-03:00 DEBUG 18288 --- [biblioteca-ms-libros] [           main] org.hibernate.HQL_FUNCTIONS              : String trim([[{leading|trailing|both} ][STRING arg0 ]from] STRING arg1)
2024-10-19T19:09:44.193-03:00 DEBUG 18288 --- [biblioteca-ms-libros] [           main] org.hibernate.HQL_FUNCTIONS              : trunc( ... )
2024-10-19T19:09:44.193-03:00 DEBUG 18288 --- [biblioteca-ms-libros] [           main] org.hibernate.HQL_FUNCTIONS              : truncate( ... )
2024-10-19T19:09:44.193-03:00 DEBUG 18288 --- [biblioteca-ms-libros] [           main] org.hibernate.HQL_FUNCTIONS              : String upper(STRING string)
2024-10-19T19:09:44.194-03:00 DEBUG 18288 --- [biblioteca-ms-libros] [           main] org.hibernate.HQL_FUNCTIONS              : Double var_pop(NUMERIC arg)
2024-10-19T19:09:44.194-03:00 DEBUG 18288 --- [biblioteca-ms-libros] [           main] org.hibernate.HQL_FUNCTIONS              : Double var_samp(NUMERIC arg)
2024-10-19T19:09:44.194-03:00 DEBUG 18288 --- [biblioteca-ms-libros] [           main] org.hibernate.HQL_FUNCTIONS              : Double variance(NUMERIC arg)
2024-10-19T19:09:44.194-03:00 DEBUG 18288 --- [biblioteca-ms-libros] [           main] org.hibernate.orm.query.plan.cache       : Starting QueryInterpretationCache(2048)
2024-10-19T19:09:44.196-03:00 DEBUG 18288 --- [biblioteca-ms-libros] [           main] .h.s.i.SessionFactoryServiceRegistryImpl : EventListenerRegistry access via ServiceRegistry is deprecated.  Use `sessionFactory.getEventEngine().getListenerRegistry()` instead
2024-10-19T19:09:44.196-03:00 DEBUG 18288 --- [biblioteca-ms-libros] [           main] h.e.i.EntityCopyObserverFactoryInitiator : Configured EntityCopyObserver strategy: disallow
2024-10-19T19:09:44.198-03:00 DEBUG 18288 --- [biblioteca-ms-libros] [           main] o.h.boot.internal.ClassLoaderAccessImpl  : Not known whether passed class name [com.example.biblioteca_ms_libros.model.Libro] is safe
2024-10-19T19:09:44.198-03:00 DEBUG 18288 --- [biblioteca-ms-libros] [           main] o.h.boot.internal.ClassLoaderAccessImpl  : No temp ClassLoader provided; using live ClassLoader for loading potentially unsafe class : com.example.biblioteca_ms_libros.model.Libro
2024-10-19T19:09:44.276-03:00 DEBUG 18288 --- [biblioteca-ms-libros] [           main] o.h.b.i.bytebuddy.BytecodeProviderImpl   : HHH000513: Unable to create the ReflectionOptimizer for [com.example.biblioteca_ms_libros.model.Libro]: private accessor [annoPublicacion]
2024-10-19T19:09:44.276-03:00 DEBUG 18288 --- [biblioteca-ms-libros] [           main] o.hibernate.orm.model.mapping.creation   : Starting post-init callbacks
2024-10-19T19:09:44.276-03:00 DEBUG 18288 --- [biblioteca-ms-libros] [           main] o.hibernate.orm.model.mapping.creation   : Starting PostInitCallbackEntry : Entity(com.example.biblioteca_ms_libros.model.Libro) `staticFetchableList` generator
2024-10-19T19:09:44.279-03:00 DEBUG 18288 --- [biblioteca-ms-libros] [           main] org.hibernate.orm.sql.ast.create         : Created new SQL alias : l1_0
2024-10-19T19:09:44.279-03:00 DEBUG 18288 --- [biblioteca-ms-libros] [           main] org.hibernate.orm.sql.ast.create         : Registration of TableGroup [StandardTableGroup(com.example.biblioteca_ms_libros.model.Libro)] with identifierForTableGroup [com.example.biblioteca_ms_libros.model.Libro] for NavigablePath [com.example.biblioteca_ms_libros.model.Libro] 
2024-10-19T19:09:44.280-03:00 DEBUG 18288 --- [biblioteca-ms-libros] [           main] org.hibernate.orm.results.graph.AST      : DomainResult Graph:
 \-EntityResultImpl [com.example.biblioteca_ms_libros.model.Libro]
 |  +-BasicFetch [com.example.biblioteca_ms_libros.model.Libro.annoPublicacion]
 |  +-BasicFetch [com.example.biblioteca_ms_libros.model.Libro.autor]
 |  +-BasicFetch [com.example.biblioteca_ms_libros.model.Libro.genero]
 |  \-BasicFetch [com.example.biblioteca_ms_libros.model.Libro.titulo]

2024-10-19T19:09:44.280-03:00 DEBUG 18288 --- [biblioteca-ms-libros] [           main] org.hibernate.orm.sql.ast.tree           : SQL AST Tree:
    SelectStatement {
      FromClause {
        StandardTableGroup (l1 : com.example.biblioteca_ms_libros.model.Libro) {
          primaryTableReference : libros as l1_0
        }
      }
    }

2024-10-19T19:09:44.280-03:00 DEBUG 18288 --- [biblioteca-ms-libros] [           main] o.h.p.entity.AbstractEntityPersister     : Static SQL for entity: com.example.biblioteca_ms_libros.model.Libro
2024-10-19T19:09:44.280-03:00 DEBUG 18288 --- [biblioteca-ms-libros] [           main] o.h.p.entity.AbstractEntityPersister     :  Version select: select id_libro from libros where id_libro=?
2024-10-19T19:09:44.280-03:00 DEBUG 18288 --- [biblioteca-ms-libros] [           main] o.h.p.entity.AbstractEntityPersister     :  Insert (0): insert into libros (anno_publicacion,autor,genero,titulo,id_libro) values (?,?,?,?,default)
2024-10-19T19:09:44.281-03:00 DEBUG 18288 --- [biblioteca-ms-libros] [           main] o.h.p.entity.AbstractEntityPersister     :  Update (0): update libros set anno_publicacion=?,autor=?,genero=?,titulo=? where id_libro=?
2024-10-19T19:09:44.281-03:00 DEBUG 18288 --- [biblioteca-ms-libros] [           main] o.h.p.entity.AbstractEntityPersister     :  Delete (0): delete from libros where id_libro=?
2024-10-19T19:09:44.281-03:00  INFO 18288 --- [biblioteca-ms-libros] [           main] o.h.e.t.j.p.i.JtaPlatformInitiator       : HHH000489: No JTA platform available (set 'hibernate.transaction.jta.platform' to enable JTA platform integration)
2024-10-19T19:09:44.281-03:00 DEBUG 18288 --- [biblioteca-ms-libros] [           main] o.h.type.spi.TypeConfiguration$Scope     : Scoping TypeConfiguration [org.hibernate.type.spi.TypeConfiguration@6aa16117] to SessionFactoryImplementor [org.hibernate.internal.SessionFactoryImpl@1eaf95d2]
2024-10-19T19:09:44.283-03:00 DEBUG 18288 --- [biblioteca-ms-libros] [           main] o.h.query.named.NamedObjectRepository    : Checking 0 named HQL queries
2024-10-19T19:09:44.283-03:00 DEBUG 18288 --- [biblioteca-ms-libros] [           main] o.h.query.named.NamedObjectRepository    : Checking 0 named SQL queries
2024-10-19T19:09:44.420-03:00 DEBUG 18288 --- [biblioteca-ms-libros] [           main] org.hibernate.mapping.Table              : No alter strings for table : libros
2024-10-19T19:09:44.420-03:00 DEBUG 18288 --- [biblioteca-ms-libros] [           main] o.h.internal.SessionFactoryRegistry      : Registering SessionFactory: 4e5b5c24-2012-4a27-85c7-434bd5b556e4 (<unnamed>)
2024-10-19T19:09:44.420-03:00 DEBUG 18288 --- [biblioteca-ms-libros] [           main] o.h.internal.SessionFactoryRegistry      : Not binding SessionFactory to JNDI, no JNDI name configured
2024-10-19T19:09:44.420-03:00 DEBUG 18288 --- [biblioteca-ms-libros] [           main] o.hibernate.internal.SessionFactoryImpl  : Instantiated SessionFactory
2024-10-19T19:09:44.420-03:00  INFO 18288 --- [biblioteca-ms-libros] [           main] j.LocalContainerEntityManagerFactoryBean : Initialized JPA EntityManagerFactory for persistence unit 'default'
2024-10-19T19:09:44.422-03:00 DEBUG 18288 --- [biblioteca-ms-libros] [           main] o.s.b.f.s.DefaultListableBeanFactory     : Creating shared instance of singleton bean 'bibliotecaMsLibrosApplication'
2024-10-19T19:09:44.429-03:00 DEBUG 18288 --- [biblioteca-ms-libros] [           main] o.s.b.f.s.DefaultListableBeanFactory     : Creating shared instance of singleton bean 'org.springframework.boot.test.autoconfigure.jdbc.TestDatabaseAutoConfiguration'
2024-10-19T19:09:44.435-03:00 DEBUG 18288 --- [biblioteca-ms-libros] [           main] o.s.b.f.s.DefaultListableBeanFactory     : Creating shared instance of singleton bean 'org.springframework.boot.autoconfigure.jdbc.metadata.DataSourcePoolMetadataProvidersConfiguration'
2024-10-19T19:09:44.435-03:00 DEBUG 18288 --- [biblioteca-ms-libros] [           main] o.s.b.f.s.DefaultListableBeanFactory     : Creating shared instance of singleton bean 'org.springframework.boot.autoconfigure.jdbc.DataSourceAutoConfiguration'
2024-10-19T19:09:44.438-03:00 DEBUG 18288 --- [biblioteca-ms-libros] [           main] o.s.b.f.s.DefaultListableBeanFactory     : Creating shared instance of singleton bean 'org.springframework.boot.context.properties.EnableConfigurationPropertiesRegistrar.methodValidationExcludeFilter'
2024-10-19T19:09:44.443-03:00 DEBUG 18288 --- [biblioteca-ms-libros] [           main] o.s.b.f.s.DefaultListableBeanFactory     : Creating shared instance of singleton bean 'org.springframework.boot.autoconfigure.orm.jpa.JpaBaseConfiguration$PersistenceManagedTypesConfiguration'
2024-10-19T19:09:44.444-03:00 DEBUG 18288 --- [biblioteca-ms-libros] [           main] o.s.b.f.s.DefaultListableBeanFactory     : Creating shared instance of singleton bean 'transactionManager'
2024-10-19T19:09:44.452-03:00 DEBUG 18288 --- [biblioteca-ms-libros] [           main] o.s.b.f.s.DefaultListableBeanFactory     : Creating shared instance of singleton bean 'org.springframework.boot.autoconfigure.orm.jpa.HibernateJpaAutoConfiguration'
2024-10-19T19:09:44.454-03:00 DEBUG 18288 --- [biblioteca-ms-libros] [           main] o.s.b.f.s.DefaultListableBeanFactory     : Creating shared instance of singleton bean 'org.springframework.boot.autoconfigure.data.jpa.JpaRepositoriesAutoConfiguration'
2024-10-19T19:09:44.455-03:00 DEBUG 18288 --- [biblioteca-ms-libros] [           main] o.s.b.f.s.DefaultListableBeanFactory     : Creating shared instance of singleton bean 'jpaSharedEM_entityManagerFactory'
2024-10-19T19:09:44.466-03:00 DEBUG 18288 --- [biblioteca-ms-libros] [           main] o.s.b.f.s.DefaultListableBeanFactory     : Creating shared instance of singleton bean 'org.springframework.data.jpa.util.JpaMetamodelCacheCleanup'
2024-10-19T19:09:44.468-03:00 DEBUG 18288 --- [biblioteca-ms-libros] [           main] o.s.b.f.s.DefaultListableBeanFactory     : Creating shared instance of singleton bean 'org.springframework.data.jpa.repository.support.JpaEvaluationContextExtension'
2024-10-19T19:09:44.472-03:00 DEBUG 18288 --- [biblioteca-ms-libros] [           main] o.s.b.f.s.DefaultListableBeanFactory     : Creating shared instance of singleton bean 'jpa.named-queries#0'
2024-10-19T19:09:44.480-03:00 DEBUG 18288 --- [biblioteca-ms-libros] [           main] o.s.b.f.s.DefaultListableBeanFactory     : Creating shared instance of singleton bean 'jpa.LibroRepository.fragments#0'
2024-10-19T19:09:44.482-03:00 DEBUG 18288 --- [biblioteca-ms-libros] [           main] o.s.b.f.s.DefaultListableBeanFactory     : Creating shared instance of singleton bean 'libroRepository'
2024-10-19T19:09:44.497-03:00 DEBUG 18288 --- [biblioteca-ms-libros] [           main] o.s.b.f.s.DefaultListableBeanFactory     : Creating shared instance of singleton bean 'jpaMappingContext'
2024-10-19T19:09:44.497-03:00 DEBUG 18288 --- [biblioteca-ms-libros] [           main] .c.JpaMetamodelMappingContextFactoryBean : Initializing JpaMetamodelMappingContext…
2024-10-19T19:09:44.497-03:00 DEBUG 18288 --- [biblioteca-ms-libros] [           main] .c.JpaMetamodelMappingContextFactoryBean : Finished initializing JpaMetamodelMappingContext
2024-10-19T19:09:44.501-03:00 DEBUG 18288 --- [biblioteca-ms-libros] [           main] tor$SharedEntityManagerInvocationHandler : Creating new EntityManager for shared EntityManager invocation
2024-10-19T19:09:44.501-03:00 DEBUG 18288 --- [biblioteca-ms-libros] [           main] o.h.stat.internal.StatisticsInitiator    : Statistics initialized [enabled=false]
2024-10-19T19:09:44.517-03:00 DEBUG 18288 --- [biblioteca-ms-libros] [           main] o.s.d.r.c.s.RepositoryFactorySupport     : Initializing repository instance for com.example.biblioteca_ms_libros.repository.LibroRepository…
2024-10-19T19:09:44.520-03:00 DEBUG 18288 --- [biblioteca-ms-libros] [           main] tor$SharedEntityManagerInvocationHandler : Creating new EntityManager for shared EntityManager invocation
2024-10-19T19:09:44.530-03:00 DEBUG 18288 --- [biblioteca-ms-libros] [           main] o.s.d.jpa.repository.query.NamedQuery    : Looking up named query Libro.findByTitulo
2024-10-19T19:09:44.530-03:00 DEBUG 18288 --- [biblioteca-ms-libros] [           main] cResourceLocalTransactionCoordinatorImpl : JDBC transaction marked for rollback-only (exception provided for stack trace)

java.lang.Exception: exception just for purpose of providing stack trace
	at org.hibernate.resource.transaction.backend.jdbc.internal.JdbcResourceLocalTransactionCoordinatorImpl$TransactionDriverControlImpl.markRollbackOnly(JdbcResourceLocalTransactionCoordinatorImpl.java:309) ~[hibernate-core-6.5.3.Final.jar:6.5.3.Final]
	at org.hibernate.internal.AbstractSharedSessionContract.buildNamedQuery(AbstractSharedSessionContract.java:1109) ~[hibernate-core-6.5.3.Final.jar:6.5.3.Final]
	at org.hibernate.internal.AbstractSharedSessionContract.createNamedQuery(AbstractSharedSessionContract.java:987) ~[hibernate-core-6.5.3.Final.jar:6.5.3.Final]
	at org.hibernate.internal.AbstractSharedSessionContract.createNamedQuery(AbstractSharedSessionContract.java:140) ~[hibernate-core-6.5.3.Final.jar:6.5.3.Final]
	at java.base/jdk.internal.reflect.DirectMethodHandleAccessor.invoke(DirectMethodHandleAccessor.java:103) ~[na:na]
	at java.base/java.lang.reflect.Method.invoke(Method.java:580) ~[na:na]
	at org.springframework.orm.jpa.ExtendedEntityManagerCreator$ExtendedEntityManagerInvocationHandler.invoke(ExtendedEntityManagerCreator.java:364) ~[spring-orm-6.1.13.jar:6.1.13]
	at jdk.proxy2/jdk.proxy2.$Proxy138.createNamedQuery(Unknown Source) ~[na:na]
	at org.springframework.data.jpa.repository.query.NamedQuery.hasNamedQuery(NamedQuery.java:112) ~[spring-data-jpa-3.3.4.jar:3.3.4]
	at org.springframework.data.jpa.repository.query.NamedQuery.lookupFrom(NamedQuery.java:138) ~[spring-data-jpa-3.3.4.jar:3.3.4]
	at org.springframework.data.jpa.repository.query.JpaQueryLookupStrategy$DeclaredQueryLookupStrategy.resolveQuery(JpaQueryLookupStrategy.java:180) ~[spring-data-jpa-3.3.4.jar:3.3.4]
	at org.springframework.data.jpa.repository.query.JpaQueryLookupStrategy$CreateIfNotFoundQueryLookupStrategy.resolveQuery(JpaQueryLookupStrategy.java:252) ~[spring-data-jpa-3.3.4.jar:3.3.4]
	at org.springframework.data.jpa.repository.query.JpaQueryLookupStrategy$AbstractQueryLookupStrategy.resolveQuery(JpaQueryLookupStrategy.java:95) ~[spring-data-jpa-3.3.4.jar:3.3.4]
	at org.springframework.data.repository.core.support.QueryExecutorMethodInterceptor.lookupQuery(QueryExecutorMethodInterceptor.java:115) ~[spring-data-commons-3.3.4.jar:3.3.4]
	at org.springframework.data.repository.core.support.QueryExecutorMethodInterceptor.mapMethodsToQuery(QueryExecutorMethodInterceptor.java:103) ~[spring-data-commons-3.3.4.jar:3.3.4]
	at org.springframework.data.repository.core.support.QueryExecutorMethodInterceptor.lambda$new$0(QueryExecutorMethodInterceptor.java:92) ~[spring-data-commons-3.3.4.jar:3.3.4]
	at java.base/java.util.Optional.map(Optional.java:260) ~[na:na]
	at org.springframework.data.repository.core.support.QueryExecutorMethodInterceptor.<init>(QueryExecutorMethodInterceptor.java:92) ~[spring-data-commons-3.3.4.jar:3.3.4]
	at org.springframework.data.repository.core.support.RepositoryFactorySupport.getRepository(RepositoryFactorySupport.java:357) ~[spring-data-commons-3.3.4.jar:3.3.4]
	at org.springframework.data.repository.core.support.RepositoryFactoryBeanSupport.lambda$afterPropertiesSet$5(RepositoryFactoryBeanSupport.java:286) ~[spring-data-commons-3.3.4.jar:3.3.4]
	at org.springframework.data.util.Lazy.getNullable(Lazy.java:135) ~[spring-data-commons-3.3.4.jar:3.3.4]
	at org.springframework.data.util.Lazy.get(Lazy.java:113) ~[spring-data-commons-3.3.4.jar:3.3.4]
	at org.springframework.data.repository.core.support.RepositoryFactoryBeanSupport.afterPropertiesSet(RepositoryFactoryBeanSupport.java:292) ~[spring-data-commons-3.3.4.jar:3.3.4]
	at org.springframework.data.jpa.repository.support.JpaRepositoryFactoryBean.afterPropertiesSet(JpaRepositoryFactoryBean.java:132) ~[spring-data-jpa-3.3.4.jar:3.3.4]
	at org.springframework.beans.factory.support.AbstractAutowireCapableBeanFactory.invokeInitMethods(AbstractAutowireCapableBeanFactory.java:1853) ~[spring-beans-6.1.13.jar:6.1.13]
	at org.springframework.beans.factory.support.AbstractAutowireCapableBeanFactory.initializeBean(AbstractAutowireCapableBeanFactory.java:1802) ~[spring-beans-6.1.13.jar:6.1.13]
	at org.springframework.beans.factory.support.AbstractAutowireCapableBeanFactory.doCreateBean(AbstractAutowireCapableBeanFactory.java:600) ~[spring-beans-6.1.13.jar:6.1.13]
	at org.springframework.beans.factory.support.AbstractAutowireCapableBeanFactory.createBean(AbstractAutowireCapableBeanFactory.java:522) ~[spring-beans-6.1.13.jar:6.1.13]
	at org.springframework.beans.factory.support.AbstractBeanFactory.lambda$doGetBean$0(AbstractBeanFactory.java:337) ~[spring-beans-6.1.13.jar:6.1.13]
	at org.springframework.beans.factory.support.DefaultSingletonBeanRegistry.getSingleton(DefaultSingletonBeanRegistry.java:234) ~[spring-beans-6.1.13.jar:6.1.13]
	at org.springframework.beans.factory.support.AbstractBeanFactory.doGetBean(AbstractBeanFactory.java:335) ~[spring-beans-6.1.13.jar:6.1.13]
	at org.springframework.beans.factory.support.AbstractBeanFactory.getBean(AbstractBeanFactory.java:200) ~[spring-beans-6.1.13.jar:6.1.13]
	at org.springframework.beans.factory.support.DefaultListableBeanFactory.preInstantiateSingletons(DefaultListableBeanFactory.java:969) ~[spring-beans-6.1.13.jar:6.1.13]
	at org.springframework.context.support.AbstractApplicationContext.finishBeanFactoryInitialization(AbstractApplicationContext.java:971) ~[spring-context-6.1.13.jar:6.1.13]
	at org.springframework.context.support.AbstractApplicationContext.refresh(AbstractApplicationContext.java:625) ~[spring-context-6.1.13.jar:6.1.13]
	at org.springframework.boot.SpringApplication.refresh(SpringApplication.java:754) ~[spring-boot-3.3.4.jar:3.3.4]
	at org.springframework.boot.SpringApplication.refreshContext(SpringApplication.java:456) ~[spring-boot-3.3.4.jar:3.3.4]
	at org.springframework.boot.SpringApplication.run(SpringApplication.java:335) ~[spring-boot-3.3.4.jar:3.3.4]
	at org.springframework.boot.test.context.SpringBootContextLoader.lambda$loadContext$3(SpringBootContextLoader.java:137) ~[spring-boot-test-3.3.4.jar:3.3.4]
	at org.springframework.util.function.ThrowingSupplier.get(ThrowingSupplier.java:58) ~[spring-core-6.1.13.jar:6.1.13]
	at org.springframework.util.function.ThrowingSupplier.get(ThrowingSupplier.java:46) ~[spring-core-6.1.13.jar:6.1.13]
	at org.springframework.boot.SpringApplication.withHook(SpringApplication.java:1463) ~[spring-boot-3.3.4.jar:3.3.4]
	at org.springframework.boot.test.context.SpringBootContextLoader$ContextLoaderHook.run(SpringBootContextLoader.java:553) ~[spring-boot-test-3.3.4.jar:3.3.4]
	at org.springframework.boot.test.context.SpringBootContextLoader.loadContext(SpringBootContextLoader.java:137) ~[spring-boot-test-3.3.4.jar:3.3.4]
	at org.springframework.boot.test.context.SpringBootContextLoader.loadContext(SpringBootContextLoader.java:108) ~[spring-boot-test-3.3.4.jar:3.3.4]
	at org.springframework.test.context.cache.DefaultCacheAwareContextLoaderDelegate.loadContextInternal(DefaultCacheAwareContextLoaderDelegate.java:225) ~[spring-test-6.1.13.jar:6.1.13]
	at org.springframework.test.context.cache.DefaultCacheAwareContextLoaderDelegate.loadContext(DefaultCacheAwareContextLoaderDelegate.java:152) ~[spring-test-6.1.13.jar:6.1.13]
	at org.springframework.test.context.support.DefaultTestContext.getApplicationContext(DefaultTestContext.java:130) ~[spring-test-6.1.13.jar:6.1.13]
	at org.springframework.test.context.support.DependencyInjectionTestExecutionListener.injectDependencies(DependencyInjectionTestExecutionListener.java:142) ~[spring-test-6.1.13.jar:6.1.13]
	at org.springframework.test.context.support.DependencyInjectionTestExecutionListener.prepareTestInstance(DependencyInjectionTestExecutionListener.java:98) ~[spring-test-6.1.13.jar:6.1.13]
	at org.springframework.test.context.TestContextManager.prepareTestInstance(TestContextManager.java:260) ~[spring-test-6.1.13.jar:6.1.13]
	at org.springframework.test.context.junit.jupiter.SpringExtension.postProcessTestInstance(SpringExtension.java:163) ~[spring-test-6.1.13.jar:6.1.13]
	at org.junit.jupiter.engine.descriptor.ClassBasedTestDescriptor.lambda$invokeTestInstancePostProcessors$10(ClassBasedTestDescriptor.java:378) ~[junit-jupiter-engine-5.10.3.jar:5.10.3]
	at org.junit.jupiter.engine.descriptor.ClassBasedTestDescriptor.executeAndMaskThrowable(ClassBasedTestDescriptor.java:383) ~[junit-jupiter-engine-5.10.3.jar:5.10.3]
	at org.junit.jupiter.engine.descriptor.ClassBasedTestDescriptor.lambda$invokeTestInstancePostProcessors$11(ClassBasedTestDescriptor.java:378) ~[junit-jupiter-engine-5.10.3.jar:5.10.3]
	at java.base/java.util.stream.ReferencePipeline$3$1.accept(ReferencePipeline.java:215) ~[na:na]
	at java.base/java.util.stream.ReferencePipeline$2$1.accept(ReferencePipeline.java:197) ~[na:na]
	at java.base/java.util.ArrayList$ArrayListSpliterator.forEachRemaining(ArrayList.java:1709) ~[na:na]
	at java.base/java.util.stream.AbstractPipeline.copyInto(AbstractPipeline.java:570) ~[na:na]
	at java.base/java.util.stream.AbstractPipeline.wrapAndCopyInto(AbstractPipeline.java:560) ~[na:na]
	at java.base/java.util.stream.StreamSpliterators$WrappingSpliterator.forEachRemaining(StreamSpliterators.java:315) ~[na:na]
	at java.base/java.util.stream.Streams$ConcatSpliterator.forEachRemaining(Streams.java:735) ~[na:na]
	at java.base/java.util.stream.Streams$ConcatSpliterator.forEachRemaining(Streams.java:734) ~[na:na]
	at java.base/java.util.stream.ReferencePipeline$Head.forEach(ReferencePipeline.java:807) ~[na:na]
	at org.junit.jupiter.engine.descriptor.ClassBasedTestDescriptor.invokeTestInstancePostProcessors(ClassBasedTestDescriptor.java:377) ~[junit-jupiter-engine-5.10.3.jar:5.10.3]
	at org.junit.jupiter.engine.descriptor.ClassBasedTestDescriptor.lambda$instantiateAndPostProcessTestInstance$6(ClassBasedTestDescriptor.java:290) ~[junit-jupiter-engine-5.10.3.jar:5.10.3]
	at org.junit.platform.engine.support.hierarchical.ThrowableCollector.execute(ThrowableCollector.java:73) ~[junit-platform-engine-1.10.3.jar:1.10.3]
	at org.junit.jupiter.engine.descriptor.ClassBasedTestDescriptor.instantiateAndPostProcessTestInstance(ClassBasedTestDescriptor.java:289) ~[junit-jupiter-engine-5.10.3.jar:5.10.3]
	at org.junit.jupiter.engine.descriptor.ClassBasedTestDescriptor.lambda$testInstancesProvider$4(ClassBasedTestDescriptor.java:279) ~[junit-jupiter-engine-5.10.3.jar:5.10.3]
	at java.base/java.util.Optional.orElseGet(Optional.java:364) ~[na:na]
	at org.junit.jupiter.engine.descriptor.ClassBasedTestDescriptor.lambda$testInstancesProvider$5(ClassBasedTestDescriptor.java:278) ~[junit-jupiter-engine-5.10.3.jar:5.10.3]
	at org.junit.jupiter.engine.execution.TestInstancesProvider.getTestInstances(TestInstancesProvider.java:31) ~[junit-jupiter-engine-5.10.3.jar:5.10.3]
	at org.junit.jupiter.engine.descriptor.TestMethodTestDescriptor.lambda$prepare$0(TestMethodTestDescriptor.java:106) ~[junit-jupiter-engine-5.10.3.jar:5.10.3]
	at org.junit.platform.engine.support.hierarchical.ThrowableCollector.execute(ThrowableCollector.java:73) ~[junit-platform-engine-1.10.3.jar:1.10.3]
	at org.junit.jupiter.engine.descriptor.TestMethodTestDescriptor.prepare(TestMethodTestDescriptor.java:105) ~[junit-jupiter-engine-5.10.3.jar:5.10.3]
	at org.junit.jupiter.engine.descriptor.TestMethodTestDescriptor.prepare(TestMethodTestDescriptor.java:69) ~[junit-jupiter-engine-5.10.3.jar:5.10.3]
	at org.junit.platform.engine.support.hierarchical.NodeTestTask.lambda$prepare$2(NodeTestTask.java:123) ~[junit-platform-engine-1.10.3.jar:1.10.3]
	at org.junit.platform.engine.support.hierarchical.ThrowableCollector.execute(ThrowableCollector.java:73) ~[junit-platform-engine-1.10.3.jar:1.10.3]
	at org.junit.platform.engine.support.hierarchical.NodeTestTask.prepare(NodeTestTask.java:123) ~[junit-platform-engine-1.10.3.jar:1.10.3]
	at org.junit.platform.engine.support.hierarchical.NodeTestTask.execute(NodeTestTask.java:90) ~[junit-platform-engine-1.10.3.jar:1.10.3]
	at java.base/java.util.ArrayList.forEach(ArrayList.java:1597) ~[na:na]
	at org.junit.platform.engine.support.hierarchical.SameThreadHierarchicalTestExecutorService.invokeAll(SameThreadHierarchicalTestExecutorService.java:41) ~[junit-platform-engine-1.10.3.jar:1.10.3]
	at org.junit.platform.engine.support.hierarchical.NodeTestTask.lambda$executeRecursively$6(NodeTestTask.java:155) ~[junit-platform-engine-1.10.3.jar:1.10.3]
	at org.junit.platform.engine.support.hierarchical.ThrowableCollector.execute(ThrowableCollector.java:73) ~[junit-platform-engine-1.10.3.jar:1.10.3]
	at org.junit.platform.engine.support.hierarchical.NodeTestTask.lambda$executeRecursively$8(NodeTestTask.java:141) ~[junit-platform-engine-1.10.3.jar:1.10.3]
	at org.junit.platform.engine.support.hierarchical.Node.around(Node.java:137) ~[junit-platform-engine-1.10.3.jar:1.10.3]
	at org.junit.platform.engine.support.hierarchical.NodeTestTask.lambda$executeRecursively$9(NodeTestTask.java:139) ~[junit-platform-engine-1.10.3.jar:1.10.3]
	at org.junit.platform.engine.support.hierarchical.ThrowableCollector.execute(ThrowableCollector.java:73) ~[junit-platform-engine-1.10.3.jar:1.10.3]
	at org.junit.platform.engine.support.hierarchical.NodeTestTask.executeRecursively(NodeTestTask.java:138) ~[junit-platform-engine-1.10.3.jar:1.10.3]
	at org.junit.platform.engine.support.hierarchical.NodeTestTask.execute(NodeTestTask.java:95) ~[junit-platform-engine-1.10.3.jar:1.10.3]
	at java.base/java.util.ArrayList.forEach(ArrayList.java:1597) ~[na:na]
	at org.junit.platform.engine.support.hierarchical.SameThreadHierarchicalTestExecutorService.invokeAll(SameThreadHierarchicalTestExecutorService.java:41) ~[junit-platform-engine-1.10.3.jar:1.10.3]
	at org.junit.platform.engine.support.hierarchical.NodeTestTask.lambda$executeRecursively$6(NodeTestTask.java:155) ~[junit-platform-engine-1.10.3.jar:1.10.3]
	at org.junit.platform.engine.support.hierarchical.ThrowableCollector.execute(ThrowableCollector.java:73) ~[junit-platform-engine-1.10.3.jar:1.10.3]
	at org.junit.platform.engine.support.hierarchical.NodeTestTask.lambda$executeRecursively$8(NodeTestTask.java:141) ~[junit-platform-engine-1.10.3.jar:1.10.3]
	at org.junit.platform.engine.support.hierarchical.Node.around(Node.java:137) ~[junit-platform-engine-1.10.3.jar:1.10.3]
	at org.junit.platform.engine.support.hierarchical.NodeTestTask.lambda$executeRecursively$9(NodeTestTask.java:139) ~[junit-platform-engine-1.10.3.jar:1.10.3]
	at org.junit.platform.engine.support.hierarchical.ThrowableCollector.execute(ThrowableCollector.java:73) ~[junit-platform-engine-1.10.3.jar:1.10.3]
	at org.junit.platform.engine.support.hierarchical.NodeTestTask.executeRecursively(NodeTestTask.java:138) ~[junit-platform-engine-1.10.3.jar:1.10.3]
	at org.junit.platform.engine.support.hierarchical.NodeTestTask.execute(NodeTestTask.java:95) ~[junit-platform-engine-1.10.3.jar:1.10.3]
	at org.junit.platform.engine.support.hierarchical.SameThreadHierarchicalTestExecutorService.submit(SameThreadHierarchicalTestExecutorService.java:35) ~[junit-platform-engine-1.10.3.jar:1.10.3]
	at org.junit.platform.engine.support.hierarchical.HierarchicalTestExecutor.execute(HierarchicalTestExecutor.java:57) ~[junit-platform-engine-1.10.3.jar:1.10.3]
	at org.junit.platform.engine.support.hierarchical.HierarchicalTestEngine.execute(HierarchicalTestEngine.java:54) ~[junit-platform-engine-1.10.3.jar:1.10.3]
	at org.junit.platform.launcher.core.EngineExecutionOrchestrator.execute(EngineExecutionOrchestrator.java:198) ~[junit-platform-launcher-1.10.3.jar:1.10.3]
	at org.junit.platform.launcher.core.EngineExecutionOrchestrator.execute(EngineExecutionOrchestrator.java:169) ~[junit-platform-launcher-1.10.3.jar:1.10.3]
	at org.junit.platform.launcher.core.EngineExecutionOrchestrator.execute(EngineExecutionOrchestrator.java:93) ~[junit-platform-launcher-1.10.3.jar:1.10.3]
	at org.junit.platform.launcher.core.EngineExecutionOrchestrator.lambda$execute$0(EngineExecutionOrchestrator.java:58) ~[junit-platform-launcher-1.10.3.jar:1.10.3]
	at org.junit.platform.launcher.core.EngineExecutionOrchestrator.withInterceptedStreams(EngineExecutionOrchestrator.java:141) ~[junit-platform-launcher-1.10.3.jar:1.10.3]
	at org.junit.platform.launcher.core.EngineExecutionOrchestrator.execute(EngineExecutionOrchestrator.java:57) ~[junit-platform-launcher-1.10.3.jar:1.10.3]
	at org.junit.platform.launcher.core.DefaultLauncher.execute(DefaultLauncher.java:103) ~[junit-platform-launcher-1.10.3.jar:1.10.3]
	at org.junit.platform.launcher.core.DefaultLauncher.execute(DefaultLauncher.java:85) ~[junit-platform-launcher-1.10.3.jar:1.10.3]
	at org.junit.platform.launcher.core.DelegatingLauncher.execute(DelegatingLauncher.java:47) ~[junit-platform-launcher-1.10.3.jar:1.10.3]
	at org.apache.maven.surefire.junitplatform.LazyLauncher.execute(LazyLauncher.java:56) ~[surefire-junit-platform-3.2.5.jar:3.2.5]
	at org.apache.maven.surefire.junitplatform.JUnitPlatformProvider.execute(JUnitPlatformProvider.java:184) ~[surefire-junit-platform-3.2.5.jar:3.2.5]
	at org.apache.maven.surefire.junitplatform.JUnitPlatformProvider.invokeAllTests(JUnitPlatformProvider.java:148) ~[surefire-junit-platform-3.2.5.jar:3.2.5]
	at org.apache.maven.surefire.junitplatform.JUnitPlatformProvider.invoke(JUnitPlatformProvider.java:122) ~[surefire-junit-platform-3.2.5.jar:3.2.5]
	at org.apache.maven.surefire.booter.ForkedBooter.runSuitesInProcess(ForkedBooter.java:385) ~[surefire-booter-3.2.5.jar:3.2.5]
	at org.apache.maven.surefire.booter.ForkedBooter.execute(ForkedBooter.java:162) ~[surefire-booter-3.2.5.jar:3.2.5]
	at org.apache.maven.surefire.booter.ForkedBooter.run(ForkedBooter.java:507) ~[surefire-booter-3.2.5.jar:3.2.5]
	at org.apache.maven.surefire.booter.ForkedBooter.main(ForkedBooter.java:495) ~[surefire-booter-3.2.5.jar:3.2.5]

2024-10-19T19:09:44.534-03:00 DEBUG 18288 --- [biblioteca-ms-libros] [           main] o.s.d.jpa.repository.query.NamedQuery    : Did not find named query Libro.findByTitulo
2024-10-19T19:09:44.534-03:00 DEBUG 18288 --- [biblioteca-ms-libros] [           main] tor$SharedEntityManagerInvocationHandler : Creating new EntityManager for shared EntityManager invocation
2024-10-19T19:09:44.538-03:00 DEBUG 18288 --- [biblioteca-ms-libros] [           main] o.s.d.r.c.s.RepositoryFactorySupport     : Finished creation of repository instance for com.example.biblioteca_ms_libros.repository.LibroRepository.
2024-10-19T19:09:44.539-03:00 DEBUG 18288 --- [biblioteca-ms-libros] [           main] o.s.b.f.s.DefaultListableBeanFactory     : Creating shared instance of singleton bean 'data-jpa.repository-aot-processor#0'
2024-10-19T19:09:44.547-03:00 DEBUG 18288 --- [biblioteca-ms-libros] [           main] o.s.b.f.s.DefaultListableBeanFactory     : Creating shared instance of singleton bean 'org.springframework.boot.autoconfigure.jdbc.JdbcTemplateConfiguration'
2024-10-19T19:09:44.548-03:00 DEBUG 18288 --- [biblioteca-ms-libros] [           main] o.s.b.f.s.DefaultListableBeanFactory     : Creating shared instance of singleton bean 'jdbcTemplate'
2024-10-19T19:09:44.549-03:00 DEBUG 18288 --- [biblioteca-ms-libros] [           main] o.s.b.f.s.DefaultListableBeanFactory     : Creating shared instance of singleton bean 'spring.jdbc-org.springframework.boot.autoconfigure.jdbc.JdbcProperties'
2024-10-19T19:09:44.553-03:00 DEBUG 18288 --- [biblioteca-ms-libros] [           main] o.s.b.f.s.DefaultListableBeanFactory     : Autowiring by type from bean name 'jdbcTemplate' via factory method to bean named 'dataSource'
2024-10-19T19:09:44.553-03:00 DEBUG 18288 --- [biblioteca-ms-libros] [           main] o.s.b.f.s.DefaultListableBeanFactory     : Autowiring by type from bean name 'jdbcTemplate' via factory method to bean named 'spring.jdbc-org.springframework.boot.autoconfigure.jdbc.JdbcProperties'
2024-10-19T19:09:44.567-03:00 DEBUG 18288 --- [biblioteca-ms-libros] [           main] o.s.b.f.s.DefaultListableBeanFactory     : Creating shared instance of singleton bean 'org.springframework.boot.autoconfigure.jdbc.NamedParameterJdbcTemplateConfiguration'
2024-10-19T19:09:44.569-03:00 DEBUG 18288 --- [biblioteca-ms-libros] [           main] o.s.b.f.s.DefaultListableBeanFactory     : Creating shared instance of singleton bean 'namedParameterJdbcTemplate'
2024-10-19T19:09:44.569-03:00 DEBUG 18288 --- [biblioteca-ms-libros] [           main] o.s.b.f.s.DefaultListableBeanFactory     : Autowiring by type from bean name 'namedParameterJdbcTemplate' via factory method to bean named 'jdbcTemplate'
2024-10-19T19:09:44.571-03:00 DEBUG 18288 --- [biblioteca-ms-libros] [           main] o.s.b.f.s.DefaultListableBeanFactory     : Creating shared instance of singleton bean 'org.springframework.boot.autoconfigure.jdbc.JdbcTemplateAutoConfiguration'
2024-10-19T19:09:44.572-03:00 DEBUG 18288 --- [biblioteca-ms-libros] [           main] o.s.b.f.s.DefaultListableBeanFactory     : Creating shared instance of singleton bean 'org.springframework.boot.autoconfigure.jdbc.JdbcClientAutoConfiguration'
2024-10-19T19:09:44.573-03:00 DEBUG 18288 --- [biblioteca-ms-libros] [           main] o.s.b.f.s.DefaultListableBeanFactory     : Creating shared instance of singleton bean 'jdbcClient'
2024-10-19T19:09:44.573-03:00 DEBUG 18288 --- [biblioteca-ms-libros] [           main] o.s.b.f.s.DefaultListableBeanFactory     : Autowiring by type from bean name 'jdbcClient' via factory method to bean named 'namedParameterJdbcTemplate'
2024-10-19T19:09:44.574-03:00 DEBUG 18288 --- [biblioteca-ms-libros] [           main] o.s.b.f.s.DefaultListableBeanFactory     : Creating shared instance of singleton bean 'org.springframework.boot.autoconfigure.sql.init.SqlInitializationAutoConfiguration'
2024-10-19T19:09:44.574-03:00 DEBUG 18288 --- [biblioteca-ms-libros] [           main] o.s.b.f.s.DefaultListableBeanFactory     : Creating shared instance of singleton bean 'org.springframework.boot.autoconfigure.jdbc.DataSourceTransactionManagerAutoConfiguration$JdbcTransactionManagerConfiguration'
2024-10-19T19:09:44.575-03:00 DEBUG 18288 --- [biblioteca-ms-libros] [           main] o.s.b.f.s.DefaultListableBeanFactory     : Creating shared instance of singleton bean 'org.springframework.boot.autoconfigure.jdbc.DataSourceTransactionManagerAutoConfiguration'
2024-10-19T19:09:44.575-03:00 DEBUG 18288 --- [biblioteca-ms-libros] [           main] o.s.b.f.s.DefaultListableBeanFactory     : Creating shared instance of singleton bean 'org.springframework.boot.autoconfigure.transaction.TransactionAutoConfiguration$EnableTransactionManagementConfiguration$CglibAutoProxyConfiguration'
2024-10-19T19:09:44.575-03:00 DEBUG 18288 --- [biblioteca-ms-libros] [           main] o.s.b.f.s.DefaultListableBeanFactory     : Creating shared instance of singleton bean 'org.springframework.boot.autoconfigure.transaction.TransactionAutoConfiguration$EnableTransactionManagementConfiguration'
2024-10-19T19:09:44.576-03:00 DEBUG 18288 --- [biblioteca-ms-libros] [           main] o.s.b.f.s.DefaultListableBeanFactory     : Creating shared instance of singleton bean 'org.springframework.boot.autoconfigure.transaction.TransactionAutoConfiguration$TransactionTemplateConfiguration'
2024-10-19T19:09:44.577-03:00 DEBUG 18288 --- [biblioteca-ms-libros] [           main] o.s.b.f.s.DefaultListableBeanFactory     : Creating shared instance of singleton bean 'transactionTemplate'
2024-10-19T19:09:44.577-03:00 DEBUG 18288 --- [biblioteca-ms-libros] [           main] o.s.b.f.s.DefaultListableBeanFactory     : Autowiring by type from bean name 'transactionTemplate' via factory method to bean named 'transactionManager'
2024-10-19T19:09:44.578-03:00 DEBUG 18288 --- [biblioteca-ms-libros] [           main] o.s.b.f.s.DefaultListableBeanFactory     : Creating shared instance of singleton bean 'org.springframework.boot.autoconfigure.transaction.TransactionAutoConfiguration'
2024-10-19T19:09:44.579-03:00 DEBUG 18288 --- [biblioteca-ms-libros] [           main] o.s.b.f.s.DefaultListableBeanFactory     : Creating shared instance of singleton bean 'org.springframework.boot.test.autoconfigure.orm.jpa.TestEntityManagerAutoConfiguration'
2024-10-19T19:09:44.581-03:00 DEBUG 18288 --- [biblioteca-ms-libros] [           main] o.s.b.f.s.DefaultListableBeanFactory     : Creating shared instance of singleton bean 'testEntityManager'
2024-10-19T19:09:44.582-03:00 DEBUG 18288 --- [biblioteca-ms-libros] [           main] o.s.b.f.s.DefaultListableBeanFactory     : Autowiring by type from bean name 'testEntityManager' via factory method to bean named 'entityManagerFactory'
2024-10-19T19:09:44.594-03:00 DEBUG 18288 --- [biblioteca-ms-libros] [           main] o.s.c.support.DefaultLifecycleProcessor  : Starting beans in phase -2147483647
2024-10-19T19:09:44.595-03:00 DEBUG 18288 --- [biblioteca-ms-libros] [           main] o.s.c.support.DefaultLifecycleProcessor  : Successfully started bean 'springBootLoggingLifecycle'
2024-10-19T19:09:44.597-03:00 DEBUG 18288 --- [biblioteca-ms-libros] [           main] .s.b.a.l.ConditionEvaluationReportLogger : 


============================
CONDITIONS EVALUATION REPORT
============================


Positive matches:
-----------------

   DataSourceAutoConfiguration matched:
      - @ConditionalOnClass found required classes 'javax.sql.DataSource', 'org.springframework.jdbc.datasource.embedded.EmbeddedDatabaseType' (OnClassCondition)
      - @ConditionalOnMissingBean (types: io.r2dbc.spi.ConnectionFactory; SearchStrategy: all) did not find any beans (OnBeanCondition)

   DataSourceAutoConfiguration.PooledDataSourceConfiguration matched:
      - AnyNestedCondition 1 matched 1 did not; NestedCondition on DataSourceAutoConfiguration.PooledDataSourceCondition.PooledDataSourceAvailable PooledDataSource found supported DataSource; NestedCondition on DataSourceAutoConfiguration.PooledDataSourceCondition.ExplicitType @ConditionalOnProperty (spring.datasource.type) did not find property 'type' (DataSourceAutoConfiguration.PooledDataSourceCondition)
      - @ConditionalOnMissingBean (types: javax.sql.DataSource,javax.sql.XADataSource; SearchStrategy: all) did not find any beans (OnBeanCondition)

   DataSourceAutoConfiguration.PooledDataSourceConfiguration#jdbcConnectionDetails matched:
      - @ConditionalOnMissingBean (types: org.springframework.boot.autoconfigure.jdbc.JdbcConnectionDetails; SearchStrategy: all) did not find any beans (OnBeanCondition)

   DataSourceConfiguration.Hikari matched:
      - @ConditionalOnClass found required class 'com.zaxxer.hikari.HikariDataSource' (OnClassCondition)
      - @ConditionalOnProperty (spring.datasource.type=com.zaxxer.hikari.HikariDataSource) matched (OnPropertyCondition)
      - @ConditionalOnMissingBean (types: javax.sql.DataSource; SearchStrategy: all) did not find any beans (OnBeanCondition)

   DataSourceInitializationConfiguration matched:
      - @ConditionalOnClass found required class 'org.springframework.jdbc.datasource.init.DatabasePopulator' (OnClassCondition)
      - @ConditionalOnSingleCandidate (types: javax.sql.DataSource; SearchStrategy: all) found a single bean 'dataSource'; @ConditionalOnMissingBean (types: org.springframework.boot.autoconfigure.sql.init.SqlDataSourceScriptDatabaseInitializer,org.springframework.boot.autoconfigure.sql.init.SqlR2dbcScriptDatabaseInitializer; SearchStrategy: all) did not find any beans (OnBeanCondition)

   DataSourcePoolMetadataProvidersConfiguration.HikariPoolDataSourceMetadataProviderConfiguration matched:
      - @ConditionalOnClass found required class 'com.zaxxer.hikari.HikariDataSource' (OnClassCondition)

   DataSourceTransactionManagerAutoConfiguration matched:
      - @ConditionalOnClass found required classes 'javax.sql.DataSource', 'org.springframework.jdbc.core.JdbcTemplate', 'org.springframework.transaction.TransactionManager' (OnClassCondition)

   DataSourceTransactionManagerAutoConfiguration.JdbcTransactionManagerConfiguration matched:
      - @ConditionalOnSingleCandidate (types: javax.sql.DataSource; SearchStrategy: all) found a single bean 'dataSource' (OnBeanCondition)

   HibernateJpaAutoConfiguration matched:
      - @ConditionalOnClass found required classes 'org.springframework.orm.jpa.LocalContainerEntityManagerFactoryBean', 'jakarta.persistence.EntityManager', 'org.hibernate.engine.spi.SessionImplementor' (OnClassCondition)

   HibernateJpaConfiguration matched:
      - @ConditionalOnSingleCandidate (types: javax.sql.DataSource; SearchStrategy: all) found a single bean 'dataSource' (OnBeanCondition)

   JdbcClientAutoConfiguration matched:
      - @ConditionalOnSingleCandidate (types: org.springframework.jdbc.core.namedparam.NamedParameterJdbcTemplate; SearchStrategy: all) found a single bean 'namedParameterJdbcTemplate'; @ConditionalOnMissingBean (types: org.springframework.jdbc.core.simple.JdbcClient; SearchStrategy: all) did not find any beans (OnBeanCondition)

   JdbcTemplateAutoConfiguration matched:
      - @ConditionalOnClass found required classes 'javax.sql.DataSource', 'org.springframework.jdbc.core.JdbcTemplate' (OnClassCondition)
      - @ConditionalOnSingleCandidate (types: javax.sql.DataSource; SearchStrategy: all) found a single bean 'dataSource' (OnBeanCondition)

   JdbcTemplateConfiguration matched:
      - @ConditionalOnMissingBean (types: org.springframework.jdbc.core.JdbcOperations; SearchStrategy: all) did not find any beans (OnBeanCondition)

   JpaBaseConfiguration#entityManagerFactory matched:
      - @ConditionalOnMissingBean (types: org.springframework.orm.jpa.LocalContainerEntityManagerFactoryBean,jakarta.persistence.EntityManagerFactory; SearchStrategy: all) did not find any beans (OnBeanCondition)

   JpaBaseConfiguration#entityManagerFactoryBuilder matched:
      - @ConditionalOnMissingBean (types: org.springframework.boot.orm.jpa.EntityManagerFactoryBuilder; SearchStrategy: all) did not find any beans (OnBeanCondition)

   JpaBaseConfiguration#jpaVendorAdapter matched:
      - @ConditionalOnMissingBean (types: org.springframework.orm.jpa.JpaVendorAdapter; SearchStrategy: all) did not find any beans (OnBeanCondition)

   JpaBaseConfiguration#transactionManager matched:
      - @ConditionalOnMissingBean (types: org.springframework.transaction.TransactionManager; SearchStrategy: all) did not find any beans (OnBeanCondition)

   JpaBaseConfiguration.PersistenceManagedTypesConfiguration matched:
      - @ConditionalOnMissingBean (types: org.springframework.orm.jpa.LocalContainerEntityManagerFactoryBean,jakarta.persistence.EntityManagerFactory; SearchStrategy: all) did not find any beans (OnBeanCondition)

   JpaBaseConfiguration.PersistenceManagedTypesConfiguration#persistenceManagedTypes matched:
      - @ConditionalOnMissingBean (types: org.springframework.orm.jpa.persistenceunit.PersistenceManagedTypes; SearchStrategy: all) did not find any beans (OnBeanCondition)

   JpaRepositoriesAutoConfiguration matched:
      - @ConditionalOnClass found required class 'org.springframework.data.jpa.repository.JpaRepository' (OnClassCondition)
      - @ConditionalOnProperty (spring.data.jpa.repositories.enabled=true) matched (OnPropertyCondition)
      - @ConditionalOnBean (types: javax.sql.DataSource; SearchStrategy: all) found bean 'dataSource'; @ConditionalOnMissingBean (types: org.springframework.data.jpa.repository.support.JpaRepositoryFactoryBean,org.springframework.data.jpa.repository.config.JpaRepositoryConfigExtension; SearchStrategy: all) did not find any beans (OnBeanCondition)

   NamedParameterJdbcTemplateConfiguration matched:
      - @ConditionalOnSingleCandidate (types: org.springframework.jdbc.core.JdbcTemplate; SearchStrategy: all) found a single bean 'jdbcTemplate'; @ConditionalOnMissingBean (types: org.springframework.jdbc.core.namedparam.NamedParameterJdbcOperations; SearchStrategy: all) did not find any beans (OnBeanCondition)

   NoOpCacheConfiguration matched:
      - Cache org.springframework.boot.autoconfigure.cache.NoOpCacheConfiguration NONE cache type (CacheCondition)

   SqlInitializationAutoConfiguration matched:
      - @ConditionalOnProperty (spring.sql.init.enabled) matched (OnPropertyCondition)
      - NoneNestedConditions 0 matched 1 did not; NestedCondition on SqlInitializationAutoConfiguration.SqlInitializationModeCondition.ModeIsNever @ConditionalOnProperty (spring.sql.init.mode=never) did not find property 'mode' (SqlInitializationAutoConfiguration.SqlInitializationModeCondition)

   TestEntityManagerAutoConfiguration matched:
      - @ConditionalOnClass found required class 'jakarta.persistence.EntityManagerFactory' (OnClassCondition)

   TestEntityManagerAutoConfiguration#testEntityManager matched:
      - @ConditionalOnMissingBean (types: org.springframework.boot.test.autoconfigure.orm.jpa.TestEntityManager; SearchStrategy: all) did not find any beans (OnBeanCondition)

   TransactionAutoConfiguration matched:
      - @ConditionalOnClass found required class 'org.springframework.transaction.PlatformTransactionManager' (OnClassCondition)

   TransactionAutoConfiguration.EnableTransactionManagementConfiguration matched:
      - @ConditionalOnBean (types: org.springframework.transaction.TransactionManager; SearchStrategy: all) found bean 'transactionManager'; @ConditionalOnMissingBean (types: org.springframework.transaction.annotation.AbstractTransactionManagementConfiguration; SearchStrategy: all) did not find any beans (OnBeanCondition)

   TransactionAutoConfiguration.EnableTransactionManagementConfiguration.CglibAutoProxyConfiguration matched:
      - @ConditionalOnProperty (spring.aop.proxy-target-class=true) matched (OnPropertyCondition)

   TransactionAutoConfiguration.TransactionTemplateConfiguration matched:
      - @ConditionalOnSingleCandidate (types: org.springframework.transaction.PlatformTransactionManager; SearchStrategy: all) found a single bean 'transactionManager' (OnBeanCondition)

   TransactionAutoConfiguration.TransactionTemplateConfiguration#transactionTemplate matched:
      - @ConditionalOnMissingBean (types: org.springframework.transaction.support.TransactionOperations; SearchStrategy: all) did not find any beans (OnBeanCondition)


Negative matches:
-----------------

   Cache2kCacheConfiguration:
      Did not match:
         - @ConditionalOnClass did not find required class 'org.cache2k.Cache2kBuilder' (OnClassCondition)

   CacheAutoConfiguration:
      Did not match:
         - @ConditionalOnBean (types: org.springframework.cache.interceptor.CacheAspectSupport; SearchStrategy: all) did not find any beans of type org.springframework.cache.interceptor.CacheAspectSupport (OnBeanCondition)
      Matched:
         - @ConditionalOnClass found required class 'org.springframework.cache.CacheManager' (OnClassCondition)

   CacheAutoConfiguration.CacheManagerEntityManagerFactoryDependsOnPostProcessor:
      Did not match:
         - Ancestor org.springframework.boot.autoconfigure.cache.CacheAutoConfiguration did not match (ConditionEvaluationReport.AncestorsMatchedCondition)
      Matched:
         - @ConditionalOnClass found required class 'org.springframework.orm.jpa.LocalContainerEntityManagerFactoryBean' (OnClassCondition)

   CaffeineCacheConfiguration:
      Did not match:
         - @ConditionalOnClass did not find required class 'com.github.benmanes.caffeine.cache.Caffeine' (OnClassCondition)

   CouchbaseCacheConfiguration:
      Did not match:
         - @ConditionalOnClass did not find required class 'com.couchbase.client.java.Cluster' (OnClassCondition)

   DataSourceAutoConfiguration.EmbeddedDatabaseConfiguration:
      Did not match:
         - EmbeddedDataSource spring.datasource.url is set (DataSourceAutoConfiguration.EmbeddedDatabaseCondition)

   DataSourceCheckpointRestoreConfiguration:
      Did not match:
         - @ConditionalOnClass did not find required class 'org.crac.Resource' (OnClassCondition)

   DataSourceConfiguration.Dbcp2:
      Did not match:
         - @ConditionalOnClass did not find required class 'org.apache.commons.dbcp2.BasicDataSource' (OnClassCondition)

   DataSourceConfiguration.Generic:
      Did not match:
         - @ConditionalOnProperty (spring.datasource.type) did not find property 'spring.datasource.type' (OnPropertyCondition)

   DataSourceConfiguration.OracleUcp:
      Did not match:
         - @ConditionalOnClass did not find required class 'oracle.ucp.jdbc.PoolDataSourceImpl' (OnClassCondition)

   DataSourceConfiguration.Tomcat:
      Did not match:
         - @ConditionalOnClass did not find required class 'org.apache.tomcat.jdbc.pool.DataSource' (OnClassCondition)

   DataSourceJmxConfiguration:
      Did not match:
         - @ConditionalOnProperty (spring.jmx.enabled=true) found different value in property 'enabled' (OnPropertyCondition)

   DataSourcePoolMetadataProvidersConfiguration.CommonsDbcp2PoolDataSourceMetadataProviderConfiguration:
      Did not match:
         - @ConditionalOnClass did not find required class 'org.apache.commons.dbcp2.BasicDataSource' (OnClassCondition)

   DataSourcePoolMetadataProvidersConfiguration.OracleUcpPoolDataSourceMetadataProviderConfiguration:
      Did not match:
         - @ConditionalOnClass did not find required class 'oracle.ucp.jdbc.PoolDataSource' (OnClassCondition)

   DataSourcePoolMetadataProvidersConfiguration.TomcatDataSourcePoolMetadataProviderConfiguration:
      Did not match:
         - @ConditionalOnClass did not find required class 'org.apache.tomcat.jdbc.pool.DataSource' (OnClassCondition)

   DataSourceTransactionManagerAutoConfiguration.JdbcTransactionManagerConfiguration#transactionManager:
      Did not match:
         - @ConditionalOnMissingBean (types: org.springframework.transaction.TransactionManager; SearchStrategy: all) found beans of type 'org.springframework.transaction.TransactionManager' transactionManager (OnBeanCondition)

   FlywayAutoConfiguration:
      Did not match:
         - @ConditionalOnClass did not find required class 'org.flywaydb.core.Flyway' (OnClassCondition)

   GenericCacheConfiguration:
      Did not match:
         - Cache org.springframework.boot.autoconfigure.cache.GenericCacheConfiguration unknown cache type (CacheCondition)

   HazelcastCacheConfiguration:
      Did not match:
         - @ConditionalOnClass did not find required class 'com.hazelcast.core.HazelcastInstance' (OnClassCondition)

   InfinispanCacheConfiguration:
      Did not match:
         - @ConditionalOnClass did not find required class 'org.infinispan.spring.embedded.provider.SpringEmbeddedCacheManager' (OnClassCondition)

   JCacheCacheConfiguration:
      Did not match:
         - @ConditionalOnClass did not find required class 'javax.cache.Caching' (OnClassCondition)

   JpaBaseConfiguration.JpaWebConfiguration:
      Did not match:
         - not a servlet web application (OnWebApplicationCondition)
      Matched:
         - @ConditionalOnClass found required class 'org.springframework.web.servlet.config.annotation.WebMvcConfigurer' (OnClassCondition)

   JpaRepositoriesAutoConfiguration#entityManagerFactoryBootstrapExecutorCustomizer:
      Did not match:
         - AnyNestedCondition 0 matched 2 did not; NestedCondition on JpaRepositoriesAutoConfiguration.BootstrapExecutorCondition.LazyBootstrapMode @ConditionalOnProperty (spring.data.jpa.repositories.bootstrap-mode=lazy) found different value in property 'bootstrap-mode'; NestedCondition on JpaRepositoriesAutoConfiguration.BootstrapExecutorCondition.DeferredBootstrapMode @ConditionalOnProperty (spring.data.jpa.repositories.bootstrap-mode=deferred) found different value in property 'bootstrap-mode' (JpaRepositoriesAutoConfiguration.BootstrapExecutorCondition)

   LiquibaseAutoConfiguration:
      Did not match:
         - @ConditionalOnClass did not find required class 'liquibase.change.DatabaseChange' (OnClassCondition)

   R2dbcInitializationConfiguration:
      Did not match:
         - @ConditionalOnClass did not find required classes 'io.r2dbc.spi.ConnectionFactory', 'org.springframework.r2dbc.connection.init.DatabasePopulator' (OnClassCondition)

   RedisCacheConfiguration:
      Did not match:
         - @ConditionalOnClass did not find required class 'org.springframework.data.redis.connection.RedisConnectionFactory' (OnClassCondition)

   SimpleCacheConfiguration:
      Did not match:
         - Cache org.springframework.boot.autoconfigure.cache.SimpleCacheConfiguration unknown cache type (CacheCondition)

   TestDatabaseAutoConfiguration#dataSource:
      Did not match:
         - @ConditionalOnProperty (spring.test.database.replace=AUTO_CONFIGURED) found different value in property 'replace' (OnPropertyCondition)

   TestDatabaseAutoConfiguration#embeddedDataSourceBeanFactoryPostProcessor:
      Did not match:
         - @ConditionalOnProperty (spring.test.database.replace=ANY) found different value in property 'replace' (OnPropertyCondition)

   TransactionAutoConfiguration#transactionalOperator:
      Did not match:
         - @ConditionalOnSingleCandidate (types: org.springframework.transaction.ReactiveTransactionManager; SearchStrategy: all) did not find any beans (OnBeanCondition)

   TransactionAutoConfiguration.AspectJTransactionManagementConfiguration:
      Did not match:
         - @ConditionalOnBean (types: org.springframework.transaction.aspectj.AbstractTransactionAspect; SearchStrategy: all) did not find any beans of type org.springframework.transaction.aspectj.AbstractTransactionAspect (OnBeanCondition)

   TransactionAutoConfiguration.EnableTransactionManagementConfiguration.JdkDynamicAutoProxyConfiguration:
      Did not match:
         - @ConditionalOnProperty (spring.aop.proxy-target-class=false) did not find property 'proxy-target-class' (OnPropertyCondition)


Exclusions:
-----------

    None


Unconditional classes:
----------------------

    org.springframework.boot.test.autoconfigure.jdbc.TestDatabaseAutoConfiguration



2024-10-19T19:09:44.597-03:00  INFO 18288 --- [biblioteca-ms-libros] [           main] c.e.b.repository.LibroRepositoryTest     : Started LibroRepositoryTest in 1.595 seconds (process running for 19.664)
2024-10-19T19:09:44.601-03:00 DEBUG 18288 --- [biblioteca-ms-libros] [           main] org.springframework.test.context.cache   : Spring test ApplicationContext cache statistics: [DefaultContextCache@1418a1bd size = 3, maxSize = 32, parentContextCount = 0, hitCount = 36, missCount = 3, failureCount = 0]
2024-10-19T19:09:44.611-03:00 DEBUG 18288 --- [biblioteca-ms-libros] [           main] org.springframework.test.context.cache   : Spring test ApplicationContext cache statistics: [DefaultContextCache@1418a1bd size = 3, maxSize = 32, parentContextCount = 0, hitCount = 37, missCount = 3, failureCount = 0]
2024-10-19T19:09:44.628-03:00 DEBUG 18288 --- [biblioteca-ms-libros] [           main] sContextBeforeModesTestExecutionListener : Before test method: class [LibroRepositoryTest], method [obtenerLibroPorIdTest], class annotated with @DirtiesContext [false] with mode [null], method annotated with @DirtiesContext [false] with mode [null]
2024-10-19T19:09:44.646-03:00 DEBUG 18288 --- [biblioteca-ms-libros] [           main] t.c.t.TransactionalTestExecutionListener : Explicit transaction definition [PROPAGATION_REQUIRED,ISOLATION_DEFAULT] found for test class [com.example.biblioteca_ms_libros.repository.LibroRepositoryTest] and test method [obtenerLibroPorIdTest]
2024-10-19T19:09:44.646-03:00 DEBUG 18288 --- [biblioteca-ms-libros] [           main] org.springframework.test.context.cache   : Spring test ApplicationContext cache statistics: [DefaultContextCache@1418a1bd size = 3, maxSize = 32, parentContextCount = 0, hitCount = 38, missCount = 3, failureCount = 0]
2024-10-19T19:09:44.651-03:00 DEBUG 18288 --- [biblioteca-ms-libros] [           main] t.c.t.TransactionalTestExecutionListener : No method-level @Rollback override: using default rollback [true] for test method [public void com.example.biblioteca_ms_libros.repository.LibroRepositoryTest.obtenerLibroPorIdTest()]
2024-10-19T19:09:44.654-03:00 DEBUG 18288 --- [biblioteca-ms-libros] [           main] o.s.orm.jpa.JpaTransactionManager        : Creating new transaction with name [com.example.biblioteca_ms_libros.repository.LibroRepositoryTest.obtenerLibroPorIdTest]: PROPAGATION_REQUIRED,ISOLATION_DEFAULT
2024-10-19T19:09:44.657-03:00 DEBUG 18288 --- [biblioteca-ms-libros] [           main] o.s.orm.jpa.JpaTransactionManager        : Opened new EntityManager [SessionImpl(1774922092<open>)] for JPA transaction
2024-10-19T19:09:44.660-03:00 DEBUG 18288 --- [biblioteca-ms-libros] [           main] o.h.e.t.internal.TransactionImpl         : On TransactionImpl creation, JpaCompliance#isJpaTransactionComplianceEnabled == false
2024-10-19T19:09:44.661-03:00 DEBUG 18288 --- [biblioteca-ms-libros] [           main] o.h.e.t.internal.TransactionImpl         : begin
2024-10-19T19:09:44.662-03:00 DEBUG 18288 --- [biblioteca-ms-libros] [           main] o.s.orm.jpa.JpaTransactionManager        : Exposing JPA transaction as JDBC [org.springframework.orm.jpa.vendor.HibernateJpaDialect$HibernateConnectionHandle@34d776eb]
2024-10-19T19:09:44.664-03:00 DEBUG 18288 --- [biblioteca-ms-libros] [           main] o.s.t.c.transaction.TransactionContext   : Began transaction (1) for test class [com.example.biblioteca_ms_libros.repository.LibroRepositoryTest]; test method [obtenerLibroPorIdTest]; transaction manager [org.springframework.orm.jpa.JpaTransactionManager@8c940e2]; rollback [true]
2024-10-19T19:09:44.664-03:00 DEBUG 18288 --- [biblioteca-ms-libros] [           main] org.springframework.test.context.cache   : Spring test ApplicationContext cache statistics: [DefaultContextCache@1418a1bd size = 3, maxSize = 32, parentContextCount = 0, hitCount = 39, missCount = 3, failureCount = 0]
2024-10-19T19:09:44.665-03:00 DEBUG 18288 --- [biblioteca-ms-libros] [           main] org.springframework.test.context.cache   : Spring test ApplicationContext cache statistics: [DefaultContextCache@1418a1bd size = 3, maxSize = 32, parentContextCount = 0, hitCount = 40, missCount = 3, failureCount = 0]
2024-10-19T19:09:44.669-03:00 DEBUG 18288 --- [biblioteca-ms-libros] [           main] org.springframework.test.context.cache   : Spring test ApplicationContext cache statistics: [DefaultContextCache@1418a1bd size = 3, maxSize = 32, parentContextCount = 0, hitCount = 41, missCount = 3, failureCount = 0]
2024-10-19T19:09:44.679-03:00 DEBUG 18288 --- [biblioteca-ms-libros] [           main] o.s.orm.jpa.JpaTransactionManager        : Found thread-bound EntityManager [SessionImpl(1774922092<open>)] for JPA transaction
2024-10-19T19:09:44.679-03:00 DEBUG 18288 --- [biblioteca-ms-libros] [           main] o.s.orm.jpa.JpaTransactionManager        : Participating in existing transaction
2024-10-19T19:09:44.685-03:00 DEBUG 18288 --- [biblioteca-ms-libros] [           main] o.h.j.internal.PersistenceUnitUtilImpl   : jakarta.persistence.PersistenceUnitUtil.getIdentifier is only intended to work with enhanced entities (although Hibernate also adapts this support to its proxies); however the passed entity was not enhanced (nor a proxy).. may not be able to read identifier
2024-10-19T19:09:44.708-03:00 DEBUG 18288 --- [biblioteca-ms-libros] [           main] org.hibernate.engine.spi.ActionQueue     : Executing identity-insert immediately
2024-10-19T19:09:44.734-03:00 DEBUG 18288 --- [biblioteca-ms-libros] [           main] org.hibernate.SQL                        : insert into libros (anno_publicacion,autor,genero,titulo,id_libro) values (?,?,?,?,default)
Hibernate: insert into libros (anno_publicacion,autor,genero,titulo,id_libro) values (?,?,?,?,default)
2024-10-19T19:09:44.791-03:00 DEBUG 18288 --- [biblioteca-ms-libros] [           main] org.hibernate.orm.results                : Initializer list is empty
2024-10-19T19:09:44.795-03:00 DEBUG 18288 --- [biblioteca-ms-libros] [           main] org.hibernate.orm.results.loading        : Calling top-level assembler (0 / 1) : org.hibernate.sql.results.graph.basic.BasicResultAssembler@6e13e2fc
2024-10-19T19:09:44.795-03:00 DEBUG 18288 --- [biblioteca-ms-libros] [           main] org.hibernate.orm.results                : Extracted JDBC value [0] - [7]
2024-10-19T19:09:44.795-03:00 DEBUG 18288 --- [biblioteca-ms-libros] [           main] o.h.id.IdentifierGeneratorHelper         : Extracted generated values [com.example.biblioteca_ms_libros.model.Libro]: [Ljava.lang.Object;@2a3ced3d
2024-10-19T19:09:44.804-03:00 DEBUG 18288 --- [biblioteca-ms-libros] [           main] o.s.orm.jpa.JpaTransactionManager        : Found thread-bound EntityManager [SessionImpl(1774922092<open>)] for JPA transaction
2024-10-19T19:09:44.804-03:00 DEBUG 18288 --- [biblioteca-ms-libros] [           main] o.s.orm.jpa.JpaTransactionManager        : Participating in existing transaction
2024-10-19T19:09:44.814-03:00 DEBUG 18288 --- [biblioteca-ms-libros] [           main] org.springframework.test.context.cache   : Spring test ApplicationContext cache statistics: [DefaultContextCache@1418a1bd size = 3, maxSize = 32, parentContextCount = 0, hitCount = 42, missCount = 3, failureCount = 0]
2024-10-19T19:09:44.814-03:00 DEBUG 18288 --- [biblioteca-ms-libros] [           main] org.springframework.test.context.cache   : Spring test ApplicationContext cache statistics: [DefaultContextCache@1418a1bd size = 3, maxSize = 32, parentContextCount = 0, hitCount = 43, missCount = 3, failureCount = 0]
2024-10-19T19:09:44.814-03:00 DEBUG 18288 --- [biblioteca-ms-libros] [           main] org.springframework.test.context.cache   : Spring test ApplicationContext cache statistics: [DefaultContextCache@1418a1bd size = 3, maxSize = 32, parentContextCount = 0, hitCount = 44, missCount = 3, failureCount = 0]
2024-10-19T19:09:44.814-03:00 DEBUG 18288 --- [biblioteca-ms-libros] [           main] org.springframework.test.context.cache   : Spring test ApplicationContext cache statistics: [DefaultContextCache@1418a1bd size = 3, maxSize = 32, parentContextCount = 0, hitCount = 45, missCount = 3, failureCount = 0]
2024-10-19T19:09:44.814-03:00 DEBUG 18288 --- [biblioteca-ms-libros] [           main] org.springframework.test.context.cache   : Spring test ApplicationContext cache statistics: [DefaultContextCache@1418a1bd size = 3, maxSize = 32, parentContextCount = 0, hitCount = 46, missCount = 3, failureCount = 0]
2024-10-19T19:09:44.814-03:00 DEBUG 18288 --- [biblioteca-ms-libros] [           main] org.springframework.test.context.cache   : Spring test ApplicationContext cache statistics: [DefaultContextCache@1418a1bd size = 3, maxSize = 32, parentContextCount = 0, hitCount = 47, missCount = 3, failureCount = 0]
2024-10-19T19:09:44.816-03:00 DEBUG 18288 --- [biblioteca-ms-libros] [           main] o.s.orm.jpa.JpaTransactionManager        : Initiating transaction rollback
2024-10-19T19:09:44.816-03:00 DEBUG 18288 --- [biblioteca-ms-libros] [           main] o.s.orm.jpa.JpaTransactionManager        : Rolling back JPA transaction on EntityManager [SessionImpl(1774922092<open>)]
2024-10-19T19:09:44.816-03:00 DEBUG 18288 --- [biblioteca-ms-libros] [           main] o.h.e.t.internal.TransactionImpl         : rolling back
2024-10-19T19:09:44.825-03:00 DEBUG 18288 --- [biblioteca-ms-libros] [           main] o.s.orm.jpa.JpaTransactionManager        : Closing JPA EntityManager [SessionImpl(1774922092<open>)] after transaction
2024-10-19T19:09:44.827-03:00 DEBUG 18288 --- [biblioteca-ms-libros] [           main] o.s.t.c.transaction.TransactionContext   : Rolled back transaction (1) for test class [com.example.biblioteca_ms_libros.repository.LibroRepositoryTest]; test method [obtenerLibroPorIdTest]
2024-10-19T19:09:44.827-03:00 DEBUG 18288 --- [biblioteca-ms-libros] [           main] .c.s.DirtiesContextTestExecutionListener : After test method: class [LibroRepositoryTest], method [obtenerLibroPorIdTest], class annotated with @DirtiesContext [false] with mode [null], method annotated with @DirtiesContext [false] with mode [null]
]]></system-out>
  </testcase>
  <testcase name="guardarLibroTest" classname="com.example.biblioteca_ms_libros.repository.LibroRepositoryTest" time="0.045">
    <system-out><![CDATA[2024-10-19T19:09:44.830-03:00 DEBUG 18288 --- [biblioteca-ms-libros] [           main] DependencyInjectionTestExecutionListener : Performing dependency injection for test class com.example.biblioteca_ms_libros.repository.LibroRepositoryTest
2024-10-19T19:09:44.831-03:00 DEBUG 18288 --- [biblioteca-ms-libros] [           main] org.springframework.test.context.cache   : Spring test ApplicationContext cache statistics: [DefaultContextCache@1418a1bd size = 3, maxSize = 32, parentContextCount = 0, hitCount = 48, missCount = 3, failureCount = 0]
2024-10-19T19:09:44.833-03:00 DEBUG 18288 --- [biblioteca-ms-libros] [           main] org.springframework.test.context.cache   : Spring test ApplicationContext cache statistics: [DefaultContextCache@1418a1bd size = 3, maxSize = 32, parentContextCount = 0, hitCount = 49, missCount = 3, failureCount = 0]
2024-10-19T19:09:44.835-03:00 DEBUG 18288 --- [biblioteca-ms-libros] [           main] sContextBeforeModesTestExecutionListener : Before test method: class [LibroRepositoryTest], method [guardarLibroTest], class annotated with @DirtiesContext [false] with mode [null], method annotated with @DirtiesContext [false] with mode [null]
2024-10-19T19:09:44.836-03:00 DEBUG 18288 --- [biblioteca-ms-libros] [           main] t.c.t.TransactionalTestExecutionListener : Explicit transaction definition [PROPAGATION_REQUIRED,ISOLATION_DEFAULT] found for test class [com.example.biblioteca_ms_libros.repository.LibroRepositoryTest] and test method [guardarLibroTest]
2024-10-19T19:09:44.837-03:00 DEBUG 18288 --- [biblioteca-ms-libros] [           main] org.springframework.test.context.cache   : Spring test ApplicationContext cache statistics: [DefaultContextCache@1418a1bd size = 3, maxSize = 32, parentContextCount = 0, hitCount = 50, missCount = 3, failureCount = 0]
2024-10-19T19:09:44.837-03:00 DEBUG 18288 --- [biblioteca-ms-libros] [           main] t.c.t.TransactionalTestExecutionListener : No method-level @Rollback override: using default rollback [true] for test method [public void com.example.biblioteca_ms_libros.repository.LibroRepositoryTest.guardarLibroTest()]
2024-10-19T19:09:44.837-03:00 DEBUG 18288 --- [biblioteca-ms-libros] [           main] o.s.orm.jpa.JpaTransactionManager        : Creating new transaction with name [com.example.biblioteca_ms_libros.repository.LibroRepositoryTest.guardarLibroTest]: PROPAGATION_REQUIRED,ISOLATION_DEFAULT
2024-10-19T19:09:44.837-03:00 DEBUG 18288 --- [biblioteca-ms-libros] [           main] o.s.orm.jpa.JpaTransactionManager        : Opened new EntityManager [SessionImpl(1176748243<open>)] for JPA transaction
2024-10-19T19:09:44.838-03:00 DEBUG 18288 --- [biblioteca-ms-libros] [           main] o.h.e.t.internal.TransactionImpl         : On TransactionImpl creation, JpaCompliance#isJpaTransactionComplianceEnabled == false
2024-10-19T19:09:44.838-03:00 DEBUG 18288 --- [biblioteca-ms-libros] [           main] o.h.e.t.internal.TransactionImpl         : begin
2024-10-19T19:09:44.838-03:00 DEBUG 18288 --- [biblioteca-ms-libros] [           main] o.s.orm.jpa.JpaTransactionManager        : Exposing JPA transaction as JDBC [org.springframework.orm.jpa.vendor.HibernateJpaDialect$HibernateConnectionHandle@7c7335dc]
2024-10-19T19:09:44.838-03:00 DEBUG 18288 --- [biblioteca-ms-libros] [           main] o.s.t.c.transaction.TransactionContext   : Began transaction (1) for test class [com.example.biblioteca_ms_libros.repository.LibroRepositoryTest]; test method [guardarLibroTest]; transaction manager [org.springframework.orm.jpa.JpaTransactionManager@8c940e2]; rollback [true]
2024-10-19T19:09:44.838-03:00 DEBUG 18288 --- [biblioteca-ms-libros] [           main] org.springframework.test.context.cache   : Spring test ApplicationContext cache statistics: [DefaultContextCache@1418a1bd size = 3, maxSize = 32, parentContextCount = 0, hitCount = 51, missCount = 3, failureCount = 0]
2024-10-19T19:09:44.838-03:00 DEBUG 18288 --- [biblioteca-ms-libros] [           main] org.springframework.test.context.cache   : Spring test ApplicationContext cache statistics: [DefaultContextCache@1418a1bd size = 3, maxSize = 32, parentContextCount = 0, hitCount = 52, missCount = 3, failureCount = 0]
2024-10-19T19:09:44.839-03:00 DEBUG 18288 --- [biblioteca-ms-libros] [           main] org.springframework.test.context.cache   : Spring test ApplicationContext cache statistics: [DefaultContextCache@1418a1bd size = 3, maxSize = 32, parentContextCount = 0, hitCount = 53, missCount = 3, failureCount = 0]
2024-10-19T19:09:44.839-03:00 DEBUG 18288 --- [biblioteca-ms-libros] [           main] o.s.orm.jpa.JpaTransactionManager        : Found thread-bound EntityManager [SessionImpl(1176748243<open>)] for JPA transaction
2024-10-19T19:09:44.839-03:00 DEBUG 18288 --- [biblioteca-ms-libros] [           main] o.s.orm.jpa.JpaTransactionManager        : Participating in existing transaction
2024-10-19T19:09:44.839-03:00 DEBUG 18288 --- [biblioteca-ms-libros] [           main] o.h.j.internal.PersistenceUnitUtilImpl   : jakarta.persistence.PersistenceUnitUtil.getIdentifier is only intended to work with enhanced entities (although Hibernate also adapts this support to its proxies); however the passed entity was not enhanced (nor a proxy).. may not be able to read identifier
2024-10-19T19:09:44.839-03:00 DEBUG 18288 --- [biblioteca-ms-libros] [           main] org.hibernate.engine.spi.ActionQueue     : Executing identity-insert immediately
2024-10-19T19:09:44.841-03:00 DEBUG 18288 --- [biblioteca-ms-libros] [           main] org.hibernate.SQL                        : insert into libros (anno_publicacion,autor,genero,titulo,id_libro) values (?,?,?,?,default)
Hibernate: insert into libros (anno_publicacion,autor,genero,titulo,id_libro) values (?,?,?,?,default)
2024-10-19T19:09:44.857-03:00 DEBUG 18288 --- [biblioteca-ms-libros] [           main] org.hibernate.orm.results                : Initializer list is empty
2024-10-19T19:09:44.857-03:00 DEBUG 18288 --- [biblioteca-ms-libros] [           main] org.hibernate.orm.results.loading        : Calling top-level assembler (0 / 1) : org.hibernate.sql.results.graph.basic.BasicResultAssembler@26753687
2024-10-19T19:09:44.857-03:00 DEBUG 18288 --- [biblioteca-ms-libros] [           main] org.hibernate.orm.results                : Extracted JDBC value [0] - [8]
2024-10-19T19:09:44.857-03:00 DEBUG 18288 --- [biblioteca-ms-libros] [           main] o.h.id.IdentifierGeneratorHelper         : Extracted generated values [com.example.biblioteca_ms_libros.model.Libro]: [Ljava.lang.Object;@765650e4
2024-10-19T19:09:44.858-03:00 DEBUG 18288 --- [biblioteca-ms-libros] [           main] org.springframework.test.context.cache   : Spring test ApplicationContext cache statistics: [DefaultContextCache@1418a1bd size = 3, maxSize = 32, parentContextCount = 0, hitCount = 54, missCount = 3, failureCount = 0]
2024-10-19T19:09:44.858-03:00 DEBUG 18288 --- [biblioteca-ms-libros] [           main] org.springframework.test.context.cache   : Spring test ApplicationContext cache statistics: [DefaultContextCache@1418a1bd size = 3, maxSize = 32, parentContextCount = 0, hitCount = 55, missCount = 3, failureCount = 0]
2024-10-19T19:09:44.858-03:00 DEBUG 18288 --- [biblioteca-ms-libros] [           main] org.springframework.test.context.cache   : Spring test ApplicationContext cache statistics: [DefaultContextCache@1418a1bd size = 3, maxSize = 32, parentContextCount = 0, hitCount = 56, missCount = 3, failureCount = 0]
2024-10-19T19:09:44.858-03:00 DEBUG 18288 --- [biblioteca-ms-libros] [           main] org.springframework.test.context.cache   : Spring test ApplicationContext cache statistics: [DefaultContextCache@1418a1bd size = 3, maxSize = 32, parentContextCount = 0, hitCount = 57, missCount = 3, failureCount = 0]
2024-10-19T19:09:44.858-03:00 DEBUG 18288 --- [biblioteca-ms-libros] [           main] org.springframework.test.context.cache   : Spring test ApplicationContext cache statistics: [DefaultContextCache@1418a1bd size = 3, maxSize = 32, parentContextCount = 0, hitCount = 58, missCount = 3, failureCount = 0]
2024-10-19T19:09:44.860-03:00 DEBUG 18288 --- [biblioteca-ms-libros] [           main] org.springframework.test.context.cache   : Spring test ApplicationContext cache statistics: [DefaultContextCache@1418a1bd size = 3, maxSize = 32, parentContextCount = 0, hitCount = 59, missCount = 3, failureCount = 0]
2024-10-19T19:09:44.860-03:00 DEBUG 18288 --- [biblioteca-ms-libros] [           main] o.s.orm.jpa.JpaTransactionManager        : Initiating transaction rollback
2024-10-19T19:09:44.860-03:00 DEBUG 18288 --- [biblioteca-ms-libros] [           main] o.s.orm.jpa.JpaTransactionManager        : Rolling back JPA transaction on EntityManager [SessionImpl(1176748243<open>)]
2024-10-19T19:09:44.860-03:00 DEBUG 18288 --- [biblioteca-ms-libros] [           main] o.h.e.t.internal.TransactionImpl         : rolling back
2024-10-19T19:09:44.878-03:00 DEBUG 18288 --- [biblioteca-ms-libros] [           main] o.s.orm.jpa.JpaTransactionManager        : Closing JPA EntityManager [SessionImpl(1176748243<open>)] after transaction
2024-10-19T19:09:44.878-03:00 DEBUG 18288 --- [biblioteca-ms-libros] [           main] o.s.t.c.transaction.TransactionContext   : Rolled back transaction (1) for test class [com.example.biblioteca_ms_libros.repository.LibroRepositoryTest]; test method [guardarLibroTest]
2024-10-19T19:09:44.878-03:00 DEBUG 18288 --- [biblioteca-ms-libros] [           main] .c.s.DirtiesContextTestExecutionListener : After test method: class [LibroRepositoryTest], method [guardarLibroTest], class annotated with @DirtiesContext [false] with mode [null], method annotated with @DirtiesContext [false] with mode [null]
]]></system-out>
  </testcase>
</testsuite>